###############################################################################
#
# IAR C/C++ Compiler V9.30.1.3056 for 8051                21/Apr/2017  17:48:39
# Copyright 2004-2015 IAR Systems AB.
#
#    Core               =  plain
#    Code model         =  banked
#    Data model         =  large
#    Calling convention =  xdata reentrant
#    Constant location  =  data_rom
#    Dptr setup         =  1,16
#                          
#    Source file        =  
#        C:\Texas Instruments\Z-Stack Mesh 1.0.0_chaokw_20160317\Z-Stack Mesh
#        1.0.0_chaokw_20160316\Z-Stack Mesh 1.0.0_LCDOK\Z-Stack Mesh
#        1.0.0\Components\hal\target\CC2530EB\hal_key.c
#    Command line       =  
#        -f "C:\Texas Instruments\Z-Stack Mesh 1.0.0_chaokw_20160317\Z-Stack
#        Mesh 1.0.0_chaokw_20160316\Z-Stack Mesh 1.0.0_LCDOK\Z-Stack Mesh
#        1.0.0\Projects\zstack\Samples\GenericApp\CC2530DB\..\..\..\Tools\CC2530DB\f8wRouter.cfg"
#        (-DCPU32MHZ -DROOT=__near_func -DMAC_CFG_APP_PENDING_QUEUE=TRUE
#        -DMAC_CFG_TX_DATA_MAX=5 -DMAC_CFG_TX_MAX=8 -DMAC_CFG_RX_MAX=5
#        -DRTR_NWK) -f "C:\Texas Instruments\Z-Stack Mesh
#        1.0.0_chaokw_20160317\Z-Stack Mesh 1.0.0_chaokw_20160316\Z-Stack Mesh
#        1.0.0_LCDOK\Z-Stack Mesh
#        1.0.0\Projects\zstack\Samples\GenericApp\CC2530DB\..\..\..\Tools\CC2530DB\f8wConfig.cfg"
#        (-DZIGBEEPRO -DSECURE=1 -DZG_SECURE_DYNAMIC=0 -DREFLECTOR
#        -DDEFAULT_CHANLIST=0x04000000 -DZDAPP_CONFIG_PAN_ID=0x0085
#        -DNWK_START_DELAY=100 -DEXTENDED_JOINING_RANDOM_MASK=0x007F
#        -DBEACON_REQUEST_DELAY=100 -DBEACON_REQ_DELAY_MASK=0x00FF
#        -DLINK_STATUS_JITTER_MASK=0x007F -DROUTE_EXPIRY_TIME=30
#        -DAPSC_ACK_WAIT_DURATION_POLLED=3000 -DNWK_INDIRECT_MSG_TIMEOUT=7
#        -DMAX_RREQ_ENTRIES=8 -DAPSC_MAX_FRAME_RETRIES=5
#        -DNWK_MAX_DATA_RETRIES=2 -DMAX_POLL_FAILURE_RETRIES=2 -DMAX_BCAST=9
#        -DAPS_MAX_GROUPS=16 -DMAX_RTG_ENTRIES=40 -DNWK_MAX_BINDING_ENTRIES=4
#        -DMAX_BINDING_CLUSTER_IDS=4 "-DDEFAULT_KEY={0x01, 0x03, 0x05, 0x07,
#        0x09, 0x0B, 0x0D, 0x0F, 0x00, 0x02, 0x04, 0x06, 0x08, 0x0A, 0x0C,
#        0x0D}" -DMAC_MAX_FRAME_SIZE=116 -DZDNWKMGR_MIN_TRANSMISSIONS=20
#        "-DCONST=const __code" -DGENERIC=__generic -DRFD_RCVC_ALWAYS_ON=FALSE
#        -DPOLL_RATE=1000 -DQUEUED_POLL_RATE=100 -DRESPONSE_POLL_RATE=100
#        -DREJOIN_POLL_RATE=440) -DCHANNEL_CNT=0x01 "C:\Texas
#        Instruments\Z-Stack Mesh 1.0.0_chaokw_20160317\Z-Stack Mesh
#        1.0.0_chaokw_20160316\Z-Stack Mesh 1.0.0_LCDOK\Z-Stack Mesh
#        1.0.0\Components\hal\target\CC2530EB\hal_key.c" -D ZTOOL_P1 -D MT_TASK
#        -D MT_SYS_FUNC -D MT_ZDO_FUNC -D LCD_SUPPORTED=DEBUG -D xNV_RESTORE -D
#        NV_INIT -D OPEN_FCS -D PANID_INCREASE -lC "C:\Texas
#        Instruments\Z-Stack Mesh 1.0.0_chaokw_20160317\Z-Stack Mesh
#        1.0.0_chaokw_20160316\Z-Stack Mesh 1.0.0_LCDOK\Z-Stack Mesh
#        1.0.0\Projects\zstack\Samples\GenericApp\CC2530DB\RouterEB\List" -lA
#        "C:\Texas Instruments\Z-Stack Mesh 1.0.0_chaokw_20160317\Z-Stack Mesh
#        1.0.0_chaokw_20160316\Z-Stack Mesh 1.0.0_LCDOK\Z-Stack Mesh
#        1.0.0\Projects\zstack\Samples\GenericApp\CC2530DB\RouterEB\List"
#        --diag_suppress Pe001,Pa010 -o "C:\Texas Instruments\Z-Stack Mesh
#        1.0.0_chaokw_20160317\Z-Stack Mesh 1.0.0_chaokw_20160316\Z-Stack Mesh
#        1.0.0_LCDOK\Z-Stack Mesh
#        1.0.0\Projects\zstack\Samples\GenericApp\CC2530DB\RouterEB\Obj" -e
#        --no_cse --no_unroll --no_inline --no_code_motion --no_tbaa --debug
#        --core=plain --dptr=16,1 --data_model=large --code_model=banked
#        --calling_convention=xdata_reentrant --place_constants=data_rom
#        --nr_virtual_regs 16 -I "C:\Texas Instruments\Z-Stack Mesh
#        1.0.0_chaokw_20160317\Z-Stack Mesh 1.0.0_chaokw_20160316\Z-Stack Mesh
#        1.0.0_LCDOK\Z-Stack Mesh
#        1.0.0\Projects\zstack\Samples\GenericApp\CC2530DB\" -I "C:\Texas
#        Instruments\Z-Stack Mesh 1.0.0_chaokw_20160317\Z-Stack Mesh
#        1.0.0_chaokw_20160316\Z-Stack Mesh 1.0.0_LCDOK\Z-Stack Mesh
#        1.0.0\Projects\zstack\Samples\GenericApp\CC2530DB\..\Source\" -I
#        "C:\Texas Instruments\Z-Stack Mesh 1.0.0_chaokw_20160317\Z-Stack Mesh
#        1.0.0_chaokw_20160316\Z-Stack Mesh 1.0.0_LCDOK\Z-Stack Mesh
#        1.0.0\Projects\zstack\Samples\GenericApp\CC2530DB\..\..\..\Application\"
#        -I "C:\Texas Instruments\Z-Stack Mesh 1.0.0_chaokw_20160317\Z-Stack
#        Mesh 1.0.0_chaokw_20160316\Z-Stack Mesh 1.0.0_LCDOK\Z-Stack Mesh
#        1.0.0\Projects\zstack\Samples\GenericApp\CC2530DB\..\..\..\ZMain\TI2530DB\"
#        -I "C:\Texas Instruments\Z-Stack Mesh 1.0.0_chaokw_20160317\Z-Stack
#        Mesh 1.0.0_chaokw_20160316\Z-Stack Mesh 1.0.0_LCDOK\Z-Stack Mesh
#        1.0.0\Projects\zstack\Samples\GenericApp\CC2530DB\..\..\..\..\..\Components\hal\include\"
#        -I "C:\Texas Instruments\Z-Stack Mesh 1.0.0_chaokw_20160317\Z-Stack
#        Mesh 1.0.0_chaokw_20160316\Z-Stack Mesh 1.0.0_LCDOK\Z-Stack Mesh
#        1.0.0\Projects\zstack\Samples\GenericApp\CC2530DB\..\..\..\..\..\Components\hal\target\CC2530EB\"
#        -I "C:\Texas Instruments\Z-Stack Mesh 1.0.0_chaokw_20160317\Z-Stack
#        Mesh 1.0.0_chaokw_20160316\Z-Stack Mesh 1.0.0_LCDOK\Z-Stack Mesh
#        1.0.0\Projects\zstack\Samples\GenericApp\CC2530DB\..\..\..\..\..\Components\mac\include\"
#        -I "C:\Texas Instruments\Z-Stack Mesh 1.0.0_chaokw_20160317\Z-Stack
#        Mesh 1.0.0_chaokw_20160316\Z-Stack Mesh 1.0.0_LCDOK\Z-Stack Mesh
#        1.0.0\Projects\zstack\Samples\GenericApp\CC2530DB\..\..\..\..\..\Components\mac\high_level\"
#        -I "C:\Texas Instruments\Z-Stack Mesh 1.0.0_chaokw_20160317\Z-Stack
#        Mesh 1.0.0_chaokw_20160316\Z-Stack Mesh 1.0.0_LCDOK\Z-Stack Mesh
#        1.0.0\Projects\zstack\Samples\GenericApp\CC2530DB\..\..\..\..\..\Components\mac\low_level\srf04\"
#        -I "C:\Texas Instruments\Z-Stack Mesh 1.0.0_chaokw_20160317\Z-Stack
#        Mesh 1.0.0_chaokw_20160316\Z-Stack Mesh 1.0.0_LCDOK\Z-Stack Mesh
#        1.0.0\Projects\zstack\Samples\GenericApp\CC2530DB\..\..\..\..\..\Components\mac\low_level\srf04\single_chip\"
#        -I "C:\Texas Instruments\Z-Stack Mesh 1.0.0_chaokw_20160317\Z-Stack
#        Mesh 1.0.0_chaokw_20160316\Z-Stack Mesh 1.0.0_LCDOK\Z-Stack Mesh
#        1.0.0\Projects\zstack\Samples\GenericApp\CC2530DB\..\..\..\..\..\Components\mt\"
#        -I "C:\Texas Instruments\Z-Stack Mesh 1.0.0_chaokw_20160317\Z-Stack
#        Mesh 1.0.0_chaokw_20160316\Z-Stack Mesh 1.0.0_LCDOK\Z-Stack Mesh
#        1.0.0\Projects\zstack\Samples\GenericApp\CC2530DB\..\..\..\..\..\Components\osal\include\"
#        -I "C:\Texas Instruments\Z-Stack Mesh 1.0.0_chaokw_20160317\Z-Stack
#        Mesh 1.0.0_chaokw_20160316\Z-Stack Mesh 1.0.0_LCDOK\Z-Stack Mesh
#        1.0.0\Projects\zstack\Samples\GenericApp\CC2530DB\..\..\..\..\..\Components\services\saddr\"
#        -I "C:\Texas Instruments\Z-Stack Mesh 1.0.0_chaokw_20160317\Z-Stack
#        Mesh 1.0.0_chaokw_20160316\Z-Stack Mesh 1.0.0_LCDOK\Z-Stack Mesh
#        1.0.0\Projects\zstack\Samples\GenericApp\CC2530DB\..\..\..\..\..\Components\services\sdata\"
#        -I "C:\Texas Instruments\Z-Stack Mesh 1.0.0_chaokw_20160317\Z-Stack
#        Mesh 1.0.0_chaokw_20160316\Z-Stack Mesh 1.0.0_LCDOK\Z-Stack Mesh
#        1.0.0\Projects\zstack\Samples\GenericApp\CC2530DB\..\..\..\..\..\Components\stack\af\"
#        -I "C:\Texas Instruments\Z-Stack Mesh 1.0.0_chaokw_20160317\Z-Stack
#        Mesh 1.0.0_chaokw_20160316\Z-Stack Mesh 1.0.0_LCDOK\Z-Stack Mesh
#        1.0.0\Projects\zstack\Samples\GenericApp\CC2530DB\..\..\..\..\..\Components\stack\nwk\"
#        -I "C:\Texas Instruments\Z-Stack Mesh 1.0.0_chaokw_20160317\Z-Stack
#        Mesh 1.0.0_chaokw_20160316\Z-Stack Mesh 1.0.0_LCDOK\Z-Stack Mesh
#        1.0.0\Projects\zstack\Samples\GenericApp\CC2530DB\..\..\..\..\..\Components\stack\sapi\"
#        -I "C:\Texas Instruments\Z-Stack Mesh 1.0.0_chaokw_20160317\Z-Stack
#        Mesh 1.0.0_chaokw_20160316\Z-Stack Mesh 1.0.0_LCDOK\Z-Stack Mesh
#        1.0.0\Projects\zstack\Samples\GenericApp\CC2530DB\..\..\..\..\..\Components\stack\sec\"
#        -I "C:\Texas Instruments\Z-Stack Mesh 1.0.0_chaokw_20160317\Z-Stack
#        Mesh 1.0.0_chaokw_20160316\Z-Stack Mesh 1.0.0_LCDOK\Z-Stack Mesh
#        1.0.0\Projects\zstack\Samples\GenericApp\CC2530DB\..\..\..\..\..\Components\stack\sys\"
#        -I "C:\Texas Instruments\Z-Stack Mesh 1.0.0_chaokw_20160317\Z-Stack
#        Mesh 1.0.0_chaokw_20160316\Z-Stack Mesh 1.0.0_LCDOK\Z-Stack Mesh
#        1.0.0\Projects\zstack\Samples\GenericApp\CC2530DB\..\..\..\..\..\Components\stack\zdo\"
#        -I "C:\Texas Instruments\Z-Stack Mesh 1.0.0_chaokw_20160317\Z-Stack
#        Mesh 1.0.0_chaokw_20160316\Z-Stack Mesh 1.0.0_LCDOK\Z-Stack Mesh
#        1.0.0\Projects\zstack\Samples\GenericApp\CC2530DB\..\..\..\..\..\Components\zmac\"
#        -I "C:\Texas Instruments\Z-Stack Mesh 1.0.0_chaokw_20160317\Z-Stack
#        Mesh 1.0.0_chaokw_20160316\Z-Stack Mesh 1.0.0_LCDOK\Z-Stack Mesh
#        1.0.0\Projects\zstack\Samples\GenericApp\CC2530DB\..\..\..\..\..\Components\zmac\f8w\"
#        -On --require_prototypes
#    List file          =  
#        C:\Texas Instruments\Z-Stack Mesh 1.0.0_chaokw_20160317\Z-Stack Mesh
#        1.0.0_chaokw_20160316\Z-Stack Mesh 1.0.0_LCDOK\Z-Stack Mesh
#        1.0.0\Projects\zstack\Samples\GenericApp\CC2530DB\RouterEB\List\hal_key.lst
#    Object file        =  
#        C:\Texas Instruments\Z-Stack Mesh 1.0.0_chaokw_20160317\Z-Stack Mesh
#        1.0.0_chaokw_20160316\Z-Stack Mesh 1.0.0_LCDOK\Z-Stack Mesh
#        1.0.0\Projects\zstack\Samples\GenericApp\CC2530DB\RouterEB\Obj\hal_key.r51
#
###############################################################################

C:\Texas Instruments\Z-Stack Mesh 1.0.0_chaokw_20160317\Z-Stack Mesh 1.0.0_chaokw_20160316\Z-Stack Mesh 1.0.0_LCDOK\Z-Stack Mesh 1.0.0\Components\hal\target\CC2530EB\hal_key.c
      1          /**************************************************************************************************
      2            Filename:       hal_key.c
      3            Revised:        $Date: 2010-09-15 19:02:45 -0700 (Wed, 15 Sep 2010) $
      4            Revision:       $Revision: 23815 $
      5          
      6            Description:    This file contains the interface to the HAL KEY Service.
      7          
      8          
      9            Copyright 2006-2010 Texas Instruments Incorporated. All rights reserved.
     10          
     11            IMPORTANT: Your use of this Software is limited to those specific rights
     12            granted under the terms of a software license agreement between the user
     13            who downloaded the software, his/her employer (which must be your employer)
     14            and Texas Instruments Incorporated (the "License").  You may not use this
     15            Software unless you agree to abide by the terms of the License. The License
     16            limits your use, and you acknowledge, that the Software may not be modified,
     17            copied or distributed unless embedded on a Texas Instruments microcontroller
     18            or used solely and exclusively in conjunction with a Texas Instruments radio
     19            frequency transceiver, which is integrated into your product.  Other than for
     20            the foregoing purpose, you may not use, reproduce, copy, prepare derivative
     21            works of, modify, distribute, perform, display or sell this Software and/or
     22            its documentation for any purpose.
     23          
     24            YOU FURTHER ACKNOWLEDGE AND AGREE THAT THE SOFTWARE AND DOCUMENTATION ARE
     25            PROVIDED “AS IS” WITHOUT WARRANTY OF ANY KIND, EITHER EXPRESS OR IMPLIED,
     26            INCLUDING WITHOUT LIMITATION, ANY WARRANTY OF MERCHANTABILITY, TITLE,
     27            NON-INFRINGEMENT AND FITNESS FOR A PARTICULAR PURPOSE. IN NO EVENT SHALL
     28            TEXAS INSTRUMENTS OR ITS LICENSORS BE LIABLE OR OBLIGATED UNDER CONTRACT,
     29            NEGLIGENCE, STRICT LIABILITY, CONTRIBUTION, BREACH OF WARRANTY, OR OTHER
     30            LEGAL EQUITABLE THEORY ANY DIRECT OR INDIRECT DAMAGES OR EXPENSES
     31            INCLUDING BUT NOT LIMITED TO ANY INCIDENTAL, SPECIAL, INDIRECT, PUNITIVE
     32            OR CONSEQUENTIAL DAMAGES, LOST PROFITS OR LOST DATA, COST OF PROCUREMENT
     33            OF SUBSTITUTE GOODS, TECHNOLOGY, SERVICES, OR ANY CLAIMS BY THIRD PARTIES
     34            (INCLUDING BUT NOT LIMITED TO ANY DEFENSE THEREOF), OR OTHER SIMILAR COSTS.
     35          
     36            Should you have any questions regarding your right to use this Software,
     37            contact Texas Instruments Incorporated at www.TI.com.
     38          **************************************************************************************************/
     39          /*********************************************************************
     40           NOTE: If polling is used, the hal_driver task schedules the KeyRead()
     41                 to occur every 100ms.  This should be long enough to naturally
     42                 debounce the keys.  The KeyRead() function remembers the key
     43                 state of the previous poll and will only return a non-zero
     44                 value if the key state changes.
     45          
     46           NOTE: If interrupts are used, the KeyRead() function is scheduled
     47                 25ms after the interrupt occurs by the ISR.  This delay is used
     48                 for key debouncing.  The ISR disables any further Key interrupt
     49                 until KeyRead() is executed.  KeyRead() will re-enable Key
     50                 interrupts after executing.  Unlike polling, when interrupts
     51                 are enabled, the previous key state is not remembered.  This
     52                 means that KeyRead() will return the current state of the keys
     53                 (not a change in state of the keys).
     54          
     55           NOTE: If interrupts are used, the KeyRead() fucntion is scheduled by
     56                 the ISR.  Therefore, the joystick movements will only be detected
     57                 during a pushbutton interrupt caused by S1 or the center joystick
     58                 pushbutton.
     59          
     60           NOTE: When a switch like S1 is pushed, the S1 signal goes from a normally
     61                 high state to a low state.  This transition is typically clean.  The
     62                 duration of the low state is around 200ms.  When the signal returns
     63                 to the high state, there is a high likelihood of signal bounce, which
     64                 causes a unwanted interrupts.  Normally, we would set the interrupt
     65                 edge to falling edge to generate an interrupt when S1 is pushed, but
     66                 because of the signal bounce, it is better to set the edge to rising
     67                 edge to generate an interrupt when S1 is released.  The debounce logic
     68                 can then filter out the signal bounce.  The result is that we typically
     69                 get only 1 interrupt per button push.  This mechanism is not totally
     70                 foolproof because occasionally, signal bound occurs during the falling
     71                 edge as well.  A similar mechanism is used to handle the joystick
     72                 pushbutton on the DB.  For the EB, we do not have independent control
     73                 of the interrupt edge for the S1 and center joystick pushbutton.  As
     74                 a result, only one or the other pushbuttons work reasonably well with
     75                 interrupts.  The default is the make the S1 switch on the EB work more
     76                 reliably.
     77          
     78          *********************************************************************/
     79          
     80          /**************************************************************************************************
     81           *                                            INCLUDES
     82           **************************************************************************************************/
     83          #include "hal_mcu.h"

   \                                 In  segment SFR_AN, at 0x80
   \   union <unnamed> volatile __sfr _A_P0
   \                     _A_P0:
   \   000000                DS 1

   \                                 In  segment SFR_AN, at 0x89
   \   unsigned char volatile __sfr P0IFG
   \                     P0IFG:
   \   000000                DS 1

   \                                 In  segment SFR_AN, at 0x8b
   \   unsigned char volatile __sfr P2IFG
   \                     P2IFG:
   \   000000                DS 1

   \                                 In  segment SFR_AN, at 0x8c
   \   unsigned char volatile __sfr PICTL
   \                     PICTL:
   \   000000                DS 1

   \                                 In  segment SFR_AN, at 0xab
   \   unsigned char volatile __sfr P0IEN
   \                     P0IEN:
   \   000000                DS 1

   \                                 In  segment SFR_AN, at 0xb8
   \   union <unnamed> volatile __sfr _A_IEN1
   \                     _A_IEN1:
   \   000000                DS 1

   \                                 In  segment SFR_AN, at 0xc0
   \   union <unnamed> volatile __sfr _A_IRCON
   \                     _A_IRCON:
   \   000000                DS 1

   \                                 In  segment SFR_AN, at 0xe8
   \   union <unnamed> volatile __sfr _A_IRCON2
   \                     _A_IRCON2:
   \   000000                DS 1

   \                                 In  segment SFR_AN, at 0xf3
   \   unsigned char volatile __sfr P0SEL
   \                     P0SEL:
   \   000000                DS 1

   \                                 In  segment SFR_AN, at 0xfd
   \   unsigned char volatile __sfr P0DIR
   \                     P0DIR:
   \   000000                DS 1
     84          #include "hal_defs.h"
     85          #include "hal_types.h"
     86          #include "hal_board.h"
     87          #include "hal_drivers.h"
     88          #include "hal_adc.h"
     89          #include "hal_key.h"
     90          #include "osal.h"
     91          
     92          #if (defined HAL_KEY) && (HAL_KEY == TRUE)
     93          
     94          /**************************************************************************************************
     95           *                                              MACROS
     96           **************************************************************************************************/
     97          
     98          /**************************************************************************************************
     99           *                                            CONSTANTS
    100           **************************************************************************************************/
    101          #define HAL_KEY_RISING_EDGE   0
    102          #define HAL_KEY_FALLING_EDGE  1
    103          
    104          #define HAL_KEY_DEBOUNCE_VALUE  25
    105          #define HAL_KEY_POLLING_VALUE   100
    106          
    107          /* CPU port interrupt */
    108          #define HAL_KEY_CPU_PORT_0_IF P0IF
    109          #define HAL_KEY_CPU_PORT_2_IF P2IF
    110          
    111          /* SW_6 is at P0.5 */
    112          #define HAL_KEY_SW_6_PORT   P0
    113          #define HAL_KEY_SW_6_BIT    BV(5)
    114          #define HAL_KEY_SW_6_SEL    P0SEL
    115          #define HAL_KEY_SW_6_DIR    P0DIR
    116          
    117          /* edge interrupt */
    118          #define HAL_KEY_SW_6_EDGEBIT  BV(0) //P0ICON
    119          #define HAL_KEY_SW_6_EDGE     HAL_KEY_FALLING_EDGE
    120          
    121          
    122          /* SW_6 interrupts */
    123          #define HAL_KEY_SW_6_IEN      IEN1  /* CPU interrupt mask register */
    124          #define HAL_KEY_SW_6_IENBIT   BV(5) /* Mask bit for all of Port_0 */
    125          #define HAL_KEY_SW_6_ICTL     P0IEN /* Port Interrupt Control register */
    126          #define HAL_KEY_SW_6_ICTLBIT  BV(5) /* P0IEN - P0.1 enable/disable bit */
    127          #define HAL_KEY_SW_6_PXIFG    P0IFG /* Interrupt flag at source */
    128          
    129          #define HAL_KEY_SW_7_EN     TRUE
    130          
    131          /* SW_7 is at P0.4 */
    132          #define HAL_KEY_SW_7_PORT   P0
    133          #define HAL_KEY_SW_7_BIT    BV(4)
    134          #define HAL_KEY_SW_7_SEL    P0SEL
    135          #define HAL_KEY_SW_7_DIR    P0DIR
    136          
    137          /* edge interrupt */
    138          #define HAL_KEY_SW_7_EDGEBIT  BV(0) //P0ICON
    139          #define HAL_KEY_SW_7_EDGE     HAL_KEY_FALLING_EDGE
    140          
    141          
    142          /* SW_7 interrupts */
    143          #define HAL_KEY_SW_7_IEN      IEN1  /* CPU interrupt mask register */
    144          #define HAL_KEY_SW_7_IENBIT   BV(5) /* Mask bit for all of Port_0 */
    145          #define HAL_KEY_SW_7_ICTL     P0IEN /* Port Interrupt Control register */
    146          #define HAL_KEY_SW_7_ICTLBIT  BV(4) /* P0IEN - P0.1 enable/disable bit */
    147          #define HAL_KEY_SW_7_PXIFG    P0IFG /* Interrupt flag at source */
    148          
    149          
    150          
    151          /* Joy stick move at P2.0 */
    152          #define HAL_KEY_JOY_MOVE_PORT   P2
    153          #define HAL_KEY_JOY_MOVE_BIT    BV(0)
    154          #define HAL_KEY_JOY_MOVE_SEL    P2SEL
    155          #define HAL_KEY_JOY_MOVE_DIR    P2DIR
    156          
    157          /* edge interrupt */
    158          #define HAL_KEY_JOY_MOVE_EDGEBIT  BV(3)
    159          #define HAL_KEY_JOY_MOVE_EDGE     HAL_KEY_FALLING_EDGE
    160          
    161          /* Joy move interrupts */
    162          #define HAL_KEY_JOY_MOVE_IEN      IEN2  /* CPU interrupt mask register */
    163          #define HAL_KEY_JOY_MOVE_IENBIT   BV(1) /* Mask bit for all of Port_2 */
    164          #define HAL_KEY_JOY_MOVE_ICTL     P2IEN /* Port Interrupt Control register */
    165          #define HAL_KEY_JOY_MOVE_ICTLBIT  BV(0) /* P2IENL - P2.0<->P2.3 enable/disable bit */
    166          #define HAL_KEY_JOY_MOVE_PXIFG    P2IFG /* Interrupt flag at source */
    167          
    168          #define HAL_KEY_JOY_CHN   HAL_ADC_CHANNEL_6
    169          
    170          
    171          /**************************************************************************************************
    172           *                                            TYPEDEFS
    173           **************************************************************************************************/
    174          
    175          
    176          /**************************************************************************************************
    177           *                                        GLOBAL VARIABLES
    178           **************************************************************************************************/

   \                                 In  segment XDATA_Z, align 1, keep-with-next
    179          static uint8 halKeySavedKeys;     /* used to store previous key state in polling mode */
   \                     halKeySavedKeys:
   \   000000                DS 1
   \   000001                REQUIRE __INIT_XDATA_Z

   \                                 In  segment XDATA_Z, align 1, keep-with-next
    180          static halKeyCBack_t pHalKeyProcessFunction;
   \                     pHalKeyProcessFunction:
   \   000000                DS 2
   \   000002                REQUIRE __INIT_XDATA_Z

   \                                 In  segment XDATA_Z, align 1, keep-with-next
    181          static uint8 HalKeyConfigured;
   \                     HalKeyConfigured:
   \   000000                DS 1
   \   000001                REQUIRE __INIT_XDATA_Z

   \                                 In  segment XDATA_Z, align 1, keep-with-next
    182          bool Hal_KeyIntEnable;            /* interrupt enable/disable flag */
   \                     Hal_KeyIntEnable:
   \   000000                DS 1
   \   000001                REQUIRE __INIT_XDATA_Z
    183          
    184          /**************************************************************************************************
    185           *                                        FUNCTIONS - Local
    186           **************************************************************************************************/
    187          void halProcessKeyInterrupt(void);
    188          uint8 halGetJoyKeyInput(void);
    189          
    190          
    191          
    192          /**************************************************************************************************
    193           *                                        FUNCTIONS - API
    194           **************************************************************************************************/
    195          
    196          
    197          /**************************************************************************************************
    198           * @fn      HalKeyInit
    199           *
    200           * @brief   Initilize Key Service
    201           *
    202           * @param   none
    203           *
    204           * @return  None
    205           **************************************************************************************************/

   \                                 In  segment BANKED_CODE, align 1, keep-with-next
    206          void HalKeyInit( void )
   \                     HalKeyInit:
    207          {
   \   000000   C082         PUSH    DPL
   \   000002   C083         PUSH    DPH
   \   000004                ; Saved register size: 2
   \   000004                ; Auto size: 0
    208            /* Initialize previous key to 0 */
    209            halKeySavedKeys = 0;
   \   000004   90....       MOV     DPTR,#halKeySavedKeys
   \   000007   7400         MOV     A,#0x0
   \   000009   F0           MOVX    @DPTR,A
    210          
    211            HAL_KEY_SW_6_SEL &= ~(HAL_KEY_SW_6_BIT);    /* Set pin function to GPIO */
   \   00000A   53F3DF       ANL     0xf3,#0xdf
    212            HAL_KEY_SW_6_DIR &= ~(HAL_KEY_SW_6_BIT);    /* Set pin direction to Input */
   \   00000D   53FDDF       ANL     0xfd,#0xdf
    213            
    214            HAL_KEY_SW_7_SEL &= ~(HAL_KEY_SW_7_BIT);    /* Set pin function to GPIO */
   \   000010   53F3EF       ANL     0xf3,#0xef
    215            HAL_KEY_SW_7_DIR &= ~(HAL_KEY_SW_7_BIT);    /* Set pin direction to Input */
   \   000013   53FDEF       ANL     0xfd,#0xef
    216          
    217           // HAL_KEY_JOY_MOVE_SEL &= ~(HAL_KEY_JOY_MOVE_BIT); /* Set pin function to GPIO */
    218          //  HAL_KEY_JOY_MOVE_DIR &= ~(HAL_KEY_JOY_MOVE_BIT); /* Set pin direction to Input */
    219          
    220          
    221            /* Initialize callback function */
    222            pHalKeyProcessFunction  = NULL;
   \   000016   90....       MOV     DPTR,#pHalKeyProcessFunction
   \   000019   7400         MOV     A,#0x0
   \   00001B   F0           MOVX    @DPTR,A
   \   00001C   A3           INC     DPTR
   \   00001D   7400         MOV     A,#0x0
   \   00001F   F0           MOVX    @DPTR,A
    223          
    224            /* Start with key is not configured */
    225            HalKeyConfigured = FALSE;
   \   000020   90....       MOV     DPTR,#HalKeyConfigured
   \   000023   7400         MOV     A,#0x0
   \   000025   F0           MOVX    @DPTR,A
    226          }
   \   000026   D083         POP     DPH
   \   000028   D082         POP     DPL
   \   00002A   02....       LJMP    ?BRET
   \   00002D                REQUIRE P0SEL
   \   00002D                REQUIRE P0DIR
    227          
    228          
    229          /**************************************************************************************************
    230           * @fn      HalKeyConfig
    231           *
    232           * @brief   Configure the Key serivce
    233           *
    234           * @param   interruptEnable - TRUE/FALSE, enable/disable interrupt
    235           *          cback - pointer to the CallBack function
    236           *
    237           * @return  None
    238           **************************************************************************************************/

   \                                 In  segment BANKED_CODE, align 1, keep-with-next
    239          void HalKeyConfig (bool interruptEnable, halKeyCBack_t cback)
   \                     HalKeyConfig:
    240          {
   \   000000                REQUIRE ?V0
   \   000000   74F7         MOV     A,#-0x9
   \   000002   12....       LCALL   ?BANKED_ENTER_XDATA
   \   000005                ; Saved register size: 9
   \   000005                ; Auto size: 0
   \   000005   89..         MOV     ?V0,R1
   \   000007   EA           MOV     A,R2
   \   000008   FE           MOV     R6,A
   \   000009   EB           MOV     A,R3
   \   00000A   FF           MOV     R7,A
    241            /* Enable/Disable Interrupt or */
    242            Hal_KeyIntEnable = interruptEnable;
   \   00000B   E5..         MOV     A,?V0
   \   00000D   90....       MOV     DPTR,#Hal_KeyIntEnable
   \   000010   F0           MOVX    @DPTR,A
    243          
    244            /* Register the callback fucntion */
    245            pHalKeyProcessFunction = cback;
   \   000011   90....       MOV     DPTR,#pHalKeyProcessFunction
   \   000014   EE           MOV     A,R6
   \   000015   F0           MOVX    @DPTR,A
   \   000016   A3           INC     DPTR
   \   000017   EF           MOV     A,R7
   \   000018   F0           MOVX    @DPTR,A
    246          
    247            /* Determine if interrupt is enable or not */
    248            if (Hal_KeyIntEnable)
   \   000019   90....       MOV     DPTR,#Hal_KeyIntEnable
   \   00001C   E0           MOVX    A,@DPTR
   \   00001D   6033         JZ      ??HalKeyConfig_0
    249            {
    250              /* Rising/Falling edge configuratinn */
    251          
    252              PICTL &= ~(HAL_KEY_SW_6_EDGEBIT);    /* Clear the edge bit */
   \   00001F   538CFE       ANL     0x8c,#0xfe
    253              /* For falling edge, the bit must be set. */
    254            #if (HAL_KEY_SW_6_EDGE == HAL_KEY_FALLING_EDGE)
    255              PICTL |= HAL_KEY_SW_6_EDGEBIT;
   \   000022   438C01       ORL     0x8c,#0x1
    256            #endif
    257              PICTL &= ~(HAL_KEY_SW_7_EDGEBIT);    /* Clear the edge bit */
   \   000025   538CFE       ANL     0x8c,#0xfe
    258              /* For falling edge, the bit must be set. */
    259            #if (HAL_KEY_SW_7_EDGE == HAL_KEY_FALLING_EDGE)
    260              PICTL |= HAL_KEY_SW_7_EDGEBIT;
   \   000028   438C01       ORL     0x8c,#0x1
    261            #endif
    262          
    263          
    264          
    265              /* Interrupt configuration:
    266               * - Enable interrupt generation at the port
    267               * - Enable CPU interrupt
    268               * - Clear any pending interrupt
    269               */
    270              HAL_KEY_SW_6_ICTL |= HAL_KEY_SW_6_ICTLBIT;
   \   00002B   43AB20       ORL     0xab,#0x20
    271              HAL_KEY_SW_6_IEN |= HAL_KEY_SW_6_IENBIT;
   \   00002E   D2BD         SETB    0xb8.5
    272              HAL_KEY_SW_6_PXIFG = ~(HAL_KEY_SW_6_BIT);
   \   000030   7589DF       MOV     0x89,#-0x21
    273          
    274              HAL_KEY_SW_7_ICTL |= HAL_KEY_SW_7_ICTLBIT;
   \   000033   43AB10       ORL     0xab,#0x10
    275              HAL_KEY_SW_7_IEN |= HAL_KEY_SW_7_IENBIT;
   \   000036   D2BD         SETB    0xb8.5
    276              HAL_KEY_SW_7_PXIFG = ~(HAL_KEY_SW_7_BIT);
   \   000038   7589EF       MOV     0x89,#-0x11
    277          
    278          
    279              /* Rising/Falling edge configuratinn */
    280          
    281            //  HAL_KEY_JOY_MOVE_ICTL &= ~(HAL_KEY_JOY_MOVE_EDGEBIT);    /* Clear the edge bit */
    282              /* For falling edge, the bit must be set. */
    283            #if (HAL_KEY_JOY_MOVE_EDGE == HAL_KEY_FALLING_EDGE)
    284            //  HAL_KEY_JOY_MOVE_ICTL |= HAL_KEY_JOY_MOVE_EDGEBIT;
    285            #endif
    286          
    287          
    288              /* Interrupt configuration:
    289               * - Enable interrupt generation at the port
    290               * - Enable CPU interrupt
    291               * - Clear any pending interrupt
    292               */
    293             // HAL_KEY_JOY_MOVE_ICTL |= HAL_KEY_JOY_MOVE_ICTLBIT;
    294            //  HAL_KEY_JOY_MOVE_IEN |= HAL_KEY_JOY_MOVE_IENBIT;
    295            //  HAL_KEY_JOY_MOVE_PXIFG = ~(HAL_KEY_JOY_MOVE_BIT);
    296          
    297          
    298              /* Do this only after the hal_key is configured - to work with sleep stuff */
    299              if (HalKeyConfigured == TRUE)
   \   00003B   90....       MOV     DPTR,#HalKeyConfigured
   \   00003E   E0           MOVX    A,@DPTR
   \   00003F   6401         XRL     A,#0x1
   \   000041   7031         JNZ     ??HalKeyConfig_1
    300              {
    301                osal_stop_timerEx( Hal_TaskID, HAL_KEY_EVENT);  /* Cancel polling if active */
   \   000043                ; Setup parameters for call to function osal_stop_timerEx
   \   000043   7A10         MOV     R2,#0x10
   \   000045   7B00         MOV     R3,#0x0
   \   000047   90....       MOV     DPTR,#Hal_TaskID
   \   00004A   E0           MOVX    A,@DPTR
   \   00004B   F9           MOV     R1,A
   \   00004C   12....       LCALL   `??osal_stop_timerEx::?relay`; Banked call to: osal_stop_timerEx
   \   00004F   E9           MOV     A,R1
   \   000050   8022         SJMP    ??HalKeyConfig_1
    302              }
    303            }
    304            else    /* Interrupts NOT enabled */
    305            {
    306              HAL_KEY_SW_6_ICTL &= ~(HAL_KEY_SW_6_ICTLBIT); /* don't generate interrupt   */
   \                     ??HalKeyConfig_0:
   \   000052   53ABDF       ANL     0xab,#0xdf
    307              HAL_KEY_SW_6_IEN &= ~(HAL_KEY_SW_6_IENBIT);   /* Clear interrupt enable bit */
   \   000055   C2BD         CLR     0xb8.5
    308              HAL_KEY_SW_7_ICTL &= ~(HAL_KEY_SW_7_ICTLBIT); /* don't generate interrupt   */
   \   000057   53ABEF       ANL     0xab,#0xef
    309              HAL_KEY_SW_7_IEN &= ~(HAL_KEY_SW_7_IENBIT);   /* Clear interrupt enable bit */
   \   00005A   C2BD         CLR     0xb8.5
    310          
    311              osal_start_timerEx (Hal_TaskID, HAL_KEY_EVENT, HAL_KEY_POLLING_VALUE);    /* Kick off polling */
   \   00005C                ; Setup parameters for call to function osal_start_timerEx
   \   00005C   90....       MOV     DPTR,#__Constant_64
   \   00005F   12....       LCALL   ?PUSH_XSTACK8_X_FOUR
   \   000062   7A10         MOV     R2,#0x10
   \   000064   7B00         MOV     R3,#0x0
   \   000066   90....       MOV     DPTR,#Hal_TaskID
   \   000069   E0           MOVX    A,@DPTR
   \   00006A   F9           MOV     R1,A
   \   00006B   12....       LCALL   `??osal_start_timerEx::?relay`; Banked call to: osal_start_timerEx
   \   00006E   7404         MOV     A,#0x4
   \   000070   12....       LCALL   ?DEALLOC_XSTACK8
   \   000073   E9           MOV     A,R1
    312            }
    313          
    314            /* Key now is configured */
    315            HalKeyConfigured = TRUE;
   \                     ??HalKeyConfig_1:
   \   000074   90....       MOV     DPTR,#HalKeyConfigured
   \   000077   7401         MOV     A,#0x1
   \   000079   F0           MOVX    @DPTR,A
    316          }
   \   00007A   7F01         MOV     R7,#0x1
   \   00007C   02....       LJMP    ?BANKED_LEAVE_XDATA
   \   00007F                REQUIRE PICTL
   \   00007F                REQUIRE P0IEN
   \   00007F                REQUIRE _A_IEN1
   \   00007F                REQUIRE P0IFG
    317          
    318          
    319          /**************************************************************************************************
    320           * @fn      HalKeyRead
    321           *
    322           * @brief   Read the current value of a key
    323           *
    324           * @param   None
    325           *
    326           * @return  keys - current keys status
    327           **************************************************************************************************/

   \                                 In  segment BANKED_CODE, align 1, keep-with-next
    328          uint8 HalKeyRead ( void )
   \                     HalKeyRead:
    329          {
   \   000000   74F7         MOV     A,#-0x9
   \   000002   12....       LCALL   ?BANKED_ENTER_XDATA
   \   000005                ; Saved register size: 9
   \   000005                ; Auto size: 0
    330            uint8 keys = 0;
   \   000005   7E00         MOV     R6,#0x0
    331          
    332          #if 0  // porint on WXL board by lihao 20150722
    333          #ifdef HAL_BOARD_CC2530EB_REV17
    334            if ( (HAL_KEY_SW_6_PORT & HAL_KEY_SW_6_BIT))    /* Key is active high */
    335          #elif defined (HAL_BOARD_CC2530EB_REV13)
    336            if (!(HAL_KEY_SW_6_PORT & HAL_KEY_SW_6_BIT))    /* Key is active low */
    337          #endif
    338            {
    339              keys |= HAL_KEY_SW_6;
    340            }
    341          #ifdef HAL_BOARD_CC2530EB_REV17
    342            if ( (HAL_KEY_SW_7_PORT & HAL_KEY_SW_7_BIT))    /* Key is active high */
    343          #elif defined (HAL_BOARD_CC2530EB_REV13)
    344            if (!(HAL_KEY_SW_7_PORT & HAL_KEY_SW_7_BIT))    /* Key is active low */
    345          #endif
    346            {
    347              keys |= HAL_KEY_SW_7;
    348            }
    349          #endif
    350          
    351           // if ((HAL_KEY_JOY_MOVE_PORT & HAL_KEY_JOY_MOVE_BIT))  /* Key is active low */
    352            {
    353              keys |= halGetJoyKeyInput();
   \   000007                ; Setup parameters for call to function halGetJoyKeyInput
   \   000007   12....       LCALL   `??halGetJoyKeyInput::?relay`; Banked call to: halGetJoyKeyInput
   \   00000A   E9           MOV     A,R1
   \   00000B   CE           XCH     A,R6
   \   00000C   4E           ORL     A,R6
   \   00000D   CE           XCH     A,R6
    354            }
    355          
    356            return keys;
   \   00000E   EE           MOV     A,R6
   \   00000F   F9           MOV     R1,A
   \   000010   7F01         MOV     R7,#0x1
   \   000012   02....       LJMP    ?BANKED_LEAVE_XDATA
    357          }
    358          
    359          
    360          /**************************************************************************************************
    361           * @fn      HalKeyPoll
    362           *
    363           * @brief   Called by hal_driver to poll the keys
    364           *
    365           * @param   None
    366           *
    367           * @return  None
    368           **************************************************************************************************/

   \                                 In  segment XDATA_Z, align 1, keep-with-next
    369          uint8 ii6;
   \                     ii6:
   \   000000                DS 1
   \   000001                REQUIRE __INIT_XDATA_Z

   \                                 In  segment XDATA_Z, align 1, keep-with-next
    370          uint8 ii7;
   \                     ii7:
   \   000000                DS 1
   \   000001                REQUIRE __INIT_XDATA_Z
    371          

   \                                 In  segment BANKED_CODE, align 1, keep-with-next
    372          void HalKeyPoll (void)
   \                     HalKeyPoll:
    373          {
   \   000000   74F7         MOV     A,#-0x9
   \   000002   12....       LCALL   ?BANKED_ENTER_XDATA
   \   000005                ; Saved register size: 9
   \   000005                ; Auto size: 0
    374            uint8 keys = 0;
   \   000005   7E00         MOV     R6,#0x0
    375          
    376            ii6 = HAL_KEY_SW_6_BIT;
   \   000007   90....       MOV     DPTR,#ii6
   \   00000A   7420         MOV     A,#0x20
   \   00000C   F0           MOVX    @DPTR,A
    377            ii7 = HAL_KEY_SW_7_BIT;
   \   00000D   90....       MOV     DPTR,#ii7
   \   000010   7410         MOV     A,#0x10
   \   000012   F0           MOVX    @DPTR,A
    378            
    379            if (!(HAL_KEY_SW_6_PORT & HAL_KEY_SW_6_BIT))    /* Key is active low */
   \   000013   A285         MOV     C,0x80.5
   \   000015   4005         JC      ??HalKeyPoll_0
    380            {
    381              keys |= HAL_KEY_SW_6;
   \   000017   D3           SETB    C
   \   000018   EE           MOV     A,R6
   \   000019   92E5         MOV     0xE0 /* A   */.5,C
   \   00001B   FE           MOV     R6,A
    382            }
    383            if (!(HAL_KEY_SW_7_PORT & HAL_KEY_SW_7_BIT))    /* Key is active low */
   \                     ??HalKeyPoll_0:
   \   00001C   A284         MOV     C,0x80.4
   \   00001E   4005         JC      ??HalKeyPoll_1
    384            {
    385              keys |= HAL_KEY_SW_7;
   \   000020   D3           SETB    C
   \   000021   EE           MOV     A,R6
   \   000022   92E6         MOV     0xE0 /* A   */.6,C
   \   000024   FE           MOV     R6,A
    386            }
    387          
    388           // if ((HAL_KEY_JOY_MOVE_PORT & HAL_KEY_JOY_MOVE_BIT))  /* Key is active HIGH */
    389            {
    390              keys |= halGetJoyKeyInput();
   \                     ??HalKeyPoll_1:
   \   000025                ; Setup parameters for call to function halGetJoyKeyInput
   \   000025   12....       LCALL   `??halGetJoyKeyInput::?relay`; Banked call to: halGetJoyKeyInput
   \   000028   E9           MOV     A,R1
   \   000029   CE           XCH     A,R6
   \   00002A   4E           ORL     A,R6
   \   00002B   CE           XCH     A,R6
    391            }
    392          
    393            /* If interrupts are not enabled, previous key status and current key status
    394             * are compared to find out if a key has changed status.
    395             */
    396            if (!Hal_KeyIntEnable)
   \   00002C   90....       MOV     DPTR,#Hal_KeyIntEnable
   \   00002F   E0           MOVX    A,@DPTR
   \   000030   700C         JNZ     ??HalKeyPoll_2
    397            {
    398              if (keys == halKeySavedKeys)
   \   000032   90....       MOV     DPTR,#halKeySavedKeys
   \   000035   E0           MOVX    A,@DPTR
   \   000036   6E           XRL     A,R6
   \   000037   6026         JZ      ??HalKeyPoll_3
    399              {
    400                /* Exit - since no keys have changed */
    401                return;
    402              }
    403              /* Store the current keys for comparation next time */
    404              halKeySavedKeys = keys;
   \   000039   EE           MOV     A,R6
   \   00003A   90....       MOV     DPTR,#halKeySavedKeys
   \   00003D   F0           MOVX    @DPTR,A
    405            }
    406            else
    407            {
    408              /* Key interrupt handled here */
    409            }
    410          
    411            /* Invoke Callback if new keys were depressed */
    412            if (keys && (pHalKeyProcessFunction))
   \                     ??HalKeyPoll_2:
   \   00003E   EE           MOV     A,R6
   \   00003F   601E         JZ      ??HalKeyPoll_3
   \   000041   90....       MOV     DPTR,#pHalKeyProcessFunction
   \   000044   E0           MOVX    A,@DPTR
   \   000045   F8           MOV     R0,A
   \   000046   A3           INC     DPTR
   \   000047   E0           MOVX    A,@DPTR
   \   000048   F9           MOV     R1,A
   \   000049   E8           MOV     A,R0
   \   00004A   49           ORL     A,R1
   \   00004B   6012         JZ      ??HalKeyPoll_3
    413            {
    414              (pHalKeyProcessFunction) (keys, HAL_KEY_STATE_NORMAL);
   \   00004D                ; Setup parameters for indirect call
   \   00004D   7A00         MOV     R2,#0x0
   \   00004F   EE           MOV     A,R6
   \   000050   F9           MOV     R1,A
   \   000051   90....       MOV     DPTR,#pHalKeyProcessFunction
   \   000054   E0           MOVX    A,@DPTR
   \   000055   F8           MOV     R0,A
   \   000056   A3           INC     DPTR
   \   000057   E0           MOVX    A,@DPTR
   \   000058   F583         MOV     DPH,A
   \   00005A   8882         MOV     DPL,R0
   \   00005C   12....       LCALL   ?CALL_IND
    415            }
    416          }
   \                     ??HalKeyPoll_3:
   \   00005F   7F01         MOV     R7,#0x1
   \   000061   02....       LJMP    ?BANKED_LEAVE_XDATA
   \   000064                REQUIRE _A_P0
    417          
    418          /**************************************************************************************************
    419           * @fn      halGetJoyKeyInput
    420           *
    421           * @brief   Map the ADC value to its corresponding key.
    422           *
    423           * @param   None
    424           *
    425           * @return  keys - current joy key status
    426           **************************************************************************************************/

   \                                 In  segment XDATA_Z, align 1, keep-with-next
    427          uint8 ii=0;
   \                     ii:
   \   000000                DS 1
   \   000001                REQUIRE __INIT_XDATA_Z
    428          

   \                                 In  segment BANKED_CODE, align 1, keep-with-next
    429          uint8 halGetJoyKeyInput(void)
   \                     halGetJoyKeyInput:
    430          {
   \   000000                REQUIRE ?V0
   \   000000   74F7         MOV     A,#-0x9
   \   000002   12....       LCALL   ?BANKED_ENTER_XDATA
   \   000005                ; Saved register size: 9
   \   000005                ; Auto size: 0
    431            /* The joystick control is encoded as an analog voltage.
    432             * Read the JOY_LEVEL analog value and map it to joy movement.
    433             */
    434            uint8 adc;
    435            uint8 ksave0 = 0;
   \   000005   7E00         MOV     R6,#0x0
    436            uint8 ksave1;
    437          
    438            /* Keep on reading the ADC until two consecutive key decisions are the same. */
    439            do
    440            {
    441              ksave1 = ksave0;    /* save previouse key reading */
   \                     ??halGetJoyKeyInput_0:
   \   000007   8E..         MOV     ?V0,R6
    442          
    443              adc = HalAdcRead (HAL_KEY_JOY_CHN, HAL_ADC_RESOLUTION_8);
   \   000009                ; Setup parameters for call to function HalAdcRead
   \   000009   7A01         MOV     R2,#0x1
   \   00000B   7906         MOV     R1,#0x6
   \   00000D   12....       LCALL   `??HalAdcRead::?relay`; Banked call to: HalAdcRead
   \   000010   EA           MOV     A,R2
   \   000011   FF           MOV     R7,A
    444          
    445              if(adc<120)
   \   000012   EF           MOV     A,R7
   \   000013   C3           CLR     C
   \   000014   9478         SUBB    A,#0x78
   \   000016   5007         JNC     ??halGetJoyKeyInput_1
    446              {
    447                ii++;
   \   000018   90....       MOV     DPTR,#ii
   \   00001B   E0           MOVX    A,@DPTR
   \   00001C   2401         ADD     A,#0x1
   \   00001E   F0           MOVX    @DPTR,A
    448              }
    449              
    450              if ((adc >= 28) && (adc <= 58))
   \                     ??halGetJoyKeyInput_1:
   \   00001F   EF           MOV     A,R7
   \   000020   C3           CLR     C
   \   000021   941C         SUBB    A,#0x1c
   \   000023   400D         JC      ??halGetJoyKeyInput_2
   \   000025   EF           MOV     A,R7
   \   000026   C3           CLR     C
   \   000027   943B         SUBB    A,#0x3b
   \   000029   5007         JNC     ??halGetJoyKeyInput_2
    451              {
    452                 ksave0 |= HAL_KEY_LEFT;//HAL_KEY_UP;
   \   00002B   D3           SETB    C
   \   00002C   EE           MOV     A,R6
   \   00002D   92E3         MOV     0xE0 /* A   */.3,C
   \   00002F   FE           MOV     R6,A
   \   000030   8031         SJMP    ??halGetJoyKeyInput_3
    453              }
    454              else if ((adc < 28))
   \                     ??halGetJoyKeyInput_2:
   \   000032   EF           MOV     A,R7
   \   000033   C3           CLR     C
   \   000034   941C         SUBB    A,#0x1c
   \   000036   5007         JNC     ??halGetJoyKeyInput_4
    455              {
    456                ksave0 |= HAL_KEY_RIGHT;
   \   000038   D3           SETB    C
   \   000039   EE           MOV     A,R6
   \   00003A   92E1         MOV     0xE0 /* A   */.1,C
   \   00003C   FE           MOV     R6,A
   \   00003D   8024         SJMP    ??halGetJoyKeyInput_3
    457              }
    458              else if ((adc >= 60) && (adc <= 78))
   \                     ??halGetJoyKeyInput_4:
   \   00003F   EF           MOV     A,R7
   \   000040   C3           CLR     C
   \   000041   943C         SUBB    A,#0x3c
   \   000043   400D         JC      ??halGetJoyKeyInput_5
   \   000045   EF           MOV     A,R7
   \   000046   C3           CLR     C
   \   000047   944F         SUBB    A,#0x4f
   \   000049   5007         JNC     ??halGetJoyKeyInput_5
    459              {
    460                ksave0 |= HAL_KEY_DOWN;//HAL_KEY_LEFT;
   \   00004B   D3           SETB    C
   \   00004C   EE           MOV     A,R6
   \   00004D   92E4         MOV     0xE0 /* A   */.4,C
   \   00004F   FE           MOV     R6,A
   \   000050   8011         SJMP    ??halGetJoyKeyInput_3
    461              }
    462              else if ((adc >= 80) && (adc <= 100))
   \                     ??halGetJoyKeyInput_5:
   \   000052   EF           MOV     A,R7
   \   000053   C3           CLR     C
   \   000054   9450         SUBB    A,#0x50
   \   000056   400B         JC      ??halGetJoyKeyInput_3
   \   000058   EF           MOV     A,R7
   \   000059   C3           CLR     C
   \   00005A   9465         SUBB    A,#0x65
   \   00005C   5005         JNC     ??halGetJoyKeyInput_3
    463              {
    464                ksave0 |= HAL_KEY_UP;//HAL_KEY_CENTER;
   \   00005E   D3           SETB    C
   \   00005F   EE           MOV     A,R6
   \   000060   92E0         MOV     0xE0 /* A   */.0,C
   \   000062   FE           MOV     R6,A
    465              }
    466            } while (ksave0 != ksave1);
   \                     ??halGetJoyKeyInput_3:
   \   000063   E5..         MOV     A,?V0
   \   000065   6E           XRL     A,R6
   \   000066   709F         JNZ     ??halGetJoyKeyInput_0
    467          
    468            return ksave0;
   \   000068   EE           MOV     A,R6
   \   000069   F9           MOV     R1,A
   \   00006A   7F01         MOV     R7,#0x1
   \   00006C   02....       LJMP    ?BANKED_LEAVE_XDATA
    469          }
    470          
    471          
    472          
    473          
    474          
    475          /**************************************************************************************************
    476           * @fn      halProcessKeyInterrupt
    477           *
    478           * @brief   Checks to see if it's a valid key interrupt, saves interrupt driven key states for
    479           *          processing by HalKeyRead(), and debounces keys by scheduling HalKeyRead() 25ms later.
    480           *
    481           * @param
    482           *
    483           * @return
    484           **************************************************************************************************/

   \                                 In  segment BANKED_CODE, align 1, keep-with-next
    485          void halProcessKeyInterrupt (void)
   \                     halProcessKeyInterrupt:
    486          {
   \   000000   74F7         MOV     A,#-0x9
   \   000002   12....       LCALL   ?BANKED_ENTER_XDATA
   \   000005                ; Saved register size: 9
   \   000005                ; Auto size: 0
    487            bool valid=FALSE;
   \   000005   7E00         MOV     R6,#0x0
    488          
    489            if (HAL_KEY_SW_6_PXIFG & HAL_KEY_SW_6_BIT)  /* Interrupt Flag has been set */
   \   000007   E589         MOV     A,0x89
   \   000009   A2E5         MOV     C,0xE0 /* A   */.5
   \   00000B   5005         JNC     ??halProcessKeyInterrupt_0
    490            {
    491              HAL_KEY_SW_6_PXIFG = ~(HAL_KEY_SW_6_BIT); /* Clear Interrupt Flag */
   \   00000D   7589DF       MOV     0x89,#-0x21
    492              valid = TRUE;
   \   000010   7E01         MOV     R6,#0x1
    493            }
    494            if (HAL_KEY_SW_7_PXIFG & HAL_KEY_SW_7_BIT)  /* Interrupt Flag has been set */
   \                     ??halProcessKeyInterrupt_0:
   \   000012   E589         MOV     A,0x89
   \   000014   A2E4         MOV     C,0xE0 /* A   */.4
   \   000016   5005         JNC     ??halProcessKeyInterrupt_1
    495            {
    496              HAL_KEY_SW_7_PXIFG = ~(HAL_KEY_SW_7_BIT); /* Clear Interrupt Flag */
   \   000018   7589EF       MOV     0x89,#-0x11
    497              valid = TRUE;
   \   00001B   7E01         MOV     R6,#0x1
    498            }
    499          
    500            if (HAL_KEY_JOY_MOVE_PXIFG & HAL_KEY_JOY_MOVE_BIT)  /* Interrupt Flag has been set */
   \                     ??halProcessKeyInterrupt_1:
   \   00001D   E58B         MOV     A,0x8b
   \   00001F   A2E0         MOV     C,0xE0 /* A   */.0
   \   000021   5005         JNC     ??halProcessKeyInterrupt_2
    501            {
    502              HAL_KEY_JOY_MOVE_PXIFG = ~(HAL_KEY_JOY_MOVE_BIT); /* Clear Interrupt Flag */
   \   000023   758BFE       MOV     0x8b,#-0x2
    503              valid = TRUE;
   \   000026   7E01         MOV     R6,#0x1
    504            }
    505          
    506            if (valid)
   \                     ??halProcessKeyInterrupt_2:
   \   000028   EE           MOV     A,R6
   \   000029   6018         JZ      ??halProcessKeyInterrupt_3
    507            {
    508              osal_start_timerEx (Hal_TaskID, HAL_KEY_EVENT, HAL_KEY_DEBOUNCE_VALUE);
   \   00002B                ; Setup parameters for call to function osal_start_timerEx
   \   00002B   90....       MOV     DPTR,#__Constant_19
   \   00002E   12....       LCALL   ?PUSH_XSTACK8_X_FOUR
   \   000031   7A10         MOV     R2,#0x10
   \   000033   7B00         MOV     R3,#0x0
   \   000035   90....       MOV     DPTR,#Hal_TaskID
   \   000038   E0           MOVX    A,@DPTR
   \   000039   F9           MOV     R1,A
   \   00003A   12....       LCALL   `??osal_start_timerEx::?relay`; Banked call to: osal_start_timerEx
   \   00003D   7404         MOV     A,#0x4
   \   00003F   12....       LCALL   ?DEALLOC_XSTACK8
   \   000042   E9           MOV     A,R1
    509            }
    510          }
   \                     ??halProcessKeyInterrupt_3:
   \   000043   7F01         MOV     R7,#0x1
   \   000045   02....       LJMP    ?BANKED_LEAVE_XDATA
   \   000048                REQUIRE P0IFG
   \   000048                REQUIRE P2IFG
    511          
    512          /**************************************************************************************************
    513           * @fn      HalKeyEnterSleep
    514           *
    515           * @brief  - Get called to enter sleep mode
    516           *
    517           * @param
    518           *
    519           * @return
    520           **************************************************************************************************/

   \                                 In  segment BANKED_CODE, align 1, keep-with-next
    521          void HalKeyEnterSleep ( void )
   \                     HalKeyEnterSleep:
    522          {
   \   000000                ; Saved register size: 0
   \   000000                ; Auto size: 0
    523          }
   \   000000   02....       LJMP    ?BRET
    524          
    525          /**************************************************************************************************
    526           * @fn      HalKeyExitSleep
    527           *
    528           * @brief   - Get called when sleep is over
    529           *
    530           * @param
    531           *
    532           * @return  - return saved keys
    533           **************************************************************************************************/

   \                                 In  segment BANKED_CODE, align 1, keep-with-next
    534          uint8 HalKeyExitSleep ( void )
   \                     HalKeyExitSleep:
    535          {
   \   000000   C082         PUSH    DPL
   \   000002   C083         PUSH    DPH
   \   000004                ; Saved register size: 2
   \   000004                ; Auto size: 0
    536            /* Wake up and read keys */
    537            return ( HalKeyRead () );
   \   000004                ; Setup parameters for call to function HalKeyRead
   \   000004   12....       LCALL   `??HalKeyRead::?relay`; Banked call to: HalKeyRead
   \   000007   D083         POP     DPH
   \   000009   D082         POP     DPL
   \   00000B   02....       LJMP    ?BRET
    538          }
    539          
    540          /***************************************************************************************************
    541           *                                    INTERRUPT SERVICE ROUTINE
    542           ***************************************************************************************************/
    543          
    544          /**************************************************************************************************
    545           * @fn      halKeyPort0Isr
    546           *
    547           * @brief   Port0 ISR
    548           *
    549           * @param
    550           *
    551           * @return
    552           **************************************************************************************************/

   \                                 In  segment XDATA_Z, align 1, keep-with-next
    553          uint8 keyport0_count_int;
   \                     keyport0_count_int:
   \   000000                DS 1
   \   000001                REQUIRE __INIT_XDATA_Z
    554          

   \                                 In  segment NEAR_CODE, align 1, keep-with-next
    555          HAL_ISR_FUNCTION( halKeyPort0Isr, P0INT_VECTOR )
   \                     halKeyPort0Isr:
    556          {
   \   000000   C0E0         PUSH    A
   \   000002   74F2         MOV     A,#-0xe
   \   000004   12....       LCALL   ?INTERRUPT_ENTER_XSP
   \   000007                ; Saved register size: 14
   \   000007                ; Auto size: 0
    557            if ((HAL_KEY_SW_6_PXIFG & HAL_KEY_SW_6_BIT)||(HAL_KEY_SW_7_PXIFG & HAL_KEY_SW_7_BIT))
   \   000007   E589         MOV     A,0x89
   \   000009   A2E5         MOV     C,0xE0 /* A   */.5
   \   00000B   4006         JC      ??halKeyPort0Isr_0
   \   00000D   E589         MOV     A,0x89
   \   00000F   A2E4         MOV     C,0xE0 /* A   */.4
   \   000011   5003         JNC     ??halKeyPort0Isr_1
    558            {
    559              halProcessKeyInterrupt();
   \                     ??halKeyPort0Isr_0:
   \   000013                ; Setup parameters for call to function halProcessKeyInterrupt
   \   000013   12....       LCALL   `??halProcessKeyInterrupt::?relay`; Banked call to: halProcessKeyInterrupt
    560            }
    561          
    562            keyport0_count_int++;
   \                     ??halKeyPort0Isr_1:
   \   000016   90....       MOV     DPTR,#keyport0_count_int
   \   000019   E0           MOVX    A,@DPTR
   \   00001A   2401         ADD     A,#0x1
   \   00001C   F0           MOVX    @DPTR,A
    563          
    564            /*
    565              Clear the CPU interrupt flag for Port_0
    566              PxIFG has to be cleared before PxIF
    567            */
    568            HAL_KEY_SW_6_PXIFG = 0;
   \   00001D   758900       MOV     0x89,#0x0
    569            HAL_KEY_CPU_PORT_0_IF = 0;
   \   000020   C2C5         CLR     0xc0.5
    570          }
   \   000022   7F01         MOV     R7,#0x1
   \   000024   02....       LJMP    ?INTERRUPT_LEAVE_XSP
   \   000027                REQUIRE P0IFG
   \   000027                REQUIRE _A_IRCON
    571          
    572          
    573          /**************************************************************************************************
    574           * @fn      halKeyPort2Isr
    575           *
    576           * @brief   Port2 ISR
    577           *
    578           * @param
    579           *
    580           * @return
    581           **************************************************************************************************/

   \                                 In  segment XDATA_Z, align 1, keep-with-next
    582          uint8 keyport2_count_int;
   \                     keyport2_count_int:
   \   000000                DS 1
   \   000001                REQUIRE __INIT_XDATA_Z
    583          
    584          

   \                                 In  segment NEAR_CODE, align 1, keep-with-next
    585          HAL_ISR_FUNCTION( halKeyPort2Isr, P2INT_VECTOR )
   \                     halKeyPort2Isr:
    586          {
   \   000000   C0E0         PUSH    A
   \   000002   74F2         MOV     A,#-0xe
   \   000004   12....       LCALL   ?INTERRUPT_ENTER_XSP
   \   000007                ; Saved register size: 14
   \   000007                ; Auto size: 0
    587            if (HAL_KEY_JOY_MOVE_PXIFG & HAL_KEY_JOY_MOVE_BIT)
   \   000007   E58B         MOV     A,0x8b
   \   000009   A2E0         MOV     C,0xE0 /* A   */.0
   \   00000B   5003         JNC     ??halKeyPort2Isr_0
    588            {
    589              halProcessKeyInterrupt();
   \   00000D                ; Setup parameters for call to function halProcessKeyInterrupt
   \   00000D   12....       LCALL   `??halProcessKeyInterrupt::?relay`; Banked call to: halProcessKeyInterrupt
    590            }
    591          
    592          
    593            keyport2_count_int++;
   \                     ??halKeyPort2Isr_0:
   \   000010   90....       MOV     DPTR,#keyport2_count_int
   \   000013   E0           MOVX    A,@DPTR
   \   000014   2401         ADD     A,#0x1
   \   000016   F0           MOVX    @DPTR,A
    594          
    595            /*
    596              Clear the CPU interrupt flag for Port_2
    597              PxIFG has to be cleared before PxIF
    598              Notes: P2_1 and P2_2 are debug lines.
    599            */
    600            HAL_KEY_JOY_MOVE_PXIFG = 0;
   \   000017   758B00       MOV     0x8b,#0x0
    601            HAL_KEY_CPU_PORT_2_IF = 0;
   \   00001A   C2E8         CLR     0xe8.0
    602          }
   \   00001C   7F01         MOV     R7,#0x1
   \   00001E   02....       LJMP    ?INTERRUPT_LEAVE_XSP
   \   000021                REQUIRE P2IFG
   \   000021                REQUIRE _A_IRCON2

   \                                 In  segment INTVEC, offset 0x33, root
   \                     `??halKeyPort2Isr::??INTVEC 51`:
   \   000033   02....       LJMP       (halKeyPort2Isr)

   \                                 In  segment INTVEC, offset 0x6b, root
   \                     `??halKeyPort0Isr::??INTVEC 107`:
   \   00006B   02....       LJMP       (halKeyPort0Isr)

   \                                 In  segment XDATA_ROM_C, align 1
   \                     __Constant_64:
   \   000000   64000000     DD 100

   \                                 In  segment XDATA_ROM_C, align 1
   \                     __Constant_19:
   \   000000   19000000     DD 25

   \                                 In  segment BANK_RELAYS, align 1
   \                     `??HalKeyInit::?relay`:
   \   000000   12....       LCALL   ?BDISPATCH
   \   000003   ......       DC24    HalKeyInit

   \                                 In  segment BANK_RELAYS, align 1
   \                     `??HalKeyConfig::?relay`:
   \   000000   12....       LCALL   ?BDISPATCH
   \   000003   ......       DC24    HalKeyConfig

   \                                 In  segment BANK_RELAYS, align 1
   \                     `??HalKeyRead::?relay`:
   \   000000   12....       LCALL   ?BDISPATCH
   \   000003   ......       DC24    HalKeyRead

   \                                 In  segment BANK_RELAYS, align 1
   \                     `??HalKeyPoll::?relay`:
   \   000000   12....       LCALL   ?BDISPATCH
   \   000003   ......       DC24    HalKeyPoll

   \                                 In  segment BANK_RELAYS, align 1
   \                     `??halGetJoyKeyInput::?relay`:
   \   000000   12....       LCALL   ?BDISPATCH
   \   000003   ......       DC24    halGetJoyKeyInput

   \                                 In  segment BANK_RELAYS, align 1
   \                     `??halProcessKeyInterrupt::?relay`:
   \   000000   12....       LCALL   ?BDISPATCH
   \   000003   ......       DC24    halProcessKeyInterrupt

   \                                 In  segment BANK_RELAYS, align 1
   \                     `??HalKeyEnterSleep::?relay`:
   \   000000   12....       LCALL   ?BDISPATCH
   \   000003   ......       DC24    HalKeyEnterSleep

   \                                 In  segment BANK_RELAYS, align 1
   \                     `??HalKeyExitSleep::?relay`:
   \   000000   12....       LCALL   ?BDISPATCH
   \   000003   ......       DC24    HalKeyExitSleep
    603          
    604          
    605          #else
    606          
    607          
    608          //void HalKeyInit(void){}
    609          //void HalKeyConfig(bool interruptEnable, halKeyCBack_t cback){}
    610          //uint8 HalKeyRead(void){ return 0;}
    611          //void HalKeyPoll(void){}
    612          
    613          #endif /* HAL_KEY */
    614          
    615          
    616          
    617          /**************************************************************************************************
    618          **************************************************************************************************/
    619          
    620          
    621          

   Maximum stack usage in bytes:

   ISTACK XSTACK Function
   ------ ------ --------
      0     13   HalKeyConfig
        0     13   -> osal_start_timerEx
        0      9   -> osal_stop_timerEx
      0      0   HalKeyEnterSleep
      2      0   HalKeyExitSleep
        2      0   -> HalKeyRead
      2      0   HalKeyInit
      0      9   HalKeyPoll
        0      9   -> halGetJoyKeyInput
      0      9   HalKeyRead
        0      9   -> halGetJoyKeyInput
      0     18   halGetJoyKeyInput
        0      9   -> HalAdcRead
      0     14   halKeyPort0Isr
        0     14   -> halProcessKeyInterrupt
      0     14   halKeyPort2Isr
        0     14   -> halProcessKeyInterrupt
      0     27   halProcessKeyInterrupt
        0     13   -> osal_start_timerEx


   Segment part sizes:

   Bytes  Function/Label
   -----  --------------
     127  HalKeyConfig
       6  HalKeyConfig::?relay
       1  HalKeyConfigured
       3  HalKeyEnterSleep
       6  HalKeyEnterSleep::?relay
      14  HalKeyExitSleep
       6  HalKeyExitSleep::?relay
      45  HalKeyInit
       6  HalKeyInit::?relay
     100  HalKeyPoll
       6  HalKeyPoll::?relay
      21  HalKeyRead
       6  HalKeyRead::?relay
       1  Hal_KeyIntEnable
       1  P0DIR
       1  P0IEN
       1  P0IFG
       1  P0SEL
       1  P2IFG
       1  PICTL
       1  _A_IEN1
       1  _A_IRCON
       1  _A_IRCON2
       1  _A_P0
       4  __Constant_19
       4  __Constant_64
     111  halGetJoyKeyInput
       6  halGetJoyKeyInput::?relay
      39  halKeyPort0Isr
       3  halKeyPort0Isr::??INTVEC 107
      33  halKeyPort2Isr
       3  halKeyPort2Isr::??INTVEC 51
       1  halKeySavedKeys
      72  halProcessKeyInterrupt
       6  halProcessKeyInterrupt::?relay
       1  ii
       1  ii6
       1  ii7
       1  keyport0_count_int
       1  keyport2_count_int
       2  pHalKeyProcessFunction

 
 493 bytes in segment BANKED_CODE
  48 bytes in segment BANK_RELAYS
   6 bytes in segment INTVEC
  72 bytes in segment NEAR_CODE
  10 bytes in segment SFR_AN
   8 bytes in segment XDATA_ROM_C
  10 bytes in segment XDATA_Z
 
 613 bytes of CODE  memory (+  6 bytes shared)
   0 bytes of CONST memory (+  8 bytes shared)
   0 bytes of DATA  memory (+ 10 bytes shared)
  10 bytes of XDATA memory

Errors: none
Warnings: none
