###############################################################################
#
# IAR C/C++ Compiler V9.30.1.3056 for 8051                21/Apr/2017  17:48:48
# Copyright 2004-2015 IAR Systems AB.
#
#    Core               =  plain
#    Code model         =  banked
#    Data model         =  large
#    Calling convention =  xdata reentrant
#    Constant location  =  data_rom
#    Dptr setup         =  1,16
#                          
#    Source file        =  
#        C:\Texas Instruments\Z-Stack Mesh 1.0.0_chaokw_20160317\Z-Stack Mesh
#        1.0.0_chaokw_20160316\Z-Stack Mesh 1.0.0_LCDOK\Z-Stack Mesh
#        1.0.0\Projects\zstack\ZMain\TI2530DB\OnBoard.c
#    Command line       =  
#        -f "C:\Texas Instruments\Z-Stack Mesh 1.0.0_chaokw_20160317\Z-Stack
#        Mesh 1.0.0_chaokw_20160316\Z-Stack Mesh 1.0.0_LCDOK\Z-Stack Mesh
#        1.0.0\Projects\zstack\Samples\GenericApp\CC2530DB\..\..\..\Tools\CC2530DB\f8wRouter.cfg"
#        (-DCPU32MHZ -DROOT=__near_func -DMAC_CFG_APP_PENDING_QUEUE=TRUE
#        -DMAC_CFG_TX_DATA_MAX=5 -DMAC_CFG_TX_MAX=8 -DMAC_CFG_RX_MAX=5
#        -DRTR_NWK) -f "C:\Texas Instruments\Z-Stack Mesh
#        1.0.0_chaokw_20160317\Z-Stack Mesh 1.0.0_chaokw_20160316\Z-Stack Mesh
#        1.0.0_LCDOK\Z-Stack Mesh
#        1.0.0\Projects\zstack\Samples\GenericApp\CC2530DB\..\..\..\Tools\CC2530DB\f8wConfig.cfg"
#        (-DZIGBEEPRO -DSECURE=1 -DZG_SECURE_DYNAMIC=0 -DREFLECTOR
#        -DDEFAULT_CHANLIST=0x04000000 -DZDAPP_CONFIG_PAN_ID=0x0085
#        -DNWK_START_DELAY=100 -DEXTENDED_JOINING_RANDOM_MASK=0x007F
#        -DBEACON_REQUEST_DELAY=100 -DBEACON_REQ_DELAY_MASK=0x00FF
#        -DLINK_STATUS_JITTER_MASK=0x007F -DROUTE_EXPIRY_TIME=30
#        -DAPSC_ACK_WAIT_DURATION_POLLED=3000 -DNWK_INDIRECT_MSG_TIMEOUT=7
#        -DMAX_RREQ_ENTRIES=8 -DAPSC_MAX_FRAME_RETRIES=5
#        -DNWK_MAX_DATA_RETRIES=2 -DMAX_POLL_FAILURE_RETRIES=2 -DMAX_BCAST=9
#        -DAPS_MAX_GROUPS=16 -DMAX_RTG_ENTRIES=40 -DNWK_MAX_BINDING_ENTRIES=4
#        -DMAX_BINDING_CLUSTER_IDS=4 "-DDEFAULT_KEY={0x01, 0x03, 0x05, 0x07,
#        0x09, 0x0B, 0x0D, 0x0F, 0x00, 0x02, 0x04, 0x06, 0x08, 0x0A, 0x0C,
#        0x0D}" -DMAC_MAX_FRAME_SIZE=116 -DZDNWKMGR_MIN_TRANSMISSIONS=20
#        "-DCONST=const __code" -DGENERIC=__generic -DRFD_RCVC_ALWAYS_ON=FALSE
#        -DPOLL_RATE=1000 -DQUEUED_POLL_RATE=100 -DRESPONSE_POLL_RATE=100
#        -DREJOIN_POLL_RATE=440) -DCHANNEL_CNT=0x01 "C:\Texas
#        Instruments\Z-Stack Mesh 1.0.0_chaokw_20160317\Z-Stack Mesh
#        1.0.0_chaokw_20160316\Z-Stack Mesh 1.0.0_LCDOK\Z-Stack Mesh
#        1.0.0\Projects\zstack\ZMain\TI2530DB\OnBoard.c" -D ZTOOL_P1 -D MT_TASK
#        -D MT_SYS_FUNC -D MT_ZDO_FUNC -D LCD_SUPPORTED=DEBUG -D xNV_RESTORE -D
#        NV_INIT -D OPEN_FCS -D PANID_INCREASE -lC "C:\Texas
#        Instruments\Z-Stack Mesh 1.0.0_chaokw_20160317\Z-Stack Mesh
#        1.0.0_chaokw_20160316\Z-Stack Mesh 1.0.0_LCDOK\Z-Stack Mesh
#        1.0.0\Projects\zstack\Samples\GenericApp\CC2530DB\RouterEB\List" -lA
#        "C:\Texas Instruments\Z-Stack Mesh 1.0.0_chaokw_20160317\Z-Stack Mesh
#        1.0.0_chaokw_20160316\Z-Stack Mesh 1.0.0_LCDOK\Z-Stack Mesh
#        1.0.0\Projects\zstack\Samples\GenericApp\CC2530DB\RouterEB\List"
#        --diag_suppress Pe001,Pa010 -o "C:\Texas Instruments\Z-Stack Mesh
#        1.0.0_chaokw_20160317\Z-Stack Mesh 1.0.0_chaokw_20160316\Z-Stack Mesh
#        1.0.0_LCDOK\Z-Stack Mesh
#        1.0.0\Projects\zstack\Samples\GenericApp\CC2530DB\RouterEB\Obj" -e
#        --no_cse --no_unroll --no_inline --no_code_motion --no_tbaa --debug
#        --core=plain --dptr=16,1 --data_model=large --code_model=banked
#        --calling_convention=xdata_reentrant --place_constants=data_rom
#        --nr_virtual_regs 16 -I "C:\Texas Instruments\Z-Stack Mesh
#        1.0.0_chaokw_20160317\Z-Stack Mesh 1.0.0_chaokw_20160316\Z-Stack Mesh
#        1.0.0_LCDOK\Z-Stack Mesh
#        1.0.0\Projects\zstack\Samples\GenericApp\CC2530DB\" -I "C:\Texas
#        Instruments\Z-Stack Mesh 1.0.0_chaokw_20160317\Z-Stack Mesh
#        1.0.0_chaokw_20160316\Z-Stack Mesh 1.0.0_LCDOK\Z-Stack Mesh
#        1.0.0\Projects\zstack\Samples\GenericApp\CC2530DB\..\Source\" -I
#        "C:\Texas Instruments\Z-Stack Mesh 1.0.0_chaokw_20160317\Z-Stack Mesh
#        1.0.0_chaokw_20160316\Z-Stack Mesh 1.0.0_LCDOK\Z-Stack Mesh
#        1.0.0\Projects\zstack\Samples\GenericApp\CC2530DB\..\..\..\Application\"
#        -I "C:\Texas Instruments\Z-Stack Mesh 1.0.0_chaokw_20160317\Z-Stack
#        Mesh 1.0.0_chaokw_20160316\Z-Stack Mesh 1.0.0_LCDOK\Z-Stack Mesh
#        1.0.0\Projects\zstack\Samples\GenericApp\CC2530DB\..\..\..\ZMain\TI2530DB\"
#        -I "C:\Texas Instruments\Z-Stack Mesh 1.0.0_chaokw_20160317\Z-Stack
#        Mesh 1.0.0_chaokw_20160316\Z-Stack Mesh 1.0.0_LCDOK\Z-Stack Mesh
#        1.0.0\Projects\zstack\Samples\GenericApp\CC2530DB\..\..\..\..\..\Components\hal\include\"
#        -I "C:\Texas Instruments\Z-Stack Mesh 1.0.0_chaokw_20160317\Z-Stack
#        Mesh 1.0.0_chaokw_20160316\Z-Stack Mesh 1.0.0_LCDOK\Z-Stack Mesh
#        1.0.0\Projects\zstack\Samples\GenericApp\CC2530DB\..\..\..\..\..\Components\hal\target\CC2530EB\"
#        -I "C:\Texas Instruments\Z-Stack Mesh 1.0.0_chaokw_20160317\Z-Stack
#        Mesh 1.0.0_chaokw_20160316\Z-Stack Mesh 1.0.0_LCDOK\Z-Stack Mesh
#        1.0.0\Projects\zstack\Samples\GenericApp\CC2530DB\..\..\..\..\..\Components\mac\include\"
#        -I "C:\Texas Instruments\Z-Stack Mesh 1.0.0_chaokw_20160317\Z-Stack
#        Mesh 1.0.0_chaokw_20160316\Z-Stack Mesh 1.0.0_LCDOK\Z-Stack Mesh
#        1.0.0\Projects\zstack\Samples\GenericApp\CC2530DB\..\..\..\..\..\Components\mac\high_level\"
#        -I "C:\Texas Instruments\Z-Stack Mesh 1.0.0_chaokw_20160317\Z-Stack
#        Mesh 1.0.0_chaokw_20160316\Z-Stack Mesh 1.0.0_LCDOK\Z-Stack Mesh
#        1.0.0\Projects\zstack\Samples\GenericApp\CC2530DB\..\..\..\..\..\Components\mac\low_level\srf04\"
#        -I "C:\Texas Instruments\Z-Stack Mesh 1.0.0_chaokw_20160317\Z-Stack
#        Mesh 1.0.0_chaokw_20160316\Z-Stack Mesh 1.0.0_LCDOK\Z-Stack Mesh
#        1.0.0\Projects\zstack\Samples\GenericApp\CC2530DB\..\..\..\..\..\Components\mac\low_level\srf04\single_chip\"
#        -I "C:\Texas Instruments\Z-Stack Mesh 1.0.0_chaokw_20160317\Z-Stack
#        Mesh 1.0.0_chaokw_20160316\Z-Stack Mesh 1.0.0_LCDOK\Z-Stack Mesh
#        1.0.0\Projects\zstack\Samples\GenericApp\CC2530DB\..\..\..\..\..\Components\mt\"
#        -I "C:\Texas Instruments\Z-Stack Mesh 1.0.0_chaokw_20160317\Z-Stack
#        Mesh 1.0.0_chaokw_20160316\Z-Stack Mesh 1.0.0_LCDOK\Z-Stack Mesh
#        1.0.0\Projects\zstack\Samples\GenericApp\CC2530DB\..\..\..\..\..\Components\osal\include\"
#        -I "C:\Texas Instruments\Z-Stack Mesh 1.0.0_chaokw_20160317\Z-Stack
#        Mesh 1.0.0_chaokw_20160316\Z-Stack Mesh 1.0.0_LCDOK\Z-Stack Mesh
#        1.0.0\Projects\zstack\Samples\GenericApp\CC2530DB\..\..\..\..\..\Components\services\saddr\"
#        -I "C:\Texas Instruments\Z-Stack Mesh 1.0.0_chaokw_20160317\Z-Stack
#        Mesh 1.0.0_chaokw_20160316\Z-Stack Mesh 1.0.0_LCDOK\Z-Stack Mesh
#        1.0.0\Projects\zstack\Samples\GenericApp\CC2530DB\..\..\..\..\..\Components\services\sdata\"
#        -I "C:\Texas Instruments\Z-Stack Mesh 1.0.0_chaokw_20160317\Z-Stack
#        Mesh 1.0.0_chaokw_20160316\Z-Stack Mesh 1.0.0_LCDOK\Z-Stack Mesh
#        1.0.0\Projects\zstack\Samples\GenericApp\CC2530DB\..\..\..\..\..\Components\stack\af\"
#        -I "C:\Texas Instruments\Z-Stack Mesh 1.0.0_chaokw_20160317\Z-Stack
#        Mesh 1.0.0_chaokw_20160316\Z-Stack Mesh 1.0.0_LCDOK\Z-Stack Mesh
#        1.0.0\Projects\zstack\Samples\GenericApp\CC2530DB\..\..\..\..\..\Components\stack\nwk\"
#        -I "C:\Texas Instruments\Z-Stack Mesh 1.0.0_chaokw_20160317\Z-Stack
#        Mesh 1.0.0_chaokw_20160316\Z-Stack Mesh 1.0.0_LCDOK\Z-Stack Mesh
#        1.0.0\Projects\zstack\Samples\GenericApp\CC2530DB\..\..\..\..\..\Components\stack\sapi\"
#        -I "C:\Texas Instruments\Z-Stack Mesh 1.0.0_chaokw_20160317\Z-Stack
#        Mesh 1.0.0_chaokw_20160316\Z-Stack Mesh 1.0.0_LCDOK\Z-Stack Mesh
#        1.0.0\Projects\zstack\Samples\GenericApp\CC2530DB\..\..\..\..\..\Components\stack\sec\"
#        -I "C:\Texas Instruments\Z-Stack Mesh 1.0.0_chaokw_20160317\Z-Stack
#        Mesh 1.0.0_chaokw_20160316\Z-Stack Mesh 1.0.0_LCDOK\Z-Stack Mesh
#        1.0.0\Projects\zstack\Samples\GenericApp\CC2530DB\..\..\..\..\..\Components\stack\sys\"
#        -I "C:\Texas Instruments\Z-Stack Mesh 1.0.0_chaokw_20160317\Z-Stack
#        Mesh 1.0.0_chaokw_20160316\Z-Stack Mesh 1.0.0_LCDOK\Z-Stack Mesh
#        1.0.0\Projects\zstack\Samples\GenericApp\CC2530DB\..\..\..\..\..\Components\stack\zdo\"
#        -I "C:\Texas Instruments\Z-Stack Mesh 1.0.0_chaokw_20160317\Z-Stack
#        Mesh 1.0.0_chaokw_20160316\Z-Stack Mesh 1.0.0_LCDOK\Z-Stack Mesh
#        1.0.0\Projects\zstack\Samples\GenericApp\CC2530DB\..\..\..\..\..\Components\zmac\"
#        -I "C:\Texas Instruments\Z-Stack Mesh 1.0.0_chaokw_20160317\Z-Stack
#        Mesh 1.0.0_chaokw_20160316\Z-Stack Mesh 1.0.0_LCDOK\Z-Stack Mesh
#        1.0.0\Projects\zstack\Samples\GenericApp\CC2530DB\..\..\..\..\..\Components\zmac\f8w\"
#        -On --require_prototypes
#    List file          =  
#        C:\Texas Instruments\Z-Stack Mesh 1.0.0_chaokw_20160317\Z-Stack Mesh
#        1.0.0_chaokw_20160316\Z-Stack Mesh 1.0.0_LCDOK\Z-Stack Mesh
#        1.0.0\Projects\zstack\Samples\GenericApp\CC2530DB\RouterEB\List\OnBoard.lst
#    Object file        =  
#        C:\Texas Instruments\Z-Stack Mesh 1.0.0_chaokw_20160317\Z-Stack Mesh
#        1.0.0_chaokw_20160316\Z-Stack Mesh 1.0.0_LCDOK\Z-Stack Mesh
#        1.0.0\Projects\zstack\Samples\GenericApp\CC2530DB\RouterEB\Obj\OnBoard.r51
#
###############################################################################

C:\Texas Instruments\Z-Stack Mesh 1.0.0_chaokw_20160317\Z-Stack Mesh 1.0.0_chaokw_20160316\Z-Stack Mesh 1.0.0_LCDOK\Z-Stack Mesh 1.0.0\Projects\zstack\ZMain\TI2530DB\OnBoard.c
      1          /**************************************************************************************************
      2            Filename:       OnBoard.c
      3            Revised:        $Date: 2012-11-15 11:48:16 -0800 (Thu, 15 Nov 2012) $
      4            Revision:       $Revision: 32196 $
      5          
      6            Description:    This file contains the UI and control for the
      7                            peripherals on the EVAL development board
      8            Notes:          This file targets the Chipcon CC2530/31
      9          
     10          
     11            Copyright 2005-2011 Texas Instruments Incorporated. All rights reserved.
     12          
     13            IMPORTANT: Your use of this Software is limited to those specific rights
     14            granted under the terms of a software license agreement between the user
     15            who downloaded the software, his/her employer (which must be your employer)
     16            and Texas Instruments Incorporated (the "License").  You may not use this
     17            Software unless you agree to abide by the terms of the License. The License
     18            limits your use, and you acknowledge, that the Software may not be modified,
     19            copied or distributed unless embedded on a Texas Instruments microcontroller
     20            or used solely and exclusively in conjunction with a Texas Instruments radio
     21            frequency transceiver, which is integrated into your product.  Other than for
     22            the foregoing purpose, you may not use, reproduce, copy, prepare derivative
     23            works of, modify, distribute, perform, display or sell this Software and/or
     24            its documentation for any purpose.
     25          
     26            YOU FURTHER ACKNOWLEDGE AND AGREE THAT THE SOFTWARE AND DOCUMENTATION ARE
     27            PROVIDED “AS IS” WITHOUT WARRANTY OF ANY KIND, EITHER EXPRESS OR IMPLIED,
     28            INCLUDING WITHOUT LIMITATION, ANY WARRANTY OF MERCHANTABILITY, TITLE,
     29            NON-INFRINGEMENT AND FITNESS FOR A PARTICULAR PURPOSE. IN NO EVENT SHALL
     30            TEXAS INSTRUMENTS OR ITS LICENSORS BE LIABLE OR OBLIGATED UNDER CONTRACT,
     31            NEGLIGENCE, STRICT LIABILITY, CONTRIBUTION, BREACH OF WARRANTY, OR OTHER
     32            LEGAL EQUITABLE THEORY ANY DIRECT OR INDIRECT DAMAGES OR EXPENSES
     33            INCLUDING BUT NOT LIMITED TO ANY INCIDENTAL, SPECIAL, INDIRECT, PUNITIVE
     34            OR CONSEQUENTIAL DAMAGES, LOST PROFITS OR LOST DATA, COST OF PROCUREMENT
     35            OF SUBSTITUTE GOODS, TECHNOLOGY, SERVICES, OR ANY CLAIMS BY THIRD PARTIES
     36            (INCLUDING BUT NOT LIMITED TO ANY DEFENSE THEREOF), OR OTHER SIMILAR COSTS.
     37          
     38            Should you have any questions regarding your right to use this Software,
     39            contact Texas Instruments Incorporated at www.TI.com.
     40          **************************************************************************************************/
     41          
     42          /*********************************************************************
     43           * INCLUDES
     44           */
     45          
     46          #include "ZComDef.h"
     47          #include "ZGlobals.h"
     48          #include "OnBoard.h"

   \                                 In  segment SFR_AN, at 0x9d
   \   unsigned char volatile __sfr SLEEPSTA
   \                     SLEEPSTA:
   \   000000                DS 1

   \                                 In  segment SFR_AN, at 0xa8
   \   union <unnamed> volatile __sfr _A_IEN0
   \                     _A_IEN0:
   \   000000                DS 1

   \                                 In  segment SFR_AN, at 0xd6
   \   unsigned char volatile __sfr DMAARM
   \                     DMAARM:
   \   000000                DS 1
     49          #include "OSAL.h"
     50          #include "MT.h"
     51          #include "MT_SYS.h"
     52          #include "DebugTrace.h"
     53          
     54          /* Hal */
     55          #include "hal_lcd.h"
     56          #include "hal_mcu.h"
     57          #include "hal_timer.h"
     58          #include "hal_key.h"
     59          #include "hal_led.h"
     60          
     61          /* Allow access macRandomByte() */
     62          #include "mac_radio_defs.h"
     63          
     64          /*********************************************************************
     65           * CONSTANTS
     66           */
     67          
     68          // Task ID not initialized
     69          #define NO_TASK_ID 0xFF
     70          
     71          // Minimum length RAM "pattern" for Stack check
     72          #define MIN_RAM_INIT 12
     73          
     74          /*********************************************************************
     75           * GLOBAL VARIABLES
     76           */
     77          
     78          #if defined MAKE_CRC_SHDW
     79          #pragma location="CRC_SHDW"
     80          const CODE uint16 _crcShdw = 0x32d2;  //chaokw
     81          #pragma required=_crcShdw
     82          
     83          #elif !defined MT_UBL_FUNC
     84          
     85          #pragma location="LOCK_BITS_ADDRESS_SPACE"

   \                                 In  segment LOCK_BITS_ADDRESS_SPACE, align 1
     86          __no_init uint8 _lockBits[16];
   \                     _lockBits:
   \   000000                DS 16
     87          #pragma required=_lockBits
     88          
     89          #if defined ZCL_KEY_ESTABLISH
     90          #include "zcl_cert_data.c"
     91          #else
     92          #pragma location="IEEE_ADDRESS_SPACE"

   \                                 In  segment IEEE_ADDRESS_SPACE, align 1
     93          __no_init uint8 _nvIEEE[Z_EXTADDR_LEN];
   \                     _nvIEEE:
   \   000000                DS 8
   \   000008                REQUIRE _lockBits
     94          #pragma required=_nvIEEE
     95          #endif
     96          
     97          #pragma location="RESERVED_ADDRESS_SPACE"

   \                                 In  segment RESERVED_ADDRESS_SPACE, align 1
     98          __no_init uint8 _reserved[1932];
   \                     _reserved:
   \   000000                DS 1932
   \   00078C                REQUIRE _nvIEEE
     99          #pragma required=_reserved
    100          #endif
    101          
    102          // 64-bit Extended Address of this device

   \                                 In  segment XDATA_Z, align 1, keep-with-next
    103          uint8 aExtendedAddress[8];
   \                     aExtendedAddress:
   \   000000                DS 8
   \   000008                REQUIRE __INIT_XDATA_Z
   \   000008                REQUIRE _reserved
    104          
    105          /*********************************************************************
    106           * LOCAL VARIABLES
    107           */
    108          
    109          // Registered keys task ID, initialized to NOT USED.

   \                                 In  segment XDATA_I, align 1, keep-with-next
    110          static uint8 registeredKeysTaskID = NO_TASK_ID;
   \                     registeredKeysTaskID:
   \   000000                DS 1
   \   000001                REQUIRE `?<Initializer for registeredKeysTaskID>`
   \   000001                REQUIRE __INIT_XDATA_I
    111          
    112          /*********************************************************************
    113           * LOCAL FUNCTIONS
    114           */
    115          
    116          static void ChkReset( void );
    117          
    118          /*********************************************************************
    119           * @fn      InitBoard()
    120           * @brief   Initialize the CC2420DB Board Peripherals
    121           * @param   level: COLD,WARM,READY
    122           * @return  None
    123           */

   \                                 In  segment BANKED_CODE, align 1, keep-with-next
    124          void InitBoard( uint8 level )
   \                     InitBoard:
    125          {
   \   000000   74F7         MOV     A,#-0x9
   \   000002   12....       LCALL   ?BANKED_ENTER_XDATA
   \   000005                ; Saved register size: 9
   \   000005                ; Auto size: 0
   \   000005   E9           MOV     A,R1
   \   000006   FE           MOV     R6,A
    126            if ( level == OB_COLD )
   \   000007   EE           MOV     A,R6
   \   000008   7011         JNZ     ??InitBoard_0
    127            {
    128              // IAR does not zero-out this byte below the XSTACK.
    129              *(uint8 *)0x0 = 0;
   \   00000A   900000       MOV     DPTR,#0x0
   \   00000D   7400         MOV     A,#0x0
   \   00000F   F0           MOVX    @DPTR,A
    130              // Interrupts off
    131              osal_int_disable( INTS_ALL );
   \   000010                ; Setup parameters for call to function osal_int_disable
   \   000010   79FF         MOV     R1,#-0x1
   \   000012   12....       LCALL   `??osal_int_disable::?relay`; Banked call to: osal_int_disable
   \   000015   E9           MOV     A,R1
    132              // Check for Brown-Out reset
    133              ChkReset();
   \   000016                ; Setup parameters for call to function ChkReset
   \   000016   12....       LCALL   `??ChkReset::?relay` ; Banked call to: ChkReset
   \   000019   8009         SJMP    ??InitBoard_1
    134            }
    135            else  // !OB_COLD
    136            {
    137              /* Initialize Key stuff */
    138              #if defined (ISR_KEYINTERRUPT)
    139              HalKeyConfig(HAL_KEY_INTERRUPT_ENABLE , OnBoard_KeyCallback);
    140              #else
    141              HalKeyConfig(HAL_KEY_INTERRUPT_DISABLE, OnBoard_KeyCallback);
   \                     ??InitBoard_0:
   \   00001B                ; Setup parameters for call to function HalKeyConfig
   \   00001B   7A..         MOV     R2,#`??OnBoard_KeyCallback::?relay` & 0xff
   \   00001D   7B..         MOV     R3,#(`??OnBoard_KeyCallback::?relay` >> 8) & 0xff
   \   00001F   7900         MOV     R1,#0x0
   \   000021   12....       LCALL   `??HalKeyConfig::?relay`; Banked call to: HalKeyConfig
    142              #endif
    143            }
    144          }
   \                     ??InitBoard_1:
   \   000024   7F01         MOV     R7,#0x1
   \   000026   02....       LJMP    ?BANKED_LEAVE_XDATA
    145          
    146          /*********************************************************************
    147           * @fn      ChkReset()
    148           * @brief   Check reset bits - if reset cause is unknown, assume a
    149           *          brown-out (low power), assume batteries are not reliable,
    150           *          hang in a loop and sequence through the LEDs.
    151           * @param   None
    152           * @return  None
    153           *********************************************************************/

   \                                 In  segment BANKED_CODE, align 1, keep-with-next
    154          void ChkReset( void )
   \                     ChkReset:
    155          {
   \   000000   74F7         MOV     A,#-0x9
   \   000002   12....       LCALL   ?BANKED_ENTER_XDATA
   \   000005                ; Saved register size: 9
   \   000005                ; Auto size: 0
    156            uint8 rib;
    157          
    158            // Isolate reset indicator bits
    159            rib = SLEEPSTA & LRESET;
   \   000005   E59D         MOV     A,0x9d
   \   000007   5418         ANL     A,#0x18
   \   000009   FE           MOV     R6,A
    160          
    161            if ( rib == RESETPO )
   \   00000A   EE           MOV     A,R6
   \   00000B   600D         JZ      ??ChkReset_0
    162            {
    163              // Put code here to handle Power-On reset
    164            }
    165            else if ( rib == RESETEX )
   \   00000D   7408         MOV     A,#0x8
   \   00000F   6E           XRL     A,R6
   \   000010   6008         JZ      ??ChkReset_0
    166            {
    167              // Put code here to handle External reset
    168            }
    169            else if ( rib == RESETWD )
   \   000012   7410         MOV     A,#0x10
   \   000014   6E           XRL     A,R6
   \   000015   6003         JZ      ??ChkReset_0
    170            {
    171              // Put code here to handle WatchDog reset
    172            }
    173            else  // Unknown reason - not expected.
    174            {
    175              HAL_ASSERT(0);
   \   000017                ; Setup parameters for call to function halAssertHandler
   \   000017   12....       LCALL   `??halAssertHandler::?relay`; Banked call to: halAssertHandler
    176            }
    177          }
   \                     ??ChkReset_0:
   \   00001A   7F01         MOV     R7,#0x1
   \   00001C   02....       LJMP    ?BANKED_LEAVE_XDATA
   \   00001F                REQUIRE SLEEPSTA
    178          
    179          /*********************************************************************
    180           *                        "Keyboard" Support
    181           *********************************************************************/
    182          
    183          /*********************************************************************
    184           * Keyboard Register function
    185           *
    186           * The keyboard handler is setup to send all keyboard changes to
    187           * one task (if a task is registered).
    188           *
    189           * If a task registers, it will get all the keys. You can change this
    190           * to register for individual keys.
    191           *********************************************************************/

   \                                 In  segment BANKED_CODE, align 1, keep-with-next
    192          uint8 RegisterForKeys( uint8 task_id )
   \                     RegisterForKeys:
    193          {
   \   000000   C082         PUSH    DPL
   \   000002   C083         PUSH    DPH
   \   000004                ; Saved register size: 2
   \   000004                ; Auto size: 0
   \   000004   E9           MOV     A,R1
   \   000005   F8           MOV     R0,A
    194            // Allow only the first task
    195            if ( registeredKeysTaskID == NO_TASK_ID )
   \   000006   90....       MOV     DPTR,#registeredKeysTaskID
   \   000009   E0           MOVX    A,@DPTR
   \   00000A   64FF         XRL     A,#0xff
   \   00000C   7009         JNZ     ??RegisterForKeys_0
    196            {
    197              registeredKeysTaskID = task_id;
   \   00000E   E8           MOV     A,R0
   \   00000F   90....       MOV     DPTR,#registeredKeysTaskID
   \   000012   F0           MOVX    @DPTR,A
    198              return ( true );
   \   000013   7901         MOV     R1,#0x1
   \   000015   8002         SJMP    ??RegisterForKeys_1
    199            }
    200            else
    201              return ( false );
   \                     ??RegisterForKeys_0:
   \   000017   7900         MOV     R1,#0x0
   \                     ??RegisterForKeys_1:
   \   000019   D083         POP     DPH
   \   00001B   D082         POP     DPL
   \   00001D   02....       LJMP    ?BRET
    202          }
    203          
    204          /*********************************************************************
    205           * @fn      OnBoard_SendKeys
    206           *
    207           * @brief   Send "Key Pressed" message to application.
    208           *
    209           * @param   keys  - keys that were pressed
    210           *          state - shifted
    211           *
    212           * @return  status
    213           *********************************************************************/

   \                                 In  segment BANKED_CODE, align 1, keep-with-next
    214          uint8 OnBoard_SendKeys( uint8 keys, uint8 state )
   \                     OnBoard_SendKeys:
    215          {
   \   000000                REQUIRE ?V0
   \   000000                REQUIRE ?V1
   \   000000                REQUIRE ?V2
   \   000000                REQUIRE ?V3
   \   000000   74F4         MOV     A,#-0xc
   \   000002   12....       LCALL   ?BANKED_ENTER_XDATA
   \   000005                ; Saved register size: 12
   \   000005                ; Auto size: 0
   \   000005   89..         MOV     ?V0,R1
   \   000007   8A..         MOV     ?V1,R2
    216            keyChange_t *msgPtr;
    217          
    218            if ( registeredKeysTaskID != NO_TASK_ID )
   \   000009   90....       MOV     DPTR,#registeredKeysTaskID
   \   00000C   E0           MOVX    A,@DPTR
   \   00000D   64FF         XRL     A,#0xff
   \   00000F   6046         JZ      ??OnBoard_SendKeys_0
    219            {
    220              // Send the address to the task
    221              msgPtr = (keyChange_t *)osal_msg_allocate( sizeof(keyChange_t) );
   \   000011                ; Setup parameters for call to function osal_msg_allocate
   \   000011   7A04         MOV     R2,#0x4
   \   000013   7B00         MOV     R3,#0x0
   \   000015   12....       LCALL   `??osal_msg_allocate::?relay`; Banked call to: osal_msg_allocate
   \   000018   8A..         MOV     ?V2,R2
   \   00001A   8B..         MOV     ?V3,R3
   \   00001C   AE..         MOV     R6,?V2
   \   00001E   AF..         MOV     R7,?V3
    222              if ( msgPtr )
   \   000020   EE           MOV     A,R6
   \   000021   4F           ORL     A,R7
   \   000022   602F         JZ      ??OnBoard_SendKeys_1
    223              {
    224                msgPtr->hdr.event = KEY_CHANGE;
   \   000024   8E82         MOV     DPL,R6
   \   000026   8F83         MOV     DPH,R7
   \   000028   74C0         MOV     A,#-0x40
   \   00002A   F0           MOVX    @DPTR,A
    225                msgPtr->state = state;
   \   00002B   E5..         MOV     A,?V1
   \   00002D   C0E0         PUSH    A
   \   00002F   8E82         MOV     DPL,R6
   \   000031   8F83         MOV     DPH,R7
   \   000033   A3           INC     DPTR
   \   000034   A3           INC     DPTR
   \   000035   D0E0         POP     A
   \   000037   F0           MOVX    @DPTR,A
    226                msgPtr->keys = keys;
   \   000038   E5..         MOV     A,?V0
   \   00003A   C0E0         PUSH    A
   \   00003C   8E82         MOV     DPL,R6
   \   00003E   8F83         MOV     DPH,R7
   \   000040   A3           INC     DPTR
   \   000041   A3           INC     DPTR
   \   000042   A3           INC     DPTR
   \   000043   D0E0         POP     A
   \   000045   F0           MOVX    @DPTR,A
    227          
    228                osal_msg_send( registeredKeysTaskID, (uint8 *)msgPtr );
   \   000046                ; Setup parameters for call to function osal_msg_send
   \   000046   EE           MOV     A,R6
   \   000047   FA           MOV     R2,A
   \   000048   EF           MOV     A,R7
   \   000049   FB           MOV     R3,A
   \   00004A   90....       MOV     DPTR,#registeredKeysTaskID
   \   00004D   E0           MOVX    A,@DPTR
   \   00004E   F9           MOV     R1,A
   \   00004F   12....       LCALL   `??osal_msg_send::?relay`; Banked call to: osal_msg_send
   \   000052   E9           MOV     A,R1
    229              }
    230              return ( ZSuccess );
   \                     ??OnBoard_SendKeys_1:
   \   000053   7900         MOV     R1,#0x0
   \   000055   8002         SJMP    ??OnBoard_SendKeys_2
    231            }
    232            else
    233              return ( ZFailure );
   \                     ??OnBoard_SendKeys_0:
   \   000057   7901         MOV     R1,#0x1
   \                     ??OnBoard_SendKeys_2:
   \   000059   7F04         MOV     R7,#0x4
   \   00005B   02....       LJMP    ?BANKED_LEAVE_XDATA
    234          }
    235          
    236          /*********************************************************************
    237           * @fn      OnBoard_KeyCallback
    238           *
    239           * @brief   Callback service for keys
    240           *
    241           * @param   keys  - keys that were pressed
    242           *          state - shifted
    243           *
    244           * @return  void
    245           *********************************************************************/

   \                                 In  segment BANKED_CODE, align 1, keep-with-next
    246          void OnBoard_KeyCallback ( uint8 keys, uint8 state )
   \                     OnBoard_KeyCallback:
    247          {
   \   000000                REQUIRE ?V0
   \   000000   74F7         MOV     A,#-0x9
   \   000002   12....       LCALL   ?BANKED_ENTER_XDATA
   \   000005                ; Saved register size: 9
   \   000005                ; Auto size: 0
   \   000005   E9           MOV     A,R1
   \   000006   FF           MOV     R7,A
   \   000007   8A..         MOV     ?V0,R2
    248            uint8 shift;
    249            (void)state;
    250          
    251            shift = (keys & HAL_KEY_SW_6) ? true : false;
   \   000009   EF           MOV     A,R7
   \   00000A   A2E5         MOV     C,0xE0 /* A   */.5
   \   00000C   5004         JNC     ??OnBoard_KeyCallback_0
   \   00000E   D2F0         SETB    B.0
   \   000010   8002         SJMP    ??OnBoard_KeyCallback_1
   \                     ??OnBoard_KeyCallback_0:
   \   000012   C2F0         CLR     B.0
   \                     ??OnBoard_KeyCallback_1:
   \   000014   A2F0         MOV     C,B.0
   \   000016   E4           CLR     A
   \   000017   33           RLC     A
   \   000018   FE           MOV     R6,A
    252          
    253            if ( OnBoard_SendKeys( keys, shift ) != ZSuccess )
   \   000019                ; Setup parameters for call to function OnBoard_SendKeys
   \   000019   EE           MOV     A,R6
   \   00001A   FA           MOV     R2,A
   \   00001B   EF           MOV     A,R7
   \   00001C   F9           MOV     R1,A
   \   00001D   12....       LCALL   `??OnBoard_SendKeys::?relay`; Banked call to: OnBoard_SendKeys
   \   000020   E9           MOV     A,R1
    254            {
    255              // Process SW1 here
    256              if ( keys & HAL_KEY_SW_1 )  // Switch 1
    257              {
    258              }
    259              // Process SW2 here
    260              if ( keys & HAL_KEY_SW_2 )  // Switch 2
    261              {
    262              }
    263              // Process SW3 here
    264              if ( keys & HAL_KEY_SW_3 )  // Switch 3
    265              {
    266              }
    267              // Process SW4 here
    268              if ( keys & HAL_KEY_SW_4 )  // Switch 4
    269              {
    270              }
    271              // Process SW5 here
    272              if ( keys & HAL_KEY_SW_5 )  // Switch 5
    273              {
    274              }
    275              // Process SW6 here
    276              if ( keys & HAL_KEY_SW_6 )  // Switch 6
    277              {
    278              }
    279            }
    280          }
   \   000021   7F01         MOV     R7,#0x1
   \   000023   02....       LJMP    ?BANKED_LEAVE_XDATA
    281          
    282          /*********************************************************************
    283           * @fn      OnBoard_stack_used
    284           *
    285           * @brief   Runs through the stack looking for touched memory.
    286           *
    287           * @param   none
    288           *
    289           * @return  Maximum number of bytes used by the stack.
    290           *********************************************************************/

   \                                 In  segment BANKED_CODE, align 1, keep-with-next
    291          uint16 OnBoard_stack_used(void)
   \                     OnBoard_stack_used:
    292          {
   \   000000   C082         PUSH    DPL
   \   000002   C083         PUSH    DPH
   \   000004                ; Saved register size: 2
   \   000004                ; Auto size: 0
    293            uint8 const *ptr;
    294            uint8 cnt = 0;
   \   000004   7800         MOV     R0,#0x0
    295          
    296            for (ptr = CSTACK_END; ptr > CSTACK_BEG; ptr--)
   \   000006   7582..       MOV     DPL,#(SFE(XSTACK) + 255) & 0xff
   \   000009   7583..       MOV     DPH,#((SFE(XSTACK) - 1) >> 8) & 0xff
   \                     ??OnBoard_stack_used_0:
   \   00000C   C3           CLR     C
   \   00000D   74..         MOV     A,#SFB(XSTACK) & 0xff
   \   00000F   9582         SUBB    A,DPL
   \   000011   74..         MOV     A,#(SFB(XSTACK) >> 8) & 0xff
   \   000013   9583         SUBB    A,DPH
   \   000015   5028         JNC     ??OnBoard_stack_used_1
    297            {
    298              if (STACK_INIT_VALUE == *ptr)
   \   000017   E0           MOVX    A,@DPTR
   \   000018   64CD         XRL     A,#0xcd
   \   00001A   7013         JNZ     ??OnBoard_stack_used_2
    299              {
    300                if (++cnt >= MIN_RAM_INIT)
   \   00001C   08           INC     R0
   \   00001D   E8           MOV     A,R0
   \   00001E   C3           CLR     C
   \   00001F   940C         SUBB    A,#0xc
   \   000021   400E         JC      ??OnBoard_stack_used_3
    301                {
    302                  ptr += MIN_RAM_INIT;
   \   000023   E582         MOV     A,DPL
   \   000025   240C         ADD     A,#0xc
   \   000027   F582         MOV     DPL,A
   \   000029   5014         JNC     ??OnBoard_stack_used_1
   \   00002B   0583         INC     DPH
    303                  break;
   \   00002D   8010         SJMP    ??OnBoard_stack_used_1
    304                }
    305              }
    306              else
    307              {
    308                cnt = 0;
   \                     ??OnBoard_stack_used_2:
   \   00002F   7800         MOV     R0,#0x0
    309              }
    310            }
   \                     ??OnBoard_stack_used_3:
   \   000031   E582         MOV     A,DPL
   \   000033   24FF         ADD     A,#-0x1
   \   000035   F582         MOV     DPL,A
   \   000037   E583         MOV     A,DPH
   \   000039   34FF         ADDC    A,#-0x1
   \   00003B   F583         MOV     DPH,A
   \   00003D   80CD         SJMP    ??OnBoard_stack_used_0
    311          
    312            return (uint16)(CSTACK_END - ptr + 1);
   \                     ??OnBoard_stack_used_1:
   \   00003F   74..         MOV     A,#(SFE(XSTACK) + 255) & 0xff
   \   000041   C3           CLR     C
   \   000042   9582         SUBB    A,DPL
   \   000044   FA           MOV     R2,A
   \   000045   74..         MOV     A,#((SFE(XSTACK) - 1) >> 8) & 0xff
   \   000047   9583         SUBB    A,DPH
   \   000049   FB           MOV     R3,A
   \   00004A   EA           MOV     A,R2
   \   00004B   2401         ADD     A,#0x1
   \   00004D   FA           MOV     R2,A
   \   00004E   5001         JNC     ??OnBoard_stack_used_4
   \   000050   0B           INC     R3
   \                     ??OnBoard_stack_used_4:
   \   000051   D083         POP     DPH
   \   000053   D082         POP     DPL
   \   000055   02....       LJMP    ?BRET
    313          }
    314          
    315          /*********************************************************************
    316           * @fn      _itoa
    317           *
    318           * @brief   convert a 16bit number to ASCII
    319           *
    320           * @param   num -
    321           *          buf -
    322           *          radix -
    323           *
    324           * @return  void
    325           *
    326           *********************************************************************/

   \                                 In  segment BANKED_CODE, align 1, keep-with-next
    327          void _itoa(uint16 num, uint8 *buf, uint8 radix)
   \                     _itoa:
    328          {
   \   000000                REQUIRE ?V0
   \   000000                REQUIRE ?V1
   \   000000                REQUIRE ?V2
   \   000000                REQUIRE ?V3
   \   000000                REQUIRE ?V4
   \   000000                REQUIRE ?V6
   \   000000                REQUIRE ?V7
   \   000000   74F0         MOV     A,#-0x10
   \   000002   12....       LCALL   ?BANKED_ENTER_XDATA
   \   000005                ; Saved register size: 16
   \   000005                ; Auto size: 5
   \   000005   74FB         MOV     A,#-0x5
   \   000007   12....       LCALL   ?ALLOC_XSTACK8
   \   00000A   EA           MOV     A,R2
   \   00000B   FE           MOV     R6,A
   \   00000C   EB           MOV     A,R3
   \   00000D   FF           MOV     R7,A
   \   00000E   89..         MOV     ?V4,R1
    329            char c,i;
    330            uint8 *p, rst[5];
    331          
    332            p = rst;
   \   000010   A8..         MOV     R0,?XSP + 0
   \   000012   A9..         MOV     R1,?XSP + 1
   \   000014   88..         MOV     ?V6,R0
   \   000016   89..         MOV     ?V7,R1
   \   000018   85....       MOV     ?V0,?V6
   \   00001B   85....       MOV     ?V1,?V7
    333            for ( i=0; i<5; i++,p++ )
   \   00001E   75..00       MOV     ?V3,#0x0
   \                     ??_itoa_0:
   \   000021   E5..         MOV     A,?V3
   \   000023   C3           CLR     C
   \   000024   9405         SUBB    A,#0x5
   \   000026   5055         JNC     ??_itoa_1
    334            {
    335              c = num % radix;  // Isolate a digit
   \   000028   EE           MOV     A,R6
   \   000029   F8           MOV     R0,A
   \   00002A   EF           MOV     A,R7
   \   00002B   F9           MOV     R1,A
   \   00002C   AA..         MOV     R2,?V4
   \   00002E   7B00         MOV     R3,#0x0
   \   000030   12....       LCALL   ?US_DIV_MOD
   \   000033   EA           MOV     A,R2
   \   000034   F5..         MOV     ?V2,A
    336              *p = c + (( c < 10 ) ? '0' : '7');  // Convert to Ascii
   \   000036   E5..         MOV     A,?V2
   \   000038   C3           CLR     C
   \   000039   940A         SUBB    A,#0xa
   \   00003B   5006         JNC     ??_itoa_2
   \   00003D   7830         MOV     R0,#0x30
   \   00003F   7900         MOV     R1,#0x0
   \   000041   8004         SJMP    ??_itoa_3
   \                     ??_itoa_2:
   \   000043   7837         MOV     R0,#0x37
   \   000045   7900         MOV     R1,#0x0
   \                     ??_itoa_3:
   \   000047   E8           MOV     A,R0
   \   000048   25..         ADD     A,?V2
   \   00004A   C0E0         PUSH    A
   \   00004C   85..82       MOV     DPL,?V0
   \   00004F   85..83       MOV     DPH,?V1
   \   000052   D0E0         POP     A
   \   000054   F0           MOVX    @DPTR,A
    337              num /= radix;
   \   000055   EE           MOV     A,R6
   \   000056   F8           MOV     R0,A
   \   000057   EF           MOV     A,R7
   \   000058   F9           MOV     R1,A
   \   000059   AA..         MOV     R2,?V4
   \   00005B   7B00         MOV     R3,#0x0
   \   00005D   12....       LCALL   ?US_DIV_MOD
   \   000060   88..         MOV     ?V6,R0
   \   000062   89..         MOV     ?V7,R1
   \   000064   AE..         MOV     R6,?V6
   \   000066   AF..         MOV     R7,?V7
    338              if ( !num )
   \   000068   EE           MOV     A,R6
   \   000069   4F           ORL     A,R7
   \   00006A   6011         JZ      ??_itoa_1
    339                break;
    340            }
   \   00006C   05..         INC     ?V3
   \   00006E   85..82       MOV     DPL,?V0
   \   000071   85..83       MOV     DPH,?V1
   \   000074   A3           INC     DPTR
   \   000075   8582..       MOV     ?V0,DPL
   \   000078   8583..       MOV     ?V1,DPH
   \   00007B   80A4         SJMP    ??_itoa_0
    341          
    342            for ( c=0 ; c<=i; c++ )
   \                     ??_itoa_1:
   \   00007D   75..00       MOV     ?V2,#0x0
   \                     ??_itoa_4:
   \   000080   E5..         MOV     A,?V3
   \   000082   C3           CLR     C
   \   000083   95..         SUBB    A,?V2
   \   000085   4029         JC      ??_itoa_5
    343              *buf++ = *p--;  // Reverse character order
   \   000087   85..82       MOV     DPL,?V0
   \   00008A   85..83       MOV     DPH,?V1
   \   00008D   E0           MOVX    A,@DPTR
   \   00008E   C0E0         PUSH    A
   \   000090   8C82         MOV     DPL,R4
   \   000092   8D83         MOV     DPH,R5
   \   000094   D0E0         POP     A
   \   000096   F0           MOVX    @DPTR,A
   \   000097   E5..         MOV     A,?V0
   \   000099   24FF         ADD     A,#-0x1
   \   00009B   F5..         MOV     ?V0,A
   \   00009D   E5..         MOV     A,?V1
   \   00009F   34FF         ADDC    A,#-0x1
   \   0000A1   F5..         MOV     ?V1,A
   \   0000A3   8C82         MOV     DPL,R4
   \   0000A5   8D83         MOV     DPH,R5
   \   0000A7   A3           INC     DPTR
   \   0000A8   AC82         MOV     R4,DPL
   \   0000AA   AD83         MOV     R5,DPH
   \   0000AC   05..         INC     ?V2
   \   0000AE   80D0         SJMP    ??_itoa_4
    344          
    345            *buf = '\0';
   \                     ??_itoa_5:
   \   0000B0   8C82         MOV     DPL,R4
   \   0000B2   8D83         MOV     DPH,R5
   \   0000B4   7400         MOV     A,#0x0
   \   0000B6   F0           MOVX    @DPTR,A
    346          }
   \   0000B7   7405         MOV     A,#0x5
   \   0000B9   12....       LCALL   ?DEALLOC_XSTACK8
   \   0000BC   7F08         MOV     R7,#0x8
   \   0000BE   02....       LJMP    ?BANKED_LEAVE_XDATA
    347          
    348          /*********************************************************************
    349           * @fn        Onboard_rand
    350           *
    351           * @brief    Random number generator
    352           *
    353           * @param   none
    354           *
    355           * @return  uint16 - new random number
    356           *
    357           *********************************************************************/

   \                                 In  segment BANKED_CODE, align 1, keep-with-next
    358          uint16 Onboard_rand( void )
   \                     Onboard_rand:
    359          {
   \   000000   C082         PUSH    DPL
   \   000002   C083         PUSH    DPH
   \   000004                ; Saved register size: 2
   \   000004                ; Auto size: 0
    360            return ( MAC_RADIO_RANDOM_WORD() );
   \   000004                ; Setup parameters for call to function macMcuRandomWord
   \   000004   12....       LCALL   `??macMcuRandomWord::?relay`; Banked call to: macMcuRandomWord
   \   000007   D083         POP     DPH
   \   000009   D082         POP     DPL
   \   00000B   02....       LJMP    ?BRET
    361          }
    362          
    363          /*********************************************************************
    364           * @fn        Onboard_wait
    365           *
    366           * @brief    Delay wait
    367           *
    368           * @param   uint16 - time to wait
    369           *
    370           * @return  none
    371           *
    372           *********************************************************************/

   \                                 In  segment BANKED_CODE, align 1, keep-with-next
    373          void Onboard_wait( uint16 timeout )
   \                     Onboard_wait:
    374          {
   \   000000                ; Saved register size: 0
   \   000000                ; Auto size: 0
    375            while (timeout--)
   \                     ??Onboard_wait_0:
   \   000000   EA           MOV     A,R2
   \   000001   F8           MOV     R0,A
   \   000002   EB           MOV     A,R3
   \   000003   F9           MOV     R1,A
   \   000004   E8           MOV     A,R0
   \   000005   24FF         ADD     A,#-0x1
   \   000007   FA           MOV     R2,A
   \   000008   E9           MOV     A,R1
   \   000009   34FF         ADDC    A,#-0x1
   \   00000B   FB           MOV     R3,A
   \   00000C   E8           MOV     A,R0
   \   00000D   49           ORL     A,R1
   \   00000E   6005         JZ      ??Onboard_wait_1
    376            {
    377              asm("NOP");
   \   000010   00           NOP
    378              asm("NOP");
   \   000011   00           NOP
    379              asm("NOP");
   \   000012   00           NOP
   \   000013   80EB         SJMP    ??Onboard_wait_0
    380            }
    381          }
   \                     ??Onboard_wait_1:
   \   000015   02....       LJMP    ?BRET
    382          
    383          /*********************************************************************
    384           * @fn      Onboard_soft_reset
    385           *
    386           * @brief   Effect a soft reset.
    387           *
    388           * @param   none
    389           *
    390           * @return  none
    391           *
    392           *********************************************************************/

   \                                 In  segment NEAR_CODE, align 1, keep-with-next
    393          __near_func void Onboard_soft_reset( void )
   \                     Onboard_soft_reset:
    394          {
   \   000000                ; Saved register size: 0
   \   000000                ; Auto size: 0
    395            HAL_DISABLE_INTERRUPTS();
   \   000000   C2AF         CLR     0xa8.7
    396            // Abort all DMA channels to insure that ongoing operations do not
    397            // interfere with re-configuration.
    398            DMAARM = 0x80 | 0x1F;
   \   000002   75D69F       MOV     0xd6,#-0x61
    399            asm("LJMP 0x0");
   \   000005   020000       LJMP 0x0
    400          }
   \   000008   22           RET
   \   000009                REQUIRE _A_IEN0
   \   000009                REQUIRE DMAARM
    401          
    402          #if defined MT_UBL_FUNC
    403          #if !defined UBL_RC_IMG_PG_BEG
    404          #define UBL_RC_IMG_PG_BEG  (HAL_SB_CRC_ADDR / HAL_FLASH_PAGE_SIZE)
    405          #endif
    406          #if !defined UBL_MD_PG_OFFSET
    407          #define UBL_MD_PG_OFFSET   (HAL_SB_CRC_ADDR % HAL_FLASH_PAGE_SIZE + 2)
    408          #endif
    409          #if !defined UBL_ADDR
    410          #define UBL_MD_ADDR        (HAL_SB_CRC_ADDR + 2)
    411          #endif
    412          
    413          /*********************************************************************
    414           * @fn      MT_UblCommandProcessing
    415           *
    416           * @brief   Effect a soft reset.
    417           *
    418           * @param   pBuf - Pointer to the received MT buffer.
    419           *
    420           * @return  MT_RPC_ERR_COMMAND_ID if the MT command is not MT_UBL_ERASE.
    421           *
    422           *********************************************************************/
    423          uint8 MT_UblCommandProcessing(uint8 *pBuf);
    424          uint8 MT_UblCommandProcessing(uint8 *pBuf)
    425          {
    426            if (pBuf[MT_RPC_POS_CMD1] == MT_UBL_ERASE)
    427            {
    428              uint16 crc[2];
    429              HalFlashRead(UBL_RC_IMG_PG_BEG, UBL_MD_PG_OFFSET, (uint8 *)(crc+1), 2);
    430          
    431              if (crc[1] != 0)
    432              {
    433                crc[1] ^= 0xFFFF;  // Only write to zero bits that are not already zero.
    434                crc[0] = 0xFFFF;
    435                HalFlashWrite((UBL_MD_ADDR - 2) / HAL_FLASH_WORD_SIZE, (uint8 *)crc, 1);
    436              }
    437          
    438              Onboard_soft_reset();
    439            }
    440          
    441            return MT_RPC_ERR_COMMAND_ID;
    442          }
    443          #endif
    444          
    445          /*********************************************************************
    446           *                    EXTERNAL I/O FUNCTIONS
    447           *
    448           * User defined functions to control external devices. Add your code
    449           * to the following functions to control devices wired to DB outputs.
    450           *
    451           *********************************************************************/
    452          

   \                                 In  segment BANKED_CODE, align 1, keep-with-next
    453          void BigLight_On( void )
   \                     BigLight_On:
    454          {
   \   000000                ; Saved register size: 0
   \   000000                ; Auto size: 0
    455            // Put code here to turn on an external light
    456          }
   \   000000   02....       LJMP    ?BRET
    457          

   \                                 In  segment BANKED_CODE, align 1, keep-with-next
    458          void BigLight_Off( void )
   \                     BigLight_Off:
    459          {
   \   000000                ; Saved register size: 0
   \   000000                ; Auto size: 0
    460            // Put code here to turn off an external light
    461          }
   \   000000   02....       LJMP    ?BRET
    462          

   \                                 In  segment BANKED_CODE, align 1, keep-with-next
    463          void BuzzerControl( uint8 on )
   \                     BuzzerControl:
    464          {
   \   000000                ; Saved register size: 0
   \   000000                ; Auto size: 0
    465            // Put code here to turn a buzzer on/off
    466            (void)on;
    467          }
   \   000000   02....       LJMP    ?BRET
    468          

   \                                 In  segment BANKED_CODE, align 1, keep-with-next
    469          void Dimmer( uint8 lvl )
   \                     Dimmer:
    470          {
   \   000000                ; Saved register size: 0
   \   000000                ; Auto size: 0
    471            // Put code here to control a dimmer
    472            (void)lvl;
    473          }
   \   000000   02....       LJMP    ?BRET
    474          
    475          // No dip switches on this board

   \                                 In  segment BANKED_CODE, align 1, keep-with-next
    476          uint8 GetUserDipSw( void )
   \                     GetUserDipSw:
    477          {
   \   000000                ; Saved register size: 0
   \   000000                ; Auto size: 0
    478            return 0;
   \   000000   7900         MOV     R1,#0x0
   \   000002   02....       LJMP    ?BRET
    479          }

   \                                 In  segment XDATA_ID, align 1, keep-with-next
   \                     `?<Initializer for registeredKeysTaskID>`:
   \   000000   FF           DB 255

   \                                 In  segment BANK_RELAYS, align 1
   \                     `??InitBoard::?relay`:
   \   000000   12....       LCALL   ?BDISPATCH
   \   000003   ......       DC24    InitBoard

   \                                 In  segment BANK_RELAYS, align 1
   \                     `??ChkReset::?relay`:
   \   000000   12....       LCALL   ?BDISPATCH
   \   000003   ......       DC24    ChkReset

   \                                 In  segment BANK_RELAYS, align 1
   \                     `??RegisterForKeys::?relay`:
   \   000000   12....       LCALL   ?BDISPATCH
   \   000003   ......       DC24    RegisterForKeys

   \                                 In  segment BANK_RELAYS, align 1
   \                     `??OnBoard_SendKeys::?relay`:
   \   000000   12....       LCALL   ?BDISPATCH
   \   000003   ......       DC24    OnBoard_SendKeys

   \                                 In  segment BANK_RELAYS, align 1
   \                     `??OnBoard_KeyCallback::?relay`:
   \   000000   12....       LCALL   ?BDISPATCH
   \   000003   ......       DC24    OnBoard_KeyCallback

   \                                 In  segment BANK_RELAYS, align 1
   \                     `??OnBoard_stack_used::?relay`:
   \   000000   12....       LCALL   ?BDISPATCH
   \   000003   ......       DC24    OnBoard_stack_used

   \                                 In  segment BANK_RELAYS, align 1
   \                     `??_itoa::?relay`:
   \   000000   12....       LCALL   ?BDISPATCH
   \   000003   ......       DC24    _itoa

   \                                 In  segment BANK_RELAYS, align 1
   \                     `??Onboard_rand::?relay`:
   \   000000   12....       LCALL   ?BDISPATCH
   \   000003   ......       DC24    Onboard_rand

   \                                 In  segment BANK_RELAYS, align 1
   \                     `??Onboard_wait::?relay`:
   \   000000   12....       LCALL   ?BDISPATCH
   \   000003   ......       DC24    Onboard_wait

   \                                 In  segment BANK_RELAYS, align 1
   \                     `??BigLight_On::?relay`:
   \   000000   12....       LCALL   ?BDISPATCH
   \   000003   ......       DC24    BigLight_On

   \                                 In  segment BANK_RELAYS, align 1
   \                     `??BigLight_Off::?relay`:
   \   000000   12....       LCALL   ?BDISPATCH
   \   000003   ......       DC24    BigLight_Off

   \                                 In  segment BANK_RELAYS, align 1
   \                     `??BuzzerControl::?relay`:
   \   000000   12....       LCALL   ?BDISPATCH
   \   000003   ......       DC24    BuzzerControl

   \                                 In  segment BANK_RELAYS, align 1
   \                     `??Dimmer::?relay`:
   \   000000   12....       LCALL   ?BDISPATCH
   \   000003   ......       DC24    Dimmer

   \                                 In  segment BANK_RELAYS, align 1
   \                     `??GetUserDipSw::?relay`:
   \   000000   12....       LCALL   ?BDISPATCH
   \   000003   ......       DC24    GetUserDipSw
    480          
    481          /*********************************************************************
    482          *********************************************************************/

   Maximum stack usage in bytes:

   ISTACK XSTACK Function
   ------ ------ --------
      0      0   BigLight_Off
      0      0   BigLight_On
      0      0   BuzzerControl
      0     18   ChkReset
        0      9   -> halAssertHandler
      0      0   Dimmer
      0      0   GetUserDipSw
      0      9   InitBoard
        0      9   -> ChkReset
        0      9   -> HalKeyConfig
        0      9   -> osal_int_disable
      0      9   OnBoard_KeyCallback
        0      9   -> OnBoard_SendKeys
      1     21   OnBoard_SendKeys
        0     12   -> osal_msg_allocate
        0     12   -> osal_msg_send
      2      0   OnBoard_stack_used
      2      0   Onboard_rand
        2      0   -> macMcuRandomWord
      0      0   Onboard_soft_reset
      0      0   Onboard_wait
      2      0   RegisterForKeys
      1     21   _itoa


   Segment part sizes:

   Bytes  Function/Label
   -----  --------------
       1  ?<Initializer for registeredKeysTaskID>
       3  BigLight_Off
       6  BigLight_Off::?relay
       3  BigLight_On
       6  BigLight_On::?relay
       3  BuzzerControl
       6  BuzzerControl::?relay
      31  ChkReset
       6  ChkReset::?relay
       1  DMAARM
       3  Dimmer
       6  Dimmer::?relay
       5  GetUserDipSw
       6  GetUserDipSw::?relay
      41  InitBoard
       6  InitBoard::?relay
      38  OnBoard_KeyCallback
       6  OnBoard_KeyCallback::?relay
      94  OnBoard_SendKeys
       6  OnBoard_SendKeys::?relay
      88  OnBoard_stack_used
       6  OnBoard_stack_used::?relay
      14  Onboard_rand
       6  Onboard_rand::?relay
       9  Onboard_soft_reset
      24  Onboard_wait
       6  Onboard_wait::?relay
      32  RegisterForKeys
       6  RegisterForKeys::?relay
       1  SLEEPSTA
       1  _A_IEN0
     193  _itoa
       6  _itoa::?relay
      16  _lockBits
       8  _nvIEEE
    1932  _reserved
       8  aExtendedAddress
       1  registeredKeysTaskID

 
   572 bytes in segment BANKED_CODE
    84 bytes in segment BANK_RELAYS
     8 bytes in segment IEEE_ADDRESS_SPACE
    16 bytes in segment LOCK_BITS_ADDRESS_SPACE
     9 bytes in segment NEAR_CODE
 1 932 bytes in segment RESERVED_ADDRESS_SPACE
     3 bytes in segment SFR_AN
     1 byte  in segment XDATA_I
     1 byte  in segment XDATA_ID
     8 bytes in segment XDATA_Z
 
   666 bytes of CODE  memory
     0 bytes of DATA  memory (+ 3 bytes shared)
 1 965 bytes of XDATA memory

Errors: none
Warnings: none
