###############################################################################
#
# IAR C/C++ Compiler V9.30.1.3056 for 8051                21/Apr/2017  17:49:10
# Copyright 2004-2015 IAR Systems AB.
#
#    Core               =  plain
#    Code model         =  banked
#    Data model         =  large
#    Calling convention =  xdata reentrant
#    Constant location  =  data_rom
#    Dptr setup         =  1,16
#                          
#    Source file        =  
#        C:\Texas Instruments\Z-Stack Mesh 1.0.0_chaokw_20160317\Z-Stack Mesh
#        1.0.0_chaokw_20160316\Z-Stack Mesh 1.0.0_LCDOK\Z-Stack Mesh
#        1.0.0\Components\hal\target\CC2530EB\hal_led.c
#    Command line       =  
#        -f "C:\Texas Instruments\Z-Stack Mesh 1.0.0_chaokw_20160317\Z-Stack
#        Mesh 1.0.0_chaokw_20160316\Z-Stack Mesh 1.0.0_LCDOK\Z-Stack Mesh
#        1.0.0\Projects\zstack\Samples\GenericApp\CC2530DB\..\..\..\Tools\CC2530DB\f8wCoord.cfg"
#        (-DCPU32MHZ -DROOT=__near_func -DMAC_CFG_APP_PENDING_QUEUE=TRUE
#        -DMAC_CFG_TX_DATA_MAX=5 -DMAC_CFG_TX_MAX=8 -DMAC_CFG_RX_MAX=5
#        -DZDO_COORDINATOR -DRTR_NWK) -f "C:\Texas Instruments\Z-Stack Mesh
#        1.0.0_chaokw_20160317\Z-Stack Mesh 1.0.0_chaokw_20160316\Z-Stack Mesh
#        1.0.0_LCDOK\Z-Stack Mesh
#        1.0.0\Projects\zstack\Samples\GenericApp\CC2530DB\..\..\..\Tools\CC2530DB\f8wConfig.cfg"
#        (-DZIGBEEPRO -DSECURE=1 -DZG_SECURE_DYNAMIC=0 -DREFLECTOR
#        -DDEFAULT_CHANLIST=0x04000000 -DZDAPP_CONFIG_PAN_ID=0x0085
#        -DNWK_START_DELAY=100 -DEXTENDED_JOINING_RANDOM_MASK=0x007F
#        -DBEACON_REQUEST_DELAY=100 -DBEACON_REQ_DELAY_MASK=0x00FF
#        -DLINK_STATUS_JITTER_MASK=0x007F -DROUTE_EXPIRY_TIME=30
#        -DAPSC_ACK_WAIT_DURATION_POLLED=3000 -DNWK_INDIRECT_MSG_TIMEOUT=7
#        -DMAX_RREQ_ENTRIES=8 -DAPSC_MAX_FRAME_RETRIES=5
#        -DNWK_MAX_DATA_RETRIES=2 -DMAX_POLL_FAILURE_RETRIES=2 -DMAX_BCAST=9
#        -DAPS_MAX_GROUPS=16 -DMAX_RTG_ENTRIES=40 -DNWK_MAX_BINDING_ENTRIES=4
#        -DMAX_BINDING_CLUSTER_IDS=4 "-DDEFAULT_KEY={0x01, 0x03, 0x05, 0x07,
#        0x09, 0x0B, 0x0D, 0x0F, 0x00, 0x02, 0x04, 0x06, 0x08, 0x0A, 0x0C,
#        0x0D}" -DMAC_MAX_FRAME_SIZE=116 -DZDNWKMGR_MIN_TRANSMISSIONS=20
#        "-DCONST=const __code" -DGENERIC=__generic -DRFD_RCVC_ALWAYS_ON=FALSE
#        -DPOLL_RATE=1000 -DQUEUED_POLL_RATE=100 -DRESPONSE_POLL_RATE=100
#        -DREJOIN_POLL_RATE=440) -DCHANNEL_CNT=0x01 "C:\Texas
#        Instruments\Z-Stack Mesh 1.0.0_chaokw_20160317\Z-Stack Mesh
#        1.0.0_chaokw_20160316\Z-Stack Mesh 1.0.0_LCDOK\Z-Stack Mesh
#        1.0.0\Components\hal\target\CC2530EB\hal_led.c" -D ZTOOL_P1 -D MT_TASK
#        -D MT_SYS_FUNC -D MT_ZDO_FUNC -D LCD_SUPPORTED=DEBUG -D NV_RESTORE -D
#        NV_INIT -D NODE_AUTH -D xWIFI_FREQUENCY_SELECT -D OPEN_FCS -lC
#        "C:\Texas Instruments\Z-Stack Mesh 1.0.0_chaokw_20160317\Z-Stack Mesh
#        1.0.0_chaokw_20160316\Z-Stack Mesh 1.0.0_LCDOK\Z-Stack Mesh
#        1.0.0\Projects\zstack\Samples\GenericApp\CC2530DB\CoordinatorEB\List"
#        -lA "C:\Texas Instruments\Z-Stack Mesh 1.0.0_chaokw_20160317\Z-Stack
#        Mesh 1.0.0_chaokw_20160316\Z-Stack Mesh 1.0.0_LCDOK\Z-Stack Mesh
#        1.0.0\Projects\zstack\Samples\GenericApp\CC2530DB\CoordinatorEB\List"
#        --diag_suppress Pe001,Pa010 -o "C:\Texas Instruments\Z-Stack Mesh
#        1.0.0_chaokw_20160317\Z-Stack Mesh 1.0.0_chaokw_20160316\Z-Stack Mesh
#        1.0.0_LCDOK\Z-Stack Mesh
#        1.0.0\Projects\zstack\Samples\GenericApp\CC2530DB\CoordinatorEB\Obj"
#        -e --no_cse --no_unroll --no_inline --no_code_motion --no_tbaa --debug
#        --core=plain --dptr=16,1 --data_model=large --code_model=banked
#        --calling_convention=xdata_reentrant --place_constants=data_rom
#        --nr_virtual_regs 16 -I "C:\Texas Instruments\Z-Stack Mesh
#        1.0.0_chaokw_20160317\Z-Stack Mesh 1.0.0_chaokw_20160316\Z-Stack Mesh
#        1.0.0_LCDOK\Z-Stack Mesh
#        1.0.0\Projects\zstack\Samples\GenericApp\CC2530DB\" -I "C:\Texas
#        Instruments\Z-Stack Mesh 1.0.0_chaokw_20160317\Z-Stack Mesh
#        1.0.0_chaokw_20160316\Z-Stack Mesh 1.0.0_LCDOK\Z-Stack Mesh
#        1.0.0\Projects\zstack\Samples\GenericApp\CC2530DB\..\Source\" -I
#        "C:\Texas Instruments\Z-Stack Mesh 1.0.0_chaokw_20160317\Z-Stack Mesh
#        1.0.0_chaokw_20160316\Z-Stack Mesh 1.0.0_LCDOK\Z-Stack Mesh
#        1.0.0\Projects\zstack\Samples\GenericApp\CC2530DB\..\..\..\Application\"
#        -I "C:\Texas Instruments\Z-Stack Mesh 1.0.0_chaokw_20160317\Z-Stack
#        Mesh 1.0.0_chaokw_20160316\Z-Stack Mesh 1.0.0_LCDOK\Z-Stack Mesh
#        1.0.0\Projects\zstack\Samples\GenericApp\CC2530DB\..\..\..\ZMain\TI2530DB\"
#        -I "C:\Texas Instruments\Z-Stack Mesh 1.0.0_chaokw_20160317\Z-Stack
#        Mesh 1.0.0_chaokw_20160316\Z-Stack Mesh 1.0.0_LCDOK\Z-Stack Mesh
#        1.0.0\Projects\zstack\Samples\GenericApp\CC2530DB\..\..\..\..\..\Components\hal\include\"
#        -I "C:\Texas Instruments\Z-Stack Mesh 1.0.0_chaokw_20160317\Z-Stack
#        Mesh 1.0.0_chaokw_20160316\Z-Stack Mesh 1.0.0_LCDOK\Z-Stack Mesh
#        1.0.0\Projects\zstack\Samples\GenericApp\CC2530DB\..\..\..\..\..\Components\hal\target\CC2530EB\"
#        -I "C:\Texas Instruments\Z-Stack Mesh 1.0.0_chaokw_20160317\Z-Stack
#        Mesh 1.0.0_chaokw_20160316\Z-Stack Mesh 1.0.0_LCDOK\Z-Stack Mesh
#        1.0.0\Projects\zstack\Samples\GenericApp\CC2530DB\..\..\..\..\..\Components\mac\include\"
#        -I "C:\Texas Instruments\Z-Stack Mesh 1.0.0_chaokw_20160317\Z-Stack
#        Mesh 1.0.0_chaokw_20160316\Z-Stack Mesh 1.0.0_LCDOK\Z-Stack Mesh
#        1.0.0\Projects\zstack\Samples\GenericApp\CC2530DB\..\..\..\..\..\Components\mac\high_level\"
#        -I "C:\Texas Instruments\Z-Stack Mesh 1.0.0_chaokw_20160317\Z-Stack
#        Mesh 1.0.0_chaokw_20160316\Z-Stack Mesh 1.0.0_LCDOK\Z-Stack Mesh
#        1.0.0\Projects\zstack\Samples\GenericApp\CC2530DB\..\..\..\..\..\Components\mac\low_level\srf04\"
#        -I "C:\Texas Instruments\Z-Stack Mesh 1.0.0_chaokw_20160317\Z-Stack
#        Mesh 1.0.0_chaokw_20160316\Z-Stack Mesh 1.0.0_LCDOK\Z-Stack Mesh
#        1.0.0\Projects\zstack\Samples\GenericApp\CC2530DB\..\..\..\..\..\Components\mac\low_level\srf04\single_chip\"
#        -I "C:\Texas Instruments\Z-Stack Mesh 1.0.0_chaokw_20160317\Z-Stack
#        Mesh 1.0.0_chaokw_20160316\Z-Stack Mesh 1.0.0_LCDOK\Z-Stack Mesh
#        1.0.0\Projects\zstack\Samples\GenericApp\CC2530DB\..\..\..\..\..\Components\mt\"
#        -I "C:\Texas Instruments\Z-Stack Mesh 1.0.0_chaokw_20160317\Z-Stack
#        Mesh 1.0.0_chaokw_20160316\Z-Stack Mesh 1.0.0_LCDOK\Z-Stack Mesh
#        1.0.0\Projects\zstack\Samples\GenericApp\CC2530DB\..\..\..\..\..\Components\osal\include\"
#        -I "C:\Texas Instruments\Z-Stack Mesh 1.0.0_chaokw_20160317\Z-Stack
#        Mesh 1.0.0_chaokw_20160316\Z-Stack Mesh 1.0.0_LCDOK\Z-Stack Mesh
#        1.0.0\Projects\zstack\Samples\GenericApp\CC2530DB\..\..\..\..\..\Components\services\saddr\"
#        -I "C:\Texas Instruments\Z-Stack Mesh 1.0.0_chaokw_20160317\Z-Stack
#        Mesh 1.0.0_chaokw_20160316\Z-Stack Mesh 1.0.0_LCDOK\Z-Stack Mesh
#        1.0.0\Projects\zstack\Samples\GenericApp\CC2530DB\..\..\..\..\..\Components\services\sdata\"
#        -I "C:\Texas Instruments\Z-Stack Mesh 1.0.0_chaokw_20160317\Z-Stack
#        Mesh 1.0.0_chaokw_20160316\Z-Stack Mesh 1.0.0_LCDOK\Z-Stack Mesh
#        1.0.0\Projects\zstack\Samples\GenericApp\CC2530DB\..\..\..\..\..\Components\stack\af\"
#        -I "C:\Texas Instruments\Z-Stack Mesh 1.0.0_chaokw_20160317\Z-Stack
#        Mesh 1.0.0_chaokw_20160316\Z-Stack Mesh 1.0.0_LCDOK\Z-Stack Mesh
#        1.0.0\Projects\zstack\Samples\GenericApp\CC2530DB\..\..\..\..\..\Components\stack\nwk\"
#        -I "C:\Texas Instruments\Z-Stack Mesh 1.0.0_chaokw_20160317\Z-Stack
#        Mesh 1.0.0_chaokw_20160316\Z-Stack Mesh 1.0.0_LCDOK\Z-Stack Mesh
#        1.0.0\Projects\zstack\Samples\GenericApp\CC2530DB\..\..\..\..\..\Components\stack\sapi\"
#        -I "C:\Texas Instruments\Z-Stack Mesh 1.0.0_chaokw_20160317\Z-Stack
#        Mesh 1.0.0_chaokw_20160316\Z-Stack Mesh 1.0.0_LCDOK\Z-Stack Mesh
#        1.0.0\Projects\zstack\Samples\GenericApp\CC2530DB\..\..\..\..\..\Components\stack\sec\"
#        -I "C:\Texas Instruments\Z-Stack Mesh 1.0.0_chaokw_20160317\Z-Stack
#        Mesh 1.0.0_chaokw_20160316\Z-Stack Mesh 1.0.0_LCDOK\Z-Stack Mesh
#        1.0.0\Projects\zstack\Samples\GenericApp\CC2530DB\..\..\..\..\..\Components\stack\sys\"
#        -I "C:\Texas Instruments\Z-Stack Mesh 1.0.0_chaokw_20160317\Z-Stack
#        Mesh 1.0.0_chaokw_20160316\Z-Stack Mesh 1.0.0_LCDOK\Z-Stack Mesh
#        1.0.0\Projects\zstack\Samples\GenericApp\CC2530DB\..\..\..\..\..\Components\stack\zdo\"
#        -I "C:\Texas Instruments\Z-Stack Mesh 1.0.0_chaokw_20160317\Z-Stack
#        Mesh 1.0.0_chaokw_20160316\Z-Stack Mesh 1.0.0_LCDOK\Z-Stack Mesh
#        1.0.0\Projects\zstack\Samples\GenericApp\CC2530DB\..\..\..\..\..\Components\zmac\"
#        -I "C:\Texas Instruments\Z-Stack Mesh 1.0.0_chaokw_20160317\Z-Stack
#        Mesh 1.0.0_chaokw_20160316\Z-Stack Mesh 1.0.0_LCDOK\Z-Stack Mesh
#        1.0.0\Projects\zstack\Samples\GenericApp\CC2530DB\..\..\..\..\..\Components\zmac\f8w\"
#        -On --require_prototypes
#    List file          =  
#        C:\Texas Instruments\Z-Stack Mesh 1.0.0_chaokw_20160317\Z-Stack Mesh
#        1.0.0_chaokw_20160316\Z-Stack Mesh 1.0.0_LCDOK\Z-Stack Mesh
#        1.0.0\Projects\zstack\Samples\GenericApp\CC2530DB\CoordinatorEB\List\hal_led.lst
#    Object file        =  
#        C:\Texas Instruments\Z-Stack Mesh 1.0.0_chaokw_20160317\Z-Stack Mesh
#        1.0.0_chaokw_20160316\Z-Stack Mesh 1.0.0_LCDOK\Z-Stack Mesh
#        1.0.0\Projects\zstack\Samples\GenericApp\CC2530DB\CoordinatorEB\Obj\hal_led.r51
#
###############################################################################

C:\Texas Instruments\Z-Stack Mesh 1.0.0_chaokw_20160317\Z-Stack Mesh 1.0.0_chaokw_20160316\Z-Stack Mesh 1.0.0_LCDOK\Z-Stack Mesh 1.0.0\Components\hal\target\CC2530EB\hal_led.c
      1          /**************************************************************************************************
      2            Filename:       hal_led.c
      3            Revised:        $Date: 2011-09-15 16:51:11 -0700 (Thu, 15 Sep 2011) $
      4            Revision:       $Revision: 27590 $
      5          
      6            Description:    This file contains the interface to the HAL LED Service.
      7          
      8          
      9            Copyright 2006-2011 Texas Instruments Incorporated. All rights reserved.
     10          
     11            IMPORTANT: Your use of this Software is limited to those specific rights
     12            granted under the terms of a software license agreement between the user
     13            who downloaded the software, his/her employer (which must be your employer)
     14            and Texas Instruments Incorporated (the "License").  You may not use this
     15            Software unless you agree to abide by the terms of the License. The License
     16            limits your use, and you acknowledge, that the Software may not be modified,
     17            copied or distributed unless embedded on a Texas Instruments microcontroller
     18            or used solely and exclusively in conjunction with a Texas Instruments radio
     19            frequency transceiver, which is integrated into your product.  Other than for
     20            the foregoing purpose, you may not use, reproduce, copy, prepare derivative
     21            works of, modify, distribute, perform, display or sell this Software and/or
     22            its documentation for any purpose.
     23          
     24            YOU FURTHER ACKNOWLEDGE AND AGREE THAT THE SOFTWARE AND DOCUMENTATION ARE
     25            PROVIDED “AS IS” WITHOUT WARRANTY OF ANY KIND, EITHER EXPRESS OR IMPLIED,
     26            INCLUDING WITHOUT LIMITATION, ANY WARRANTY OF MERCHANTABILITY, TITLE,
     27            NON-INFRINGEMENT AND FITNESS FOR A PARTICULAR PURPOSE. IN NO EVENT SHALL
     28            TEXAS INSTRUMENTS OR ITS LICENSORS BE LIABLE OR OBLIGATED UNDER CONTRACT,
     29            NEGLIGENCE, STRICT LIABILITY, CONTRIBUTION, BREACH OF WARRANTY, OR OTHER
     30            LEGAL EQUITABLE THEORY ANY DIRECT OR INDIRECT DAMAGES OR EXPENSES
     31            INCLUDING BUT NOT LIMITED TO ANY INCIDENTAL, SPECIAL, INDIRECT, PUNITIVE
     32            OR CONSEQUENTIAL DAMAGES, LOST PROFITS OR LOST DATA, COST OF PROCUREMENT
     33            OF SUBSTITUTE GOODS, TECHNOLOGY, SERVICES, OR ANY CLAIMS BY THIRD PARTIES
     34            (INCLUDING BUT NOT LIMITED TO ANY DEFENSE THEREOF), OR OTHER SIMILAR COSTS.
     35          
     36            Should you have any questions regarding your right to use this Software,
     37            contact Texas Instruments Incorporated at www.TI.com.
     38          **************************************************************************************************/
     39          
     40          /***************************************************************************************************
     41           *                                             INCLUDES
     42           ***************************************************************************************************/
     43          #include "hal_mcu.h"

   \                                 In  segment SFR_AN, at 0x90
   \   union <unnamed> volatile __sfr _A_P1
   \                     _A_P1:
   \   000000                DS 1
     44          #include "hal_defs.h"
     45          #include "hal_types.h"
     46          #include "hal_drivers.h"
     47          #include "hal_led.h"
     48          #include "osal.h"
     49          #include "hal_board.h"
     50          
     51          /***************************************************************************************************
     52           *                                             CONSTANTS
     53           ***************************************************************************************************/
     54          
     55          /***************************************************************************************************
     56           *                                              MACROS
     57           ***************************************************************************************************/
     58          
     59          /***************************************************************************************************
     60           *                                              TYPEDEFS
     61           ***************************************************************************************************/
     62          /* LED control structure */
     63          typedef struct {
     64            uint8 mode;       /* Operation mode */
     65            uint8 todo;       /* Blink cycles left */
     66            uint8 onPct;      /* On cycle percentage */
     67            uint16 time;      /* On/off cycle time (msec) */
     68            uint32 next;      /* Time for next change */
     69          } HalLedControl_t;
     70          
     71          typedef struct
     72          {
     73            HalLedControl_t HalLedControlTable[HAL_LED_DEFAULT_MAX_LEDS];
     74            uint8           sleepActive;
     75          } HalLedStatus_t;
     76          
     77          
     78          /***************************************************************************************************
     79           *                                           GLOBAL VARIABLES
     80           ***************************************************************************************************/
     81          
     82          

   \                                 In  segment XDATA_Z, align 1, keep-with-next
     83          static uint8 HalLedState;              // LED state at last set/clr/blink update
   \                     HalLedState:
   \   000000                DS 1
   \   000001                REQUIRE __INIT_XDATA_Z
     84          
     85          #if HAL_LED == TRUE

   \                                 In  segment XDATA_Z, align 1, keep-with-next
     86          static uint8 HalSleepLedState;         // LED state at last set/clr/blink update
   \                     HalSleepLedState:
   \   000000                DS 1
   \   000001                REQUIRE __INIT_XDATA_Z

   \                                 In  segment XDATA_Z, align 1, keep-with-next
     87          static uint8 preBlinkState;            // Original State before going to blink mode
   \                     preBlinkState:
   \   000000                DS 1
   \   000001                REQUIRE __INIT_XDATA_Z
     88                                                 // bit 0, 1, 2, 3 represent led 0, 1, 2, 3
     89          #endif
     90          
     91          #ifdef BLINK_LEDS

   \                                 In  segment XDATA_Z, align 1, keep-with-next
     92            static HalLedStatus_t HalLedStatusControl;
   \                     HalLedStatusControl:
   \   000000                DS 37
   \   000025                REQUIRE __INIT_XDATA_Z
     93          #endif
     94          
     95          /***************************************************************************************************
     96           *                                            LOCAL FUNCTION
     97           ***************************************************************************************************/
     98          #if (HAL_LED == TRUE)
     99          void HalLedUpdate (void);
    100          void HalLedOnOff (uint8 leds, uint8 mode);
    101          #endif /* HAL_LED */
    102          
    103          /***************************************************************************************************
    104           *                                            FUNCTIONS - API
    105           ***************************************************************************************************/
    106          
    107          /***************************************************************************************************
    108           * @fn      HalLedInit
    109           *
    110           * @brief   Initialize LED Service
    111           *
    112           * @param   init - pointer to void that contains the initialized value
    113           *
    114           * @return  None
    115           ***************************************************************************************************/

   \                                 In  segment BANKED_CODE, align 1, keep-with-next
    116          void HalLedInit (void)
   \                     HalLedInit:
    117          {
   \   000000   C082         PUSH    DPL
   \   000002   C083         PUSH    DPH
   \   000004                ; Saved register size: 2
   \   000004                ; Auto size: 0
    118          #if (HAL_LED == TRUE)
    119            /* Initialize all LEDs to OFF */
    120            HalLedSet (HAL_LED_ALL, HAL_LED_MODE_OFF);
   \   000004                ; Setup parameters for call to function HalLedSet
   \   000004   7A00         MOV     R2,#0x0
   \   000006   790F         MOV     R1,#0xf
   \   000008   12....       LCALL   `??HalLedSet::?relay`; Banked call to: HalLedSet
   \   00000B   E9           MOV     A,R1
    121          #endif /* HAL_LED */
    122          #ifdef BLINK_LEDS
    123            /* Initialize sleepActive to FALSE */
    124            HalLedStatusControl.sleepActive = FALSE;
   \   00000C   90....       MOV     DPTR,#HalLedStatusControl + 36
   \   00000F   7400         MOV     A,#0x0
   \   000011   F0           MOVX    @DPTR,A
    125          #endif
    126          }
   \   000012   D083         POP     DPH
   \   000014   D082         POP     DPL
   \   000016   02....       LJMP    ?BRET
    127          
    128          /***************************************************************************************************
    129           * @fn      HalLedSet
    130           *
    131           * @brief   Tun ON/OFF/TOGGLE given LEDs
    132           *
    133           * @param   led - bit mask value of leds to be turned ON/OFF/TOGGLE
    134           *          mode - BLINK, FLASH, TOGGLE, ON, OFF
    135           * @return  None
    136           ***************************************************************************************************/

   \                                 In  segment BANKED_CODE, align 1, keep-with-next
    137          uint8 HalLedSet (uint8 leds, uint8 mode)
   \                     HalLedSet:
    138          {
   \   000000                REQUIRE ?V0
   \   000000                REQUIRE ?V1
   \   000000                REQUIRE ?V2
   \   000000   74F5         MOV     A,#-0xb
   \   000002   12....       LCALL   ?BANKED_ENTER_XDATA
   \   000005                ; Saved register size: 11
   \   000005                ; Auto size: 0
   \   000005   89..         MOV     ?V1,R1
   \   000007   8A..         MOV     ?V2,R2
    139          
    140          #if (defined (BLINK_LEDS)) && (HAL_LED == TRUE)
    141            uint8 led;
    142            HalLedControl_t *sts;
    143          
    144            switch (mode)
   \   000009   E5..         MOV     A,?V2
   \   00000B   602E         JZ      ??HalLedSet_0
   \   00000D   14           DEC     A
   \   00000E   602B         JZ      ??HalLedSet_0
   \   000010   14           DEC     A
   \   000011   600A         JZ      ??HalLedSet_1
   \   000013   24FE         ADD     A,#-0x2
   \   000015   6015         JZ      ??HalLedSet_2
   \   000017   24FC         ADD     A,#-0x4
   \   000019   6020         JZ      ??HalLedSet_0
   \   00001B   806F         SJMP    ??HalLedSet_3
    145            {
    146              case HAL_LED_MODE_BLINK:
    147                /* Default blink, 1 time, D% duty cycle */
    148                HalLedBlink (leds, 1, HAL_LED_DEFAULT_DUTY_CYCLE, HAL_LED_DEFAULT_FLASH_TIME);
   \                     ??HalLedSet_1:
   \   00001D                ; Setup parameters for call to function HalLedBlink
   \   00001D   7CE8         MOV     R4,#-0x18
   \   00001F   7D03         MOV     R5,#0x3
   \   000021   7B05         MOV     R3,#0x5
   \   000023   7A01         MOV     R2,#0x1
   \   000025   A9..         MOV     R1,?V1
   \   000027   12....       LCALL   `??HalLedBlink::?relay`; Banked call to: HalLedBlink
    149                break;
   \   00002A   8060         SJMP    ??HalLedSet_3
    150          
    151              case HAL_LED_MODE_FLASH:
    152                /* Default flash, N times, D% duty cycle */
    153                HalLedBlink (leds, HAL_LED_DEFAULT_FLASH_COUNT, HAL_LED_DEFAULT_DUTY_CYCLE, HAL_LED_DEFAULT_FLASH_TIME);
   \                     ??HalLedSet_2:
   \   00002C                ; Setup parameters for call to function HalLedBlink
   \   00002C   7CE8         MOV     R4,#-0x18
   \   00002E   7D03         MOV     R5,#0x3
   \   000030   7B05         MOV     R3,#0x5
   \   000032   7A32         MOV     R2,#0x32
   \   000034   A9..         MOV     R1,?V1
   \   000036   12....       LCALL   `??HalLedBlink::?relay`; Banked call to: HalLedBlink
    154                break;
   \   000039   8051         SJMP    ??HalLedSet_3
    155          
    156              case HAL_LED_MODE_ON:
    157              case HAL_LED_MODE_OFF:
    158              case HAL_LED_MODE_TOGGLE:
    159          
    160                led = HAL_LED_1;
   \                     ??HalLedSet_0:
   \   00003B   75..01       MOV     ?V0,#0x1
    161                leds &= HAL_LED_ALL;
   \   00003E   53..0F       ANL     ?V1,#0xf
    162                sts = HalLedStatusControl.HalLedControlTable;
   \   000041   7E..         MOV     R6,#HalLedStatusControl & 0xff
   \   000043   7F..         MOV     R7,#(HalLedStatusControl >> 8) & 0xff
    163          
    164                while (leds)
   \                     ??HalLedSet_4:
   \   000045   E5..         MOV     A,?V1
   \   000047   6043         JZ      ??HalLedSet_3
    165                {
    166                  if (leds & led)
   \   000049   E5..         MOV     A,?V1
   \   00004B   55..         ANL     A,?V0
   \   00004D   602A         JZ      ??HalLedSet_5
    167                  {
    168                    if (mode != HAL_LED_MODE_TOGGLE)
   \   00004F   7408         MOV     A,#0x8
   \   000051   65..         XRL     A,?V2
   \   000053   600D         JZ      ??HalLedSet_6
    169                    {
    170                      sts->mode = mode;  /* ON or OFF */
   \   000055   E5..         MOV     A,?V2
   \   000057   C0E0         PUSH    A
   \   000059   8E82         MOV     DPL,R6
   \   00005B   8F83         MOV     DPH,R7
   \   00005D   D0E0         POP     A
   \   00005F   F0           MOVX    @DPTR,A
   \   000060   8008         SJMP    ??HalLedSet_7
    171                    }
    172                    else
    173                    {
    174                      sts->mode ^= HAL_LED_MODE_ON;  /* Toggle */
   \                     ??HalLedSet_6:
   \   000062   8E82         MOV     DPL,R6
   \   000064   8F83         MOV     DPH,R7
   \   000066   E0           MOVX    A,@DPTR
   \   000067   6401         XRL     A,#0x1
   \   000069   F0           MOVX    @DPTR,A
    175                    }
    176                    HalLedOnOff (led, sts->mode);
   \                     ??HalLedSet_7:
   \   00006A                ; Setup parameters for call to function HalLedOnOff
   \   00006A   8E82         MOV     DPL,R6
   \   00006C   8F83         MOV     DPH,R7
   \   00006E   E0           MOVX    A,@DPTR
   \   00006F   FA           MOV     R2,A
   \   000070   A9..         MOV     R1,?V0
   \   000072   12....       LCALL   `??HalLedOnOff::?relay`; Banked call to: HalLedOnOff
    177                    leds ^= led;
   \   000075   E5..         MOV     A,?V0
   \   000077   62..         XRL     ?V1,A
    178                  }
    179                  led <<= 1;
   \                     ??HalLedSet_5:
   \   000079   E5..         MOV     A,?V0
   \   00007B   C3           CLR     C
   \   00007C   33           RLC     A
   \   00007D   F5..         MOV     ?V0,A
    180                  sts++;
   \   00007F   EE           MOV     A,R6
   \   000080   2409         ADD     A,#0x9
   \   000082   F8           MOV     R0,A
   \   000083   E4           CLR     A
   \   000084   3F           ADDC    A,R7
   \   000085   F9           MOV     R1,A
   \   000086   E8           MOV     A,R0
   \   000087   FE           MOV     R6,A
   \   000088   E9           MOV     A,R1
   \   000089   FF           MOV     R7,A
   \   00008A   80B9         SJMP    ??HalLedSet_4
    181                }
    182                break;
    183          
    184              default:
    185                break;
    186            }
    187          
    188          #elif (HAL_LED == TRUE)
    189            LedOnOff(leds, mode);
    190          #else
    191            // HAL LED is disabled, suppress unused argument warnings
    192            (void) leds;
    193            (void) mode;
    194          #endif /* BLINK_LEDS && HAL_LED   */
    195          
    196            return ( HalLedState );
   \                     ??HalLedSet_3:
   \   00008C   90....       MOV     DPTR,#HalLedState
   \   00008F   E0           MOVX    A,@DPTR
   \   000090   F9           MOV     R1,A
   \   000091   7F03         MOV     R7,#0x3
   \   000093   02....       LJMP    ?BANKED_LEAVE_XDATA
    197          
    198          }
    199          
    200          /***************************************************************************************************
    201           * @fn      HalLedBlink
    202           *
    203           * @brief   Blink the leds
    204           *
    205           * @param   leds       - bit mask value of leds to be blinked
    206           *          numBlinks  - number of blinks
    207           *          percent    - the percentage in each period where the led
    208           *                       will be on
    209           *          period     - length of each cycle in milliseconds
    210           *
    211           * @return  None
    212           ***************************************************************************************************/

   \                                 In  segment BANKED_CODE, align 1, keep-with-next
    213          void HalLedBlink (uint8 leds, uint8 numBlinks, uint8 percent, uint16 period)
   \                     HalLedBlink:
    214          {
   \   000000                REQUIRE ?V0
   \   000000                REQUIRE ?V1
   \   000000                REQUIRE ?V2
   \   000000                REQUIRE ?V3
   \   000000                REQUIRE ?V4
   \   000000                REQUIRE ?V5
   \   000000   74F2         MOV     A,#-0xe
   \   000002   12....       LCALL   ?BANKED_ENTER_XDATA
   \   000005                ; Saved register size: 14
   \   000005                ; Auto size: 0
   \   000005   89..         MOV     ?V0,R1
   \   000007   8A..         MOV     ?V3,R2
   \   000009   8B..         MOV     ?V2,R3
   \   00000B   8C..         MOV     ?V4,R4
   \   00000D   8D..         MOV     ?V5,R5
    215          #if (defined (BLINK_LEDS)) && (HAL_LED == TRUE)
    216            uint8 led;
    217            HalLedControl_t *sts;
    218          
    219            if (leds && percent && period)
   \   00000F   E5..         MOV     A,?V0
   \   000011   7003         JNZ     $+5
   \   000013   02....       LJMP    ??HalLedBlink_0 & 0xFFFF
   \   000016   E5..         MOV     A,?V2
   \   000018   7003         JNZ     $+5
   \   00001A   02....       LJMP    ??HalLedBlink_0 & 0xFFFF
   \   00001D   E5..         MOV     A,?V4
   \   00001F   45..         ORL     A,?V5
   \   000021   7003         JNZ     $+5
   \   000023   02....       LJMP    ??HalLedBlink_0 & 0xFFFF
    220            {
    221              if (percent < 100)
   \   000026   E5..         MOV     A,?V2
   \   000028   C3           CLR     C
   \   000029   9464         SUBB    A,#0x64
   \   00002B   4003         JC      $+5
   \   00002D   02....       LJMP    ??HalLedBlink_1 & 0xFFFF
    222              {
    223                led = HAL_LED_1;
   \   000030   75..01       MOV     ?V1,#0x1
    224                leds &= HAL_LED_ALL;
   \   000033   53..0F       ANL     ?V0,#0xf
    225                sts = HalLedStatusControl.HalLedControlTable;
   \   000036   7E..         MOV     R6,#HalLedStatusControl & 0xff
   \   000038   7F..         MOV     R7,#(HalLedStatusControl >> 8) & 0xff
    226          
    227                while (leds)
   \                     ??HalLedBlink_2:
   \   00003A   E5..         MOV     A,?V0
   \   00003C   7003         JNZ     $+5
   \   00003E   02....       LJMP    ??HalLedBlink_3 & 0xFFFF
    228                {
    229                  if (leds & led)
   \   000041   E5..         MOV     A,?V0
   \   000043   55..         ANL     A,?V1
   \   000045   6074         JZ      ??HalLedBlink_4
    230                  {
    231                    /* Store the current state of the led before going to blinking if not already blinking */
    232                    if(sts->mode < HAL_LED_MODE_BLINK )
   \   000047   8E82         MOV     DPL,R6
   \   000049   8F83         MOV     DPH,R7
   \   00004B   E0           MOVX    A,@DPTR
   \   00004C   C3           CLR     C
   \   00004D   9402         SUBB    A,#0x2
   \   00004F   500D         JNC     ??HalLedBlink_5
    233                    	preBlinkState |= (led & HalLedState);
   \   000051   90....       MOV     DPTR,#HalLedState
   \   000054   E0           MOVX    A,@DPTR
   \   000055   55..         ANL     A,?V1
   \   000057   F8           MOV     R0,A
   \   000058   90....       MOV     DPTR,#preBlinkState
   \   00005B   E0           MOVX    A,@DPTR
   \   00005C   48           ORL     A,R0
   \   00005D   F0           MOVX    @DPTR,A
    234          
    235                    sts->mode  = HAL_LED_MODE_OFF;                    /* Stop previous blink */
   \                     ??HalLedBlink_5:
   \   00005E   8E82         MOV     DPL,R6
   \   000060   8F83         MOV     DPH,R7
   \   000062   7400         MOV     A,#0x0
   \   000064   F0           MOVX    @DPTR,A
    236                    sts->time  = period;                              /* Time for one on/off cycle */
   \   000065   8E82         MOV     DPL,R6
   \   000067   8F83         MOV     DPH,R7
   \   000069   A3           INC     DPTR
   \   00006A   A3           INC     DPTR
   \   00006B   A3           INC     DPTR
   \   00006C   E5..         MOV     A,?V4
   \   00006E   F0           MOVX    @DPTR,A
   \   00006F   A3           INC     DPTR
   \   000070   E5..         MOV     A,?V5
   \   000072   F0           MOVX    @DPTR,A
    237                    sts->onPct = percent;                             /* % of cycle LED is on */
   \   000073   E5..         MOV     A,?V2
   \   000075   C0E0         PUSH    A
   \   000077   8E82         MOV     DPL,R6
   \   000079   8F83         MOV     DPH,R7
   \   00007B   A3           INC     DPTR
   \   00007C   A3           INC     DPTR
   \   00007D   D0E0         POP     A
   \   00007F   F0           MOVX    @DPTR,A
    238                    sts->todo  = numBlinks;                           /* Number of blink cycles */
   \   000080   E5..         MOV     A,?V3
   \   000082   C0E0         PUSH    A
   \   000084   8E82         MOV     DPL,R6
   \   000086   8F83         MOV     DPH,R7
   \   000088   A3           INC     DPTR
   \   000089   D0E0         POP     A
   \   00008B   F0           MOVX    @DPTR,A
    239                    if (!numBlinks) sts->mode |= HAL_LED_MODE_FLASH;  /* Continuous */
   \   00008C   E5..         MOV     A,?V3
   \   00008E   7008         JNZ     ??HalLedBlink_6
   \   000090   8E82         MOV     DPL,R6
   \   000092   8F83         MOV     DPH,R7
   \   000094   E0           MOVX    A,@DPTR
   \   000095   D2E2         SETB    0xE0 /* A   */.2
   \   000097   F0           MOVX    @DPTR,A
    240                    sts->next = osal_GetSystemClock();                /* Start now */
   \                     ??HalLedBlink_6:
   \   000098                ; Setup parameters for call to function osal_GetSystemClock
   \   000098   12....       LCALL   `??osal_GetSystemClock::?relay`; Banked call to: osal_GetSystemClock
   \   00009B   EA           MOV     A,R2
   \   00009C   F8           MOV     R0,A
   \   00009D   EB           MOV     A,R3
   \   00009E   F9           MOV     R1,A
   \   00009F   EC           MOV     A,R4
   \   0000A0   FA           MOV     R2,A
   \   0000A1   ED           MOV     A,R5
   \   0000A2   FB           MOV     R3,A
   \   0000A3   8E82         MOV     DPL,R6
   \   0000A5   8F83         MOV     DPH,R7
   \   0000A7   A3           INC     DPTR
   \   0000A8   A3           INC     DPTR
   \   0000A9   A3           INC     DPTR
   \   0000AA   A3           INC     DPTR
   \   0000AB   A3           INC     DPTR
   \   0000AC   12....       LCALL   ?XSTORE_R0123
    241                    sts->mode |= HAL_LED_MODE_BLINK;                  /* Enable blinking */
   \   0000AF   8E82         MOV     DPL,R6
   \   0000B1   8F83         MOV     DPH,R7
   \   0000B3   E0           MOVX    A,@DPTR
   \   0000B4   D2E1         SETB    0xE0 /* A   */.1
   \   0000B6   F0           MOVX    @DPTR,A
    242                    leds ^= led;
   \   0000B7   E5..         MOV     A,?V1
   \   0000B9   62..         XRL     ?V0,A
    243                  }
    244                  led <<= 1;
   \                     ??HalLedBlink_4:
   \   0000BB   E5..         MOV     A,?V1
   \   0000BD   C3           CLR     C
   \   0000BE   33           RLC     A
   \   0000BF   F5..         MOV     ?V1,A
    245                  sts++;
   \   0000C1   EE           MOV     A,R6
   \   0000C2   2409         ADD     A,#0x9
   \   0000C4   FE           MOV     R6,A
   \   0000C5   5001         JNC     ??HalLedBlink_7
   \   0000C7   0F           INC     R7
   \                     ??HalLedBlink_7:
   \   0000C8   02....       LJMP    ??HalLedBlink_2 & 0xFFFF
    246                }
    247                // Cancel any overlapping timer for blink events
    248                osal_stop_timerEx(Hal_TaskID, HAL_LED_BLINK_EVENT);
   \                     ??HalLedBlink_3:
   \   0000CB                ; Setup parameters for call to function osal_stop_timerEx
   \   0000CB   7A20         MOV     R2,#0x20
   \   0000CD   7B00         MOV     R3,#0x0
   \   0000CF   90....       MOV     DPTR,#Hal_TaskID
   \   0000D2   E0           MOVX    A,@DPTR
   \   0000D3   F9           MOV     R1,A
   \   0000D4   12....       LCALL   `??osal_stop_timerEx::?relay`; Banked call to: osal_stop_timerEx
   \   0000D7   E9           MOV     A,R1
    249                osal_set_event (Hal_TaskID, HAL_LED_BLINK_EVENT);
   \   0000D8                ; Setup parameters for call to function osal_set_event
   \   0000D8   7A20         MOV     R2,#0x20
   \   0000DA   7B00         MOV     R3,#0x0
   \   0000DC   90....       MOV     DPTR,#Hal_TaskID
   \   0000DF   E0           MOVX    A,@DPTR
   \   0000E0   F9           MOV     R1,A
   \   0000E1   12....       LCALL   `??osal_set_event::?relay`; Banked call to: osal_set_event
   \   0000E4   E9           MOV     A,R1
   \   0000E5   8012         SJMP    ??HalLedBlink_8
    250              }
    251              else
    252              {
    253                HalLedSet (leds, HAL_LED_MODE_ON);                    /* >= 100%, turn on */
   \                     ??HalLedBlink_1:
   \   0000E7                ; Setup parameters for call to function HalLedSet
   \   0000E7   7A01         MOV     R2,#0x1
   \   0000E9   A9..         MOV     R1,?V0
   \   0000EB   12....       LCALL   `??HalLedSet::?relay`; Banked call to: HalLedSet
   \   0000EE   E9           MOV     A,R1
   \   0000EF   8008         SJMP    ??HalLedBlink_8
    254              }
    255            }
    256            else
    257            {
    258              HalLedSet (leds, HAL_LED_MODE_OFF);                     /* No on time, turn off */
   \                     ??HalLedBlink_0:
   \   0000F1                ; Setup parameters for call to function HalLedSet
   \   0000F1   7A00         MOV     R2,#0x0
   \   0000F3   A9..         MOV     R1,?V0
   \   0000F5   12....       LCALL   `??HalLedSet::?relay`; Banked call to: HalLedSet
   \   0000F8   E9           MOV     A,R1
    259            }
    260          #elif (HAL_LED == TRUE)
    261            percent = (leds & HalLedState) ? HAL_LED_MODE_OFF : HAL_LED_MODE_ON;
    262            HalLedOnOff (leds, percent);                              /* Toggle */
    263          #else
    264            // HAL LED is disabled, suppress unused argument warnings
    265            (void) leds;
    266            (void) numBlinks;
    267            (void) percent;
    268            (void) period;
    269          #endif /* BLINK_LEDS && HAL_LED */
    270          }
   \                     ??HalLedBlink_8:
   \   0000F9   7F06         MOV     R7,#0x6
   \   0000FB   02....       LJMP    ?BANKED_LEAVE_XDATA
    271          
    272          #if (HAL_LED == TRUE)
    273          /***************************************************************************************************
    274           * @fn      HalLedUpdate
    275           *
    276           * @brief   Update leds to work with blink
    277           *
    278           * @param   none
    279           *
    280           * @return  none
    281           ***************************************************************************************************/

   \                                 In  segment BANKED_CODE, align 1, keep-with-next
    282          void HalLedUpdate (void)
   \                     HalLedUpdate:
    283          {
   \   000000                REQUIRE ?V0
   \   000000                REQUIRE ?V1
   \   000000                REQUIRE ?V2
   \   000000                REQUIRE ?V3
   \   000000                REQUIRE ?V4
   \   000000                REQUIRE ?V5
   \   000000                REQUIRE ?V6
   \   000000                REQUIRE ?V7
   \   000000                REQUIRE ?V8
   \   000000                REQUIRE ?V9
   \   000000                REQUIRE ?V10
   \   000000                REQUIRE ?V11
   \   000000                REQUIRE ?V12
   \   000000                REQUIRE ?V13
   \   000000                REQUIRE ?V14
   \   000000                REQUIRE ?V15
   \   000000   74E8         MOV     A,#-0x18
   \   000002   12....       LCALL   ?BANKED_ENTER_XDATA
   \   000005                ; Saved register size: 24
   \   000005                ; Auto size: 3
   \   000005   74FD         MOV     A,#-0x3
   \   000007   12....       LCALL   ?ALLOC_XSTACK8
    284            uint8 led;
    285            uint8 pct;
    286            uint8 leds;
    287            HalLedControl_t *sts;
    288            uint32 time;
    289            uint16 next;
    290            uint16 wait;
    291          
    292            next = 0;
   \   00000A   75..00       MOV     ?V14,#0x0
   \   00000D   75..00       MOV     ?V15,#0x0
    293            led  = HAL_LED_1;
   \   000010   85..82       MOV     DPL,?XSP + 0
   \   000013   85..83       MOV     DPH,?XSP + 1
   \   000016   7401         MOV     A,#0x1
   \   000018   F0           MOVX    @DPTR,A
    294            leds = HAL_LED_ALL;
   \   000019   7401         MOV     A,#0x1
   \   00001B   12....       LCALL   ?XSTACK_DISP0_8
   \   00001E   740F         MOV     A,#0xf
   \   000020   F0           MOVX    @DPTR,A
    295            sts = HalLedStatusControl.HalLedControlTable;
   \   000021   7E..         MOV     R6,#HalLedStatusControl & 0xff
   \   000023   7F..         MOV     R7,#(HalLedStatusControl >> 8) & 0xff
    296          
    297            /* Check if sleep is active or not */
    298            if (!HalLedStatusControl.sleepActive)
   \   000025   90....       MOV     DPTR,#HalLedStatusControl + 36
   \   000028   E0           MOVX    A,@DPTR
   \   000029   6003         JZ      $+5
   \   00002B   02....       LJMP    ??HalLedUpdate_0 & 0xFFFF
    299            {
    300              while (leds)
   \                     ??HalLedUpdate_1:
   \   00002E   7401         MOV     A,#0x1
   \   000030   12....       LCALL   ?XSTACK_DISP0_8
   \   000033   E0           MOVX    A,@DPTR
   \   000034   7003         JNZ     $+5
   \   000036   02....       LJMP    ??HalLedUpdate_2 & 0xFFFF
    301              {
    302                if (leds & led)
   \   000039   85..82       MOV     DPL,?XSP + 0
   \   00003C   85..83       MOV     DPH,?XSP + 1
   \   00003F   E0           MOVX    A,@DPTR
   \   000040   F8           MOV     R0,A
   \   000041   7401         MOV     A,#0x1
   \   000043   12....       LCALL   ?XSTACK_DISP0_8
   \   000046   E0           MOVX    A,@DPTR
   \   000047   58           ANL     A,R0
   \   000048   7003         JNZ     $+5
   \   00004A   02....       LJMP    ??HalLedUpdate_3 & 0xFFFF
    303                {
    304                  if (sts->mode & HAL_LED_MODE_BLINK)
   \   00004D   8E82         MOV     DPL,R6
   \   00004F   8F83         MOV     DPH,R7
   \   000051   E0           MOVX    A,@DPTR
   \   000052   A2E1         MOV     C,0xE0 /* A   */.1
   \   000054   4003         JC      $+5
   \   000056   02....       LJMP    ??HalLedUpdate_4 & 0xFFFF
    305                  {
    306                    time = osal_GetSystemClock();
   \   000059                ; Setup parameters for call to function osal_GetSystemClock
   \   000059   12....       LCALL   `??osal_GetSystemClock::?relay`; Banked call to: osal_GetSystemClock
   \   00005C   8A..         MOV     ?V0,R2
   \   00005E   8B..         MOV     ?V1,R3
   \   000060   8C..         MOV     ?V2,R4
   \   000062   8D..         MOV     ?V3,R5
   \   000064   85....       MOV     ?V4,?V0
   \   000067   85....       MOV     ?V5,?V1
   \   00006A   85....       MOV     ?V6,?V2
   \   00006D   85....       MOV     ?V7,?V3
    307                    if (time >= sts->next)
   \   000070   8E82         MOV     DPL,R6
   \   000072   8F83         MOV     DPH,R7
   \   000074   A3           INC     DPTR
   \   000075   A3           INC     DPTR
   \   000076   A3           INC     DPTR
   \   000077   A3           INC     DPTR
   \   000078   A3           INC     DPTR
   \   000079   78..         MOV     R0,#?V4
   \   00007B   12....       LCALL   ?UL_GE_X
   \   00007E   4003         JC      $+5
   \   000080   02....       LJMP    ??HalLedUpdate_5 & 0xFFFF
    308                    {
    309                      if (sts->mode & HAL_LED_MODE_ON)
   \   000083   8E82         MOV     DPL,R6
   \   000085   8F83         MOV     DPH,R7
   \   000087   E0           MOVX    A,@DPTR
   \   000088   A2E0         MOV     C,0xE0 /* A   */.0
   \   00008A   503F         JNC     ??HalLedUpdate_6
    310                      {
    311                        pct = 100 - sts->onPct;               /* Percentage of cycle for off */
   \   00008C   8E82         MOV     DPL,R6
   \   00008E   8F83         MOV     DPH,R7
   \   000090   A3           INC     DPTR
   \   000091   A3           INC     DPTR
   \   000092   E0           MOVX    A,@DPTR
   \   000093   F8           MOV     R0,A
   \   000094   7464         MOV     A,#0x64
   \   000096   C3           CLR     C
   \   000097   98           SUBB    A,R0
   \   000098   C0E0         PUSH    A
   \   00009A   7402         MOV     A,#0x2
   \   00009C   12....       LCALL   ?XSTACK_DISP0_8
   \   00009F   D0E0         POP     A
   \   0000A1   F0           MOVX    @DPTR,A
    312                        sts->mode &= ~HAL_LED_MODE_ON;        /* Say it's not on */
   \   0000A2   8E82         MOV     DPL,R6
   \   0000A4   8F83         MOV     DPH,R7
   \   0000A6   E0           MOVX    A,@DPTR
   \   0000A7   C2E0         CLR     0xE0 /* A   */.0
   \   0000A9   F0           MOVX    @DPTR,A
    313                        HalLedOnOff (led, HAL_LED_MODE_OFF);  /* Turn it off */
   \   0000AA                ; Setup parameters for call to function HalLedOnOff
   \   0000AA   7A00         MOV     R2,#0x0
   \   0000AC   85..82       MOV     DPL,?XSP + 0
   \   0000AF   85..83       MOV     DPH,?XSP + 1
   \   0000B2   E0           MOVX    A,@DPTR
   \   0000B3   F9           MOV     R1,A
   \   0000B4   12....       LCALL   `??HalLedOnOff::?relay`; Banked call to: HalLedOnOff
    314          
    315                        if (!(sts->mode & HAL_LED_MODE_FLASH))
   \   0000B7   8E82         MOV     DPL,R6
   \   0000B9   8F83         MOV     DPH,R7
   \   0000BB   E0           MOVX    A,@DPTR
   \   0000BC   A2E2         MOV     C,0xE0 /* A   */.2
   \   0000BE   404C         JC      ??HalLedUpdate_7
    316                        {
    317                          sts->todo--;                        /* Not continuous, reduce count */
   \   0000C0   8E82         MOV     DPL,R6
   \   0000C2   8F83         MOV     DPH,R7
   \   0000C4   A3           INC     DPTR
   \   0000C5   E0           MOVX    A,@DPTR
   \   0000C6   24FF         ADD     A,#-0x1
   \   0000C8   F0           MOVX    @DPTR,A
   \   0000C9   8041         SJMP    ??HalLedUpdate_7
    318                        }
    319                      }            
    320                      else if ( (!sts->todo) && !(sts->mode & HAL_LED_MODE_FLASH) )
   \                     ??HalLedUpdate_6:
   \   0000CB   8E82         MOV     DPL,R6
   \   0000CD   8F83         MOV     DPH,R7
   \   0000CF   A3           INC     DPTR
   \   0000D0   E0           MOVX    A,@DPTR
   \   0000D1   7013         JNZ     ??HalLedUpdate_8
   \   0000D3   8E82         MOV     DPL,R6
   \   0000D5   8F83         MOV     DPH,R7
   \   0000D7   E0           MOVX    A,@DPTR
   \   0000D8   A2E2         MOV     C,0xE0 /* A   */.2
   \   0000DA   400A         JC      ??HalLedUpdate_8
    321                      {
    322                        sts->mode ^= HAL_LED_MODE_BLINK;      /* No more blinks */  
   \   0000DC   8E82         MOV     DPL,R6
   \   0000DE   8F83         MOV     DPH,R7
   \   0000E0   E0           MOVX    A,@DPTR
   \   0000E1   6402         XRL     A,#0x2
   \   0000E3   F0           MOVX    @DPTR,A
   \   0000E4   8026         SJMP    ??HalLedUpdate_7
    323                      }            
    324                      else
    325                      {
    326                        pct = sts->onPct;                     /* Percentage of cycle for on */
   \                     ??HalLedUpdate_8:
   \   0000E6   8E82         MOV     DPL,R6
   \   0000E8   8F83         MOV     DPH,R7
   \   0000EA   A3           INC     DPTR
   \   0000EB   A3           INC     DPTR
   \   0000EC   E0           MOVX    A,@DPTR
   \   0000ED   C0E0         PUSH    A
   \   0000EF   7402         MOV     A,#0x2
   \   0000F1   12....       LCALL   ?XSTACK_DISP0_8
   \   0000F4   D0E0         POP     A
   \   0000F6   F0           MOVX    @DPTR,A
    327                        sts->mode |= HAL_LED_MODE_ON;         /* Say it's on */
   \   0000F7   8E82         MOV     DPL,R6
   \   0000F9   8F83         MOV     DPH,R7
   \   0000FB   E0           MOVX    A,@DPTR
   \   0000FC   D2E0         SETB    0xE0 /* A   */.0
   \   0000FE   F0           MOVX    @DPTR,A
    328                        HalLedOnOff (led, HAL_LED_MODE_ON);   /* Turn it on */
   \   0000FF                ; Setup parameters for call to function HalLedOnOff
   \   0000FF   7A01         MOV     R2,#0x1
   \   000101   85..82       MOV     DPL,?XSP + 0
   \   000104   85..83       MOV     DPH,?XSP + 1
   \   000107   E0           MOVX    A,@DPTR
   \   000108   F9           MOV     R1,A
   \   000109   12....       LCALL   `??HalLedOnOff::?relay`; Banked call to: HalLedOnOff
    329                      }
    330                      if (sts->mode & HAL_LED_MODE_BLINK)
   \                     ??HalLedUpdate_7:
   \   00010C   8E82         MOV     DPL,R6
   \   00010E   8F83         MOV     DPH,R7
   \   000110   E0           MOVX    A,@DPTR
   \   000111   A2E1         MOV     C,0xE0 /* A   */.1
   \   000113   506C         JNC     ??HalLedUpdate_9
    331                      {
    332                        wait = (((uint32)pct * (uint32)sts->time) / 100);
   \   000115   7402         MOV     A,#0x2
   \   000117   12....       LCALL   ?XSTACK_DISP0_8
   \   00011A   E0           MOVX    A,@DPTR
   \   00011B   F5..         MOV     ?V0,A
   \   00011D   E4           CLR     A
   \   00011E   F5..         MOV     ?V1,A
   \   000120   F5..         MOV     ?V2,A
   \   000122   F5..         MOV     ?V3,A
   \   000124   8E82         MOV     DPL,R6
   \   000126   8F83         MOV     DPH,R7
   \   000128   A3           INC     DPTR
   \   000129   A3           INC     DPTR
   \   00012A   A3           INC     DPTR
   \   00012B   E0           MOVX    A,@DPTR
   \   00012C   F5..         MOV     ?V8,A
   \   00012E   A3           INC     DPTR
   \   00012F   E0           MOVX    A,@DPTR
   \   000130   F5..         MOV     ?V9,A
   \   000132   E4           CLR     A
   \   000133   F5..         MOV     ?V10,A
   \   000135   F5..         MOV     ?V11,A
   \   000137   78..         MOV     R0,#?V0
   \   000139   79..         MOV     R1,#?V8
   \   00013B   12....       LCALL   ?L_MUL
   \   00013E   90....       MOV     DPTR,#__Constant_64
   \   000141   78..         MOV     R0,#?V8
   \   000143   12....       LCALL   ?L_MOV_X
   \   000146   78..         MOV     R0,#?V0
   \   000148   79..         MOV     R1,#?V8
   \   00014A   12....       LCALL   ?UL_DIV_MOD
   \   00014D   85....       MOV     ?V12,?V0
   \   000150   85....       MOV     ?V13,?V1
    333                        sts->next = time + wait;
   \   000153   85....       MOV     ?V0,?V4
   \   000156   85....       MOV     ?V1,?V5
   \   000159   85....       MOV     ?V2,?V6
   \   00015C   85....       MOV     ?V3,?V7
   \   00015F   85....       MOV     ?V8,?V12
   \   000162   85....       MOV     ?V9,?V13
   \   000165   E4           CLR     A
   \   000166   F5..         MOV     ?V10,A
   \   000168   F5..         MOV     ?V11,A
   \   00016A   78..         MOV     R0,#?V0
   \   00016C   79..         MOV     R1,#?V8
   \   00016E   12....       LCALL   ?L_ADD
   \   000171   8E82         MOV     DPL,R6
   \   000173   8F83         MOV     DPH,R7
   \   000175   A3           INC     DPTR
   \   000176   A3           INC     DPTR
   \   000177   A3           INC     DPTR
   \   000178   A3           INC     DPTR
   \   000179   A3           INC     DPTR
   \   00017A   78..         MOV     R0,#?V0
   \   00017C   12....       LCALL   ?L_MOV_TO_X
   \   00017F   8062         SJMP    ??HalLedUpdate_10
    334                      }
    335                      else
    336                      {
    337                        /* no more blink, no more wait */
    338                        wait = 0;
   \                     ??HalLedUpdate_9:
   \   000181   75..00       MOV     ?V12,#0x0
   \   000184   75..00       MOV     ?V13,#0x0
    339                        /* After blinking, set the LED back to the state before it blinks */
    340                        HalLedSet (led, ((preBlinkState & led)!=0)?HAL_LED_MODE_ON:HAL_LED_MODE_OFF);
   \   000187   85..82       MOV     DPL,?XSP + 0
   \   00018A   85..83       MOV     DPH,?XSP + 1
   \   00018D   E0           MOVX    A,@DPTR
   \   00018E   F8           MOV     R0,A
   \   00018F   90....       MOV     DPTR,#preBlinkState
   \   000192   E0           MOVX    A,@DPTR
   \   000193   58           ANL     A,R0
   \   000194   6004         JZ      ??HalLedUpdate_11
   \   000196   7A01         MOV     R2,#0x1
   \   000198   8002         SJMP    ??HalLedUpdate_12
   \                     ??HalLedUpdate_11:
   \   00019A   7A00         MOV     R2,#0x0
   \                     ??HalLedUpdate_12:
   \   00019C                ; Setup parameters for call to function HalLedSet
   \   00019C   85..82       MOV     DPL,?XSP + 0
   \   00019F   85..83       MOV     DPH,?XSP + 1
   \   0001A2   E0           MOVX    A,@DPTR
   \   0001A3   F9           MOV     R1,A
   \   0001A4   12....       LCALL   `??HalLedSet::?relay`; Banked call to: HalLedSet
   \   0001A7   E9           MOV     A,R1
    341                        /* Clear the saved bit */
    342                        preBlinkState &= (led ^ 0xFF);
   \   0001A8   85..82       MOV     DPL,?XSP + 0
   \   0001AB   85..83       MOV     DPH,?XSP + 1
   \   0001AE   E0           MOVX    A,@DPTR
   \   0001AF   64FF         XRL     A,#0xff
   \   0001B1   F8           MOV     R0,A
   \   0001B2   90....       MOV     DPTR,#preBlinkState
   \   0001B5   E0           MOVX    A,@DPTR
   \   0001B6   58           ANL     A,R0
   \   0001B7   F0           MOVX    @DPTR,A
   \   0001B8   8029         SJMP    ??HalLedUpdate_10
    343                      }
    344                    }
    345                    else
    346                    {
    347                      wait = sts->next - time;  /* Time left */
   \                     ??HalLedUpdate_5:
   \   0001BA   8E82         MOV     DPL,R6
   \   0001BC   8F83         MOV     DPH,R7
   \   0001BE   A3           INC     DPTR
   \   0001BF   A3           INC     DPTR
   \   0001C0   A3           INC     DPTR
   \   0001C1   A3           INC     DPTR
   \   0001C2   A3           INC     DPTR
   \   0001C3   78..         MOV     R0,#?V0
   \   0001C5   12....       LCALL   ?L_MOV_X
   \   0001C8   85....       MOV     ?V2,?V0
   \   0001CB   85....       MOV     ?V3,?V1
   \   0001CE   85....       MOV     ?V0,?V4
   \   0001D1   85....       MOV     ?V1,?V5
   \   0001D4   E5..         MOV     A,?V2
   \   0001D6   C3           CLR     C
   \   0001D7   95..         SUBB    A,?V0
   \   0001D9   F8           MOV     R0,A
   \   0001DA   E5..         MOV     A,?V3
   \   0001DC   95..         SUBB    A,?V1
   \   0001DE   F9           MOV     R1,A
   \   0001DF   88..         MOV     ?V12,R0
   \   0001E1   89..         MOV     ?V13,R1
    348                    }
    349          
    350                    if (!next || ( wait && (wait < next) ))
   \                     ??HalLedUpdate_10:
   \   0001E3   E5..         MOV     A,?V14
   \   0001E5   45..         ORL     A,?V15
   \   0001E7   6011         JZ      ??HalLedUpdate_13
   \   0001E9   E5..         MOV     A,?V12
   \   0001EB   45..         ORL     A,?V13
   \   0001ED   6011         JZ      ??HalLedUpdate_4
   \   0001EF   C3           CLR     C
   \   0001F0   E5..         MOV     A,?V12
   \   0001F2   95..         SUBB    A,?V14
   \   0001F4   E5..         MOV     A,?V13
   \   0001F6   95..         SUBB    A,?V15
   \   0001F8   5006         JNC     ??HalLedUpdate_4
    351                    {
    352                      next = wait;
   \                     ??HalLedUpdate_13:
   \   0001FA   85....       MOV     ?V14,?V12
   \   0001FD   85....       MOV     ?V15,?V13
    353                    }
    354                  }
    355                  leds ^= led;
   \                     ??HalLedUpdate_4:
   \   000200   85..82       MOV     DPL,?XSP + 0
   \   000203   85..83       MOV     DPH,?XSP + 1
   \   000206   E0           MOVX    A,@DPTR
   \   000207   F8           MOV     R0,A
   \   000208   7401         MOV     A,#0x1
   \   00020A   12....       LCALL   ?XSTACK_DISP0_8
   \   00020D   E0           MOVX    A,@DPTR
   \   00020E   68           XRL     A,R0
   \   00020F   F0           MOVX    @DPTR,A
    356                }
    357                led <<= 1;
   \                     ??HalLedUpdate_3:
   \   000210   85..82       MOV     DPL,?XSP + 0
   \   000213   85..83       MOV     DPH,?XSP + 1
   \   000216   E0           MOVX    A,@DPTR
   \   000217   C3           CLR     C
   \   000218   33           RLC     A
   \   000219   C0E0         PUSH    A
   \   00021B   85..82       MOV     DPL,?XSP + 0
   \   00021E   85..83       MOV     DPH,?XSP + 1
   \   000221   D0E0         POP     A
   \   000223   F0           MOVX    @DPTR,A
    358                sts++;
   \   000224   EE           MOV     A,R6
   \   000225   2409         ADD     A,#0x9
   \   000227   FE           MOV     R6,A
   \   000228   5001         JNC     ??HalLedUpdate_14
   \   00022A   0F           INC     R7
   \                     ??HalLedUpdate_14:
   \   00022B   02....       LJMP    ??HalLedUpdate_1 & 0xFFFF
    359              }
    360          
    361              if (next)
   \                     ??HalLedUpdate_2:
   \   00022E   E5..         MOV     A,?V14
   \   000230   45..         ORL     A,?V15
   \   000232   6022         JZ      ??HalLedUpdate_0
    362              {
    363                osal_start_timerEx(Hal_TaskID, HAL_LED_BLINK_EVENT, next);   /* Schedule event */
   \   000234                ; Setup parameters for call to function osal_start_timerEx
   \   000234   85....       MOV     ?V0,?V14
   \   000237   85....       MOV     ?V1,?V15
   \   00023A   E4           CLR     A
   \   00023B   F5..         MOV     ?V2,A
   \   00023D   F5..         MOV     ?V3,A
   \   00023F   78..         MOV     R0,#?V0
   \   000241   12....       LCALL   ?PUSH_XSTACK_I_FOUR
   \   000244   7A20         MOV     R2,#0x20
   \   000246   7B00         MOV     R3,#0x0
   \   000248   90....       MOV     DPTR,#Hal_TaskID
   \   00024B   E0           MOVX    A,@DPTR
   \   00024C   F9           MOV     R1,A
   \   00024D   12....       LCALL   `??osal_start_timerEx::?relay`; Banked call to: osal_start_timerEx
   \   000250   7404         MOV     A,#0x4
   \   000252   12....       LCALL   ?DEALLOC_XSTACK8
   \   000255   E9           MOV     A,R1
    364              }
    365            }
    366          }
   \                     ??HalLedUpdate_0:
   \   000256   7403         MOV     A,#0x3
   \   000258   12....       LCALL   ?DEALLOC_XSTACK8
   \   00025B   7F10         MOV     R7,#0x10
   \   00025D   02....       LJMP    ?BANKED_LEAVE_XDATA
    367          
    368          /***************************************************************************************************
    369           * @fn      HalLedOnOff
    370           *
    371           * @brief   Turns specified LED ON or OFF
    372           *
    373           * @param   leds - LED bit mask
    374           *          mode - LED_ON,LED_OFF,
    375           *
    376           * @return  none
    377           ***************************************************************************************************/

   \                                 In  segment BANKED_CODE, align 1, keep-with-next
    378          void HalLedOnOff (uint8 leds, uint8 mode)
   \                     HalLedOnOff:
    379          {
   \   000000   C082         PUSH    DPL
   \   000002   C083         PUSH    DPH
   \   000004                ; Saved register size: 2
   \   000004                ; Auto size: 0
    380            if (leds & HAL_LED_1)
   \   000004   E9           MOV     A,R1
   \   000005   A2E0         MOV     C,0xE0 /* A   */.0
   \   000007   500B         JNC     ??HalLedOnOff_0
    381            {
    382              if (mode == HAL_LED_MODE_ON)
   \   000009   7401         MOV     A,#0x1
   \   00000B   6A           XRL     A,R2
   \   00000C   7004         JNZ     ??HalLedOnOff_1
    383              {
    384                HAL_TURN_ON_LED1();
   \   00000E   C290         CLR     0x90.0
   \   000010   8002         SJMP    ??HalLedOnOff_0
    385              }
    386              else
    387              {
    388                HAL_TURN_OFF_LED1();
   \                     ??HalLedOnOff_1:
   \   000012   D290         SETB    0x90.0
    389              }
    390            }
    391          
    392            if (leds & HAL_LED_2)
   \                     ??HalLedOnOff_0:
   \   000014   E9           MOV     A,R1
   \   000015   A2E1         MOV     C,0xE0 /* A   */.1
   \   000017   500B         JNC     ??HalLedOnOff_2
    393            {
    394              if (mode == HAL_LED_MODE_ON)
   \   000019   7401         MOV     A,#0x1
   \   00001B   6A           XRL     A,R2
   \   00001C   7004         JNZ     ??HalLedOnOff_3
    395              {
    396                HAL_TURN_ON_LED2();
   \   00001E   C291         CLR     0x90.1
   \   000020   8002         SJMP    ??HalLedOnOff_2
    397              }
    398              else
    399              {
    400                HAL_TURN_OFF_LED2();
   \                     ??HalLedOnOff_3:
   \   000022   D291         SETB    0x90.1
    401              }
    402            }
    403          
    404            if (leds & HAL_LED_3)
   \                     ??HalLedOnOff_2:
   \   000024   E9           MOV     A,R1
   \   000025   A2E2         MOV     C,0xE0 /* A   */.2
   \   000027   500B         JNC     ??HalLedOnOff_4
    405            {
    406              if (mode == HAL_LED_MODE_ON)
   \   000029   7401         MOV     A,#0x1
   \   00002B   6A           XRL     A,R2
   \   00002C   7004         JNZ     ??HalLedOnOff_5
    407              {
    408                HAL_TURN_ON_LED3();
   \   00002E   C290         CLR     0x90.0
   \   000030   8002         SJMP    ??HalLedOnOff_4
    409              }
    410              else
    411              {
    412                HAL_TURN_OFF_LED3();
   \                     ??HalLedOnOff_5:
   \   000032   D290         SETB    0x90.0
    413              }
    414            }
    415          
    416            if (leds & HAL_LED_4)
   \                     ??HalLedOnOff_4:
   \   000034   E9           MOV     A,R1
   \   000035   A2E3         MOV     C,0xE0 /* A   */.3
   \   000037   500B         JNC     ??HalLedOnOff_6
    417            {
    418              if (mode == HAL_LED_MODE_ON)
   \   000039   7401         MOV     A,#0x1
   \   00003B   6A           XRL     A,R2
   \   00003C   7004         JNZ     ??HalLedOnOff_7
    419              {
    420                HAL_TURN_ON_LED4();
   \   00003E   C290         CLR     0x90.0
   \   000040   8002         SJMP    ??HalLedOnOff_6
    421              }
    422              else
    423              {
    424                HAL_TURN_OFF_LED4();
   \                     ??HalLedOnOff_7:
   \   000042   D290         SETB    0x90.0
    425              }
    426            }
    427          
    428            /* Remember current state */
    429            if (mode)
   \                     ??HalLedOnOff_6:
   \   000044   EA           MOV     A,R2
   \   000045   6008         JZ      ??HalLedOnOff_8
    430            {
    431              HalLedState |= leds;
   \   000047   90....       MOV     DPTR,#HalLedState
   \   00004A   E0           MOVX    A,@DPTR
   \   00004B   49           ORL     A,R1
   \   00004C   F0           MOVX    @DPTR,A
   \   00004D   800A         SJMP    ??HalLedOnOff_9
    432            }
    433            else
    434            {
    435              HalLedState &= (leds ^ 0xFF);
   \                     ??HalLedOnOff_8:
   \   00004F   74FF         MOV     A,#-0x1
   \   000051   69           XRL     A,R1
   \   000052   F8           MOV     R0,A
   \   000053   90....       MOV     DPTR,#HalLedState
   \   000056   E0           MOVX    A,@DPTR
   \   000057   58           ANL     A,R0
   \   000058   F0           MOVX    @DPTR,A
    436            }
    437          }
   \                     ??HalLedOnOff_9:
   \   000059   D083         POP     DPH
   \   00005B   D082         POP     DPL
   \   00005D   02....       LJMP    ?BRET
   \   000060                REQUIRE _A_P1
    438          #endif /* HAL_LED */
    439          
    440          /***************************************************************************************************
    441           * @fn      HalGetLedState
    442           *
    443           * @brief   Dim LED2 - Dim (set level) of LED2
    444           *
    445           * @param   none
    446           *
    447           * @return  led state
    448           ***************************************************************************************************/

   \                                 In  segment BANKED_CODE, align 1, keep-with-next
    449          uint8 HalLedGetState ()
   \                     HalLedGetState:
    450          {
   \   000000   C082         PUSH    DPL
   \   000002   C083         PUSH    DPH
   \   000004                ; Saved register size: 2
   \   000004                ; Auto size: 0
    451          #if (HAL_LED == TRUE)
    452            return HalLedState;
   \   000004   90....       MOV     DPTR,#HalLedState
   \   000007   E0           MOVX    A,@DPTR
   \   000008   F9           MOV     R1,A
   \   000009   D083         POP     DPH
   \   00000B   D082         POP     DPL
   \   00000D   02....       LJMP    ?BRET
    453          #else
    454            return 0;
    455          #endif
    456          }
    457          
    458          /***************************************************************************************************
    459           * @fn      HalLedEnterSleep
    460           *
    461           * @brief   Store current LEDs state before sleep
    462           *
    463           * @param   none
    464           *
    465           * @return  none
    466           ***************************************************************************************************/

   \                                 In  segment BANKED_CODE, align 1, keep-with-next
    467          void HalLedEnterSleep( void )
   \                     HalLedEnterSleep:
    468          {
   \   000000   C082         PUSH    DPL
   \   000002   C083         PUSH    DPH
   \   000004                ; Saved register size: 2
   \   000004                ; Auto size: 0
    469          #ifdef BLINK_LEDS
    470            /* Sleep ON */
    471            HalLedStatusControl.sleepActive = TRUE;
   \   000004   90....       MOV     DPTR,#HalLedStatusControl + 36
   \   000007   7401         MOV     A,#0x1
   \   000009   F0           MOVX    @DPTR,A
    472          #endif /* BLINK_LEDS */
    473          
    474          #if (HAL_LED == TRUE)
    475            /* Save the state of each led */
    476            HalSleepLedState = 0;
   \   00000A   90....       MOV     DPTR,#HalSleepLedState
   \   00000D   7400         MOV     A,#0x0
   \   00000F   F0           MOVX    @DPTR,A
    477            HalSleepLedState |= HAL_STATE_LED1();
   \   000010   D2F0         SETB    B.0
   \   000012   A290         MOV     C,0x90.0
   \   000014   30F001       JNB     B.0,??HalLedEnterSleep_0
   \   000017   B3           CPL     C
   \                     ??HalLedEnterSleep_0:
   \   000018   E4           CLR     A
   \   000019   33           RLC     A
   \   00001A   F8           MOV     R0,A
   \   00001B   90....       MOV     DPTR,#HalSleepLedState
   \   00001E   E0           MOVX    A,@DPTR
   \   00001F   48           ORL     A,R0
   \   000020   F0           MOVX    @DPTR,A
    478            HalSleepLedState |= HAL_STATE_LED2() << 1;
   \   000021   D2F0         SETB    B.0
   \   000023   A291         MOV     C,0x90.1
   \   000025   30F001       JNB     B.0,??HalLedEnterSleep_1
   \   000028   B3           CPL     C
   \                     ??HalLedEnterSleep_1:
   \   000029   E4           CLR     A
   \   00002A   33           RLC     A
   \   00002B   C3           CLR     C
   \   00002C   33           RLC     A
   \   00002D   F8           MOV     R0,A
   \   00002E   90....       MOV     DPTR,#HalSleepLedState
   \   000031   E0           MOVX    A,@DPTR
   \   000032   48           ORL     A,R0
   \   000033   F0           MOVX    @DPTR,A
    479            HalSleepLedState |= HAL_STATE_LED3() << 2;
   \   000034   D2F0         SETB    B.0
   \   000036   A290         MOV     C,0x90.0
   \   000038   30F001       JNB     B.0,??HalLedEnterSleep_2
   \   00003B   B3           CPL     C
   \                     ??HalLedEnterSleep_2:
   \   00003C   E4           CLR     A
   \   00003D   33           RLC     A
   \   00003E   33           RLC     A
   \   00003F   33           RLC     A
   \   000040   54FC         ANL     A,#0xfc
   \   000042   F8           MOV     R0,A
   \   000043   90....       MOV     DPTR,#HalSleepLedState
   \   000046   E0           MOVX    A,@DPTR
   \   000047   48           ORL     A,R0
   \   000048   F0           MOVX    @DPTR,A
    480            HalSleepLedState |= HAL_STATE_LED4() << 3;
   \   000049   D2F0         SETB    B.0
   \   00004B   A290         MOV     C,0x90.0
   \   00004D   30F001       JNB     B.0,??HalLedEnterSleep_3
   \   000050   B3           CPL     C
   \                     ??HalLedEnterSleep_3:
   \   000051   E4           CLR     A
   \   000052   33           RLC     A
   \   000053   33           RLC     A
   \   000054   33           RLC     A
   \   000055   33           RLC     A
   \   000056   54F8         ANL     A,#0xf8
   \   000058   F8           MOV     R0,A
   \   000059   90....       MOV     DPTR,#HalSleepLedState
   \   00005C   E0           MOVX    A,@DPTR
   \   00005D   48           ORL     A,R0
   \   00005E   F0           MOVX    @DPTR,A
    481          
    482            /* TURN OFF all LEDs to save power */
    483            HalLedOnOff (HAL_LED_ALL, HAL_LED_MODE_OFF);
   \   00005F                ; Setup parameters for call to function HalLedOnOff
   \   00005F   7A00         MOV     R2,#0x0
   \   000061   790F         MOV     R1,#0xf
   \   000063   12....       LCALL   `??HalLedOnOff::?relay`; Banked call to: HalLedOnOff
    484          #endif /* HAL_LED */
    485          
    486          }
   \   000066   D083         POP     DPH
   \   000068   D082         POP     DPL
   \   00006A   02....       LJMP    ?BRET
   \   00006D                REQUIRE _A_P1
    487          
    488          /***************************************************************************************************
    489           * @fn      HalLedExitSleep
    490           *
    491           * @brief   Restore current LEDs state after sleep
    492           *
    493           * @param   none
    494           *
    495           * @return  none
    496           ***************************************************************************************************/

   \                                 In  segment BANKED_CODE, align 1, keep-with-next
    497          void HalLedExitSleep( void )
   \                     HalLedExitSleep:
    498          {
   \   000000   C082         PUSH    DPL
   \   000002   C083         PUSH    DPH
   \   000004                ; Saved register size: 2
   \   000004                ; Auto size: 0
    499          #if (HAL_LED == TRUE)
    500            /* Load back the saved state */
    501            HalLedOnOff(HalSleepLedState, HAL_LED_MODE_ON);
   \   000004                ; Setup parameters for call to function HalLedOnOff
   \   000004   7A01         MOV     R2,#0x1
   \   000006   90....       MOV     DPTR,#HalSleepLedState
   \   000009   E0           MOVX    A,@DPTR
   \   00000A   F9           MOV     R1,A
   \   00000B   12....       LCALL   `??HalLedOnOff::?relay`; Banked call to: HalLedOnOff
    502          
    503            /* Restart - This takes care BLINKING LEDS */
    504            HalLedUpdate();
   \   00000E                ; Setup parameters for call to function HalLedUpdate
   \   00000E   12....       LCALL   `??HalLedUpdate::?relay`; Banked call to: HalLedUpdate
    505          #endif /* HAL_LED */
    506          
    507          #ifdef BLINK_LEDS
    508            /* Sleep OFF */
    509            HalLedStatusControl.sleepActive = FALSE;
   \   000011   90....       MOV     DPTR,#HalLedStatusControl + 36
   \   000014   7400         MOV     A,#0x0
   \   000016   F0           MOVX    @DPTR,A
    510          #endif /* BLINK_LEDS */
    511          }
   \   000017   D083         POP     DPH
   \   000019   D082         POP     DPL
   \   00001B   02....       LJMP    ?BRET

   \                                 In  segment XDATA_ROM_C, align 1
   \                     __Constant_64:
   \   000000   64000000     DD 100

   \                                 In  segment BANK_RELAYS, align 1
   \                     `??HalLedInit::?relay`:
   \   000000   12....       LCALL   ?BDISPATCH
   \   000003   ......       DC24    HalLedInit

   \                                 In  segment BANK_RELAYS, align 1
   \                     `??HalLedSet::?relay`:
   \   000000   12....       LCALL   ?BDISPATCH
   \   000003   ......       DC24    HalLedSet

   \                                 In  segment BANK_RELAYS, align 1
   \                     `??HalLedBlink::?relay`:
   \   000000   12....       LCALL   ?BDISPATCH
   \   000003   ......       DC24    HalLedBlink

   \                                 In  segment BANK_RELAYS, align 1
   \                     `??HalLedUpdate::?relay`:
   \   000000   12....       LCALL   ?BDISPATCH
   \   000003   ......       DC24    HalLedUpdate

   \                                 In  segment BANK_RELAYS, align 1
   \                     `??HalLedOnOff::?relay`:
   \   000000   12....       LCALL   ?BDISPATCH
   \   000003   ......       DC24    HalLedOnOff

   \                                 In  segment BANK_RELAYS, align 1
   \                     `??HalLedGetState::?relay`:
   \   000000   12....       LCALL   ?BDISPATCH
   \   000003   ......       DC24    HalLedGetState

   \                                 In  segment BANK_RELAYS, align 1
   \                     `??HalLedEnterSleep::?relay`:
   \   000000   12....       LCALL   ?BDISPATCH
   \   000003   ......       DC24    HalLedEnterSleep

   \                                 In  segment BANK_RELAYS, align 1
   \                     `??HalLedExitSleep::?relay`:
   \   000000   12....       LCALL   ?BDISPATCH
   \   000003   ......       DC24    HalLedExitSleep
    512          
    513          /***************************************************************************************************
    514          ***************************************************************************************************/
    515          
    516          
    517          
    518          

   Maximum stack usage in bytes:

   ISTACK XSTACK Function
   ------ ------ --------
      1     25   HalLedBlink
        0     14   -> HalLedSet
        0     14   -> osal_GetSystemClock
        0     14   -> osal_set_event
        0     14   -> osal_stop_timerEx
      2      0   HalLedEnterSleep
        2      0   -> HalLedOnOff
      2      0   HalLedExitSleep
        2      0   -> HalLedOnOff
        2      0   -> HalLedUpdate
      2      0   HalLedGetState
      2      0   HalLedInit
        2      0   -> HalLedSet
      2     27   HalLedOnOff
      1     38   HalLedSet
        0     11   -> HalLedBlink
        0     11   -> HalLedOnOff
      1     31   HalLedUpdate
        0     27   -> HalLedOnOff
        0     27   -> HalLedSet
        0     27   -> osal_GetSystemClock
        0     31   -> osal_start_timerEx


   Segment part sizes:

   Bytes  Function/Label
   -----  --------------
     254  HalLedBlink
       6  HalLedBlink::?relay
     109  HalLedEnterSleep
       6  HalLedEnterSleep::?relay
      30  HalLedExitSleep
       6  HalLedExitSleep::?relay
      16  HalLedGetState
       6  HalLedGetState::?relay
      25  HalLedInit
       6  HalLedInit::?relay
      96  HalLedOnOff
       6  HalLedOnOff::?relay
     150  HalLedSet
       6  HalLedSet::?relay
       1  HalLedState
      37  HalLedStatusControl
     608  HalLedUpdate
       6  HalLedUpdate::?relay
       1  HalSleepLedState
       1  _A_P1
       4  __Constant_64
       1  preBlinkState

 
 1 288 bytes in segment BANKED_CODE
    48 bytes in segment BANK_RELAYS
     1 byte  in segment SFR_AN
     4 bytes in segment XDATA_ROM_C
    40 bytes in segment XDATA_Z
 
 1 336 bytes of CODE  memory
     0 bytes of CONST memory (+ 4 bytes shared)
     0 bytes of DATA  memory (+ 1 byte  shared)
    40 bytes of XDATA memory

Errors: none
Warnings: none
