###############################################################################
#
# IAR C/C++ Compiler V9.30.1.3056 for 8051                21/Apr/2017  17:49:19
# Copyright 2004-2015 IAR Systems AB.
#
#    Core               =  plain
#    Code model         =  banked
#    Data model         =  large
#    Calling convention =  xdata reentrant
#    Constant location  =  data_rom
#    Dptr setup         =  1,16
#                          
#    Source file        =  
#        C:\Texas Instruments\Z-Stack Mesh 1.0.0_chaokw_20160317\Z-Stack Mesh
#        1.0.0_chaokw_20160316\Z-Stack Mesh 1.0.0_LCDOK\Z-Stack Mesh
#        1.0.0\Components\osal\common\OSAL_Clock.c
#    Command line       =  
#        -f "C:\Texas Instruments\Z-Stack Mesh 1.0.0_chaokw_20160317\Z-Stack
#        Mesh 1.0.0_chaokw_20160316\Z-Stack Mesh 1.0.0_LCDOK\Z-Stack Mesh
#        1.0.0\Projects\zstack\Samples\GenericApp\CC2530DB\..\..\..\Tools\CC2530DB\f8wCoord.cfg"
#        (-DCPU32MHZ -DROOT=__near_func -DMAC_CFG_APP_PENDING_QUEUE=TRUE
#        -DMAC_CFG_TX_DATA_MAX=5 -DMAC_CFG_TX_MAX=8 -DMAC_CFG_RX_MAX=5
#        -DZDO_COORDINATOR -DRTR_NWK) -f "C:\Texas Instruments\Z-Stack Mesh
#        1.0.0_chaokw_20160317\Z-Stack Mesh 1.0.0_chaokw_20160316\Z-Stack Mesh
#        1.0.0_LCDOK\Z-Stack Mesh
#        1.0.0\Projects\zstack\Samples\GenericApp\CC2530DB\..\..\..\Tools\CC2530DB\f8wConfig.cfg"
#        (-DZIGBEEPRO -DSECURE=1 -DZG_SECURE_DYNAMIC=0 -DREFLECTOR
#        -DDEFAULT_CHANLIST=0x04000000 -DZDAPP_CONFIG_PAN_ID=0x0085
#        -DNWK_START_DELAY=100 -DEXTENDED_JOINING_RANDOM_MASK=0x007F
#        -DBEACON_REQUEST_DELAY=100 -DBEACON_REQ_DELAY_MASK=0x00FF
#        -DLINK_STATUS_JITTER_MASK=0x007F -DROUTE_EXPIRY_TIME=30
#        -DAPSC_ACK_WAIT_DURATION_POLLED=3000 -DNWK_INDIRECT_MSG_TIMEOUT=7
#        -DMAX_RREQ_ENTRIES=8 -DAPSC_MAX_FRAME_RETRIES=5
#        -DNWK_MAX_DATA_RETRIES=2 -DMAX_POLL_FAILURE_RETRIES=2 -DMAX_BCAST=9
#        -DAPS_MAX_GROUPS=16 -DMAX_RTG_ENTRIES=40 -DNWK_MAX_BINDING_ENTRIES=4
#        -DMAX_BINDING_CLUSTER_IDS=4 "-DDEFAULT_KEY={0x01, 0x03, 0x05, 0x07,
#        0x09, 0x0B, 0x0D, 0x0F, 0x00, 0x02, 0x04, 0x06, 0x08, 0x0A, 0x0C,
#        0x0D}" -DMAC_MAX_FRAME_SIZE=116 -DZDNWKMGR_MIN_TRANSMISSIONS=20
#        "-DCONST=const __code" -DGENERIC=__generic -DRFD_RCVC_ALWAYS_ON=FALSE
#        -DPOLL_RATE=1000 -DQUEUED_POLL_RATE=100 -DRESPONSE_POLL_RATE=100
#        -DREJOIN_POLL_RATE=440) -DCHANNEL_CNT=0x01 "C:\Texas
#        Instruments\Z-Stack Mesh 1.0.0_chaokw_20160317\Z-Stack Mesh
#        1.0.0_chaokw_20160316\Z-Stack Mesh 1.0.0_LCDOK\Z-Stack Mesh
#        1.0.0\Components\osal\common\OSAL_Clock.c" -D ZTOOL_P1 -D MT_TASK -D
#        MT_SYS_FUNC -D MT_ZDO_FUNC -D LCD_SUPPORTED=DEBUG -D NV_RESTORE -D
#        NV_INIT -D NODE_AUTH -D xWIFI_FREQUENCY_SELECT -D OPEN_FCS -lC
#        "C:\Texas Instruments\Z-Stack Mesh 1.0.0_chaokw_20160317\Z-Stack Mesh
#        1.0.0_chaokw_20160316\Z-Stack Mesh 1.0.0_LCDOK\Z-Stack Mesh
#        1.0.0\Projects\zstack\Samples\GenericApp\CC2530DB\CoordinatorEB\List"
#        -lA "C:\Texas Instruments\Z-Stack Mesh 1.0.0_chaokw_20160317\Z-Stack
#        Mesh 1.0.0_chaokw_20160316\Z-Stack Mesh 1.0.0_LCDOK\Z-Stack Mesh
#        1.0.0\Projects\zstack\Samples\GenericApp\CC2530DB\CoordinatorEB\List"
#        --diag_suppress Pe001,Pa010 -o "C:\Texas Instruments\Z-Stack Mesh
#        1.0.0_chaokw_20160317\Z-Stack Mesh 1.0.0_chaokw_20160316\Z-Stack Mesh
#        1.0.0_LCDOK\Z-Stack Mesh
#        1.0.0\Projects\zstack\Samples\GenericApp\CC2530DB\CoordinatorEB\Obj"
#        -e --no_cse --no_unroll --no_inline --no_code_motion --no_tbaa --debug
#        --core=plain --dptr=16,1 --data_model=large --code_model=banked
#        --calling_convention=xdata_reentrant --place_constants=data_rom
#        --nr_virtual_regs 16 -I "C:\Texas Instruments\Z-Stack Mesh
#        1.0.0_chaokw_20160317\Z-Stack Mesh 1.0.0_chaokw_20160316\Z-Stack Mesh
#        1.0.0_LCDOK\Z-Stack Mesh
#        1.0.0\Projects\zstack\Samples\GenericApp\CC2530DB\" -I "C:\Texas
#        Instruments\Z-Stack Mesh 1.0.0_chaokw_20160317\Z-Stack Mesh
#        1.0.0_chaokw_20160316\Z-Stack Mesh 1.0.0_LCDOK\Z-Stack Mesh
#        1.0.0\Projects\zstack\Samples\GenericApp\CC2530DB\..\Source\" -I
#        "C:\Texas Instruments\Z-Stack Mesh 1.0.0_chaokw_20160317\Z-Stack Mesh
#        1.0.0_chaokw_20160316\Z-Stack Mesh 1.0.0_LCDOK\Z-Stack Mesh
#        1.0.0\Projects\zstack\Samples\GenericApp\CC2530DB\..\..\..\Application\"
#        -I "C:\Texas Instruments\Z-Stack Mesh 1.0.0_chaokw_20160317\Z-Stack
#        Mesh 1.0.0_chaokw_20160316\Z-Stack Mesh 1.0.0_LCDOK\Z-Stack Mesh
#        1.0.0\Projects\zstack\Samples\GenericApp\CC2530DB\..\..\..\ZMain\TI2530DB\"
#        -I "C:\Texas Instruments\Z-Stack Mesh 1.0.0_chaokw_20160317\Z-Stack
#        Mesh 1.0.0_chaokw_20160316\Z-Stack Mesh 1.0.0_LCDOK\Z-Stack Mesh
#        1.0.0\Projects\zstack\Samples\GenericApp\CC2530DB\..\..\..\..\..\Components\hal\include\"
#        -I "C:\Texas Instruments\Z-Stack Mesh 1.0.0_chaokw_20160317\Z-Stack
#        Mesh 1.0.0_chaokw_20160316\Z-Stack Mesh 1.0.0_LCDOK\Z-Stack Mesh
#        1.0.0\Projects\zstack\Samples\GenericApp\CC2530DB\..\..\..\..\..\Components\hal\target\CC2530EB\"
#        -I "C:\Texas Instruments\Z-Stack Mesh 1.0.0_chaokw_20160317\Z-Stack
#        Mesh 1.0.0_chaokw_20160316\Z-Stack Mesh 1.0.0_LCDOK\Z-Stack Mesh
#        1.0.0\Projects\zstack\Samples\GenericApp\CC2530DB\..\..\..\..\..\Components\mac\include\"
#        -I "C:\Texas Instruments\Z-Stack Mesh 1.0.0_chaokw_20160317\Z-Stack
#        Mesh 1.0.0_chaokw_20160316\Z-Stack Mesh 1.0.0_LCDOK\Z-Stack Mesh
#        1.0.0\Projects\zstack\Samples\GenericApp\CC2530DB\..\..\..\..\..\Components\mac\high_level\"
#        -I "C:\Texas Instruments\Z-Stack Mesh 1.0.0_chaokw_20160317\Z-Stack
#        Mesh 1.0.0_chaokw_20160316\Z-Stack Mesh 1.0.0_LCDOK\Z-Stack Mesh
#        1.0.0\Projects\zstack\Samples\GenericApp\CC2530DB\..\..\..\..\..\Components\mac\low_level\srf04\"
#        -I "C:\Texas Instruments\Z-Stack Mesh 1.0.0_chaokw_20160317\Z-Stack
#        Mesh 1.0.0_chaokw_20160316\Z-Stack Mesh 1.0.0_LCDOK\Z-Stack Mesh
#        1.0.0\Projects\zstack\Samples\GenericApp\CC2530DB\..\..\..\..\..\Components\mac\low_level\srf04\single_chip\"
#        -I "C:\Texas Instruments\Z-Stack Mesh 1.0.0_chaokw_20160317\Z-Stack
#        Mesh 1.0.0_chaokw_20160316\Z-Stack Mesh 1.0.0_LCDOK\Z-Stack Mesh
#        1.0.0\Projects\zstack\Samples\GenericApp\CC2530DB\..\..\..\..\..\Components\mt\"
#        -I "C:\Texas Instruments\Z-Stack Mesh 1.0.0_chaokw_20160317\Z-Stack
#        Mesh 1.0.0_chaokw_20160316\Z-Stack Mesh 1.0.0_LCDOK\Z-Stack Mesh
#        1.0.0\Projects\zstack\Samples\GenericApp\CC2530DB\..\..\..\..\..\Components\osal\include\"
#        -I "C:\Texas Instruments\Z-Stack Mesh 1.0.0_chaokw_20160317\Z-Stack
#        Mesh 1.0.0_chaokw_20160316\Z-Stack Mesh 1.0.0_LCDOK\Z-Stack Mesh
#        1.0.0\Projects\zstack\Samples\GenericApp\CC2530DB\..\..\..\..\..\Components\services\saddr\"
#        -I "C:\Texas Instruments\Z-Stack Mesh 1.0.0_chaokw_20160317\Z-Stack
#        Mesh 1.0.0_chaokw_20160316\Z-Stack Mesh 1.0.0_LCDOK\Z-Stack Mesh
#        1.0.0\Projects\zstack\Samples\GenericApp\CC2530DB\..\..\..\..\..\Components\services\sdata\"
#        -I "C:\Texas Instruments\Z-Stack Mesh 1.0.0_chaokw_20160317\Z-Stack
#        Mesh 1.0.0_chaokw_20160316\Z-Stack Mesh 1.0.0_LCDOK\Z-Stack Mesh
#        1.0.0\Projects\zstack\Samples\GenericApp\CC2530DB\..\..\..\..\..\Components\stack\af\"
#        -I "C:\Texas Instruments\Z-Stack Mesh 1.0.0_chaokw_20160317\Z-Stack
#        Mesh 1.0.0_chaokw_20160316\Z-Stack Mesh 1.0.0_LCDOK\Z-Stack Mesh
#        1.0.0\Projects\zstack\Samples\GenericApp\CC2530DB\..\..\..\..\..\Components\stack\nwk\"
#        -I "C:\Texas Instruments\Z-Stack Mesh 1.0.0_chaokw_20160317\Z-Stack
#        Mesh 1.0.0_chaokw_20160316\Z-Stack Mesh 1.0.0_LCDOK\Z-Stack Mesh
#        1.0.0\Projects\zstack\Samples\GenericApp\CC2530DB\..\..\..\..\..\Components\stack\sapi\"
#        -I "C:\Texas Instruments\Z-Stack Mesh 1.0.0_chaokw_20160317\Z-Stack
#        Mesh 1.0.0_chaokw_20160316\Z-Stack Mesh 1.0.0_LCDOK\Z-Stack Mesh
#        1.0.0\Projects\zstack\Samples\GenericApp\CC2530DB\..\..\..\..\..\Components\stack\sec\"
#        -I "C:\Texas Instruments\Z-Stack Mesh 1.0.0_chaokw_20160317\Z-Stack
#        Mesh 1.0.0_chaokw_20160316\Z-Stack Mesh 1.0.0_LCDOK\Z-Stack Mesh
#        1.0.0\Projects\zstack\Samples\GenericApp\CC2530DB\..\..\..\..\..\Components\stack\sys\"
#        -I "C:\Texas Instruments\Z-Stack Mesh 1.0.0_chaokw_20160317\Z-Stack
#        Mesh 1.0.0_chaokw_20160316\Z-Stack Mesh 1.0.0_LCDOK\Z-Stack Mesh
#        1.0.0\Projects\zstack\Samples\GenericApp\CC2530DB\..\..\..\..\..\Components\stack\zdo\"
#        -I "C:\Texas Instruments\Z-Stack Mesh 1.0.0_chaokw_20160317\Z-Stack
#        Mesh 1.0.0_chaokw_20160316\Z-Stack Mesh 1.0.0_LCDOK\Z-Stack Mesh
#        1.0.0\Projects\zstack\Samples\GenericApp\CC2530DB\..\..\..\..\..\Components\zmac\"
#        -I "C:\Texas Instruments\Z-Stack Mesh 1.0.0_chaokw_20160317\Z-Stack
#        Mesh 1.0.0_chaokw_20160316\Z-Stack Mesh 1.0.0_LCDOK\Z-Stack Mesh
#        1.0.0\Projects\zstack\Samples\GenericApp\CC2530DB\..\..\..\..\..\Components\zmac\f8w\"
#        -On --require_prototypes
#    List file          =  
#        C:\Texas Instruments\Z-Stack Mesh 1.0.0_chaokw_20160317\Z-Stack Mesh
#        1.0.0_chaokw_20160316\Z-Stack Mesh 1.0.0_LCDOK\Z-Stack Mesh
#        1.0.0\Projects\zstack\Samples\GenericApp\CC2530DB\CoordinatorEB\List\OSAL_Clock.lst
#    Object file        =  
#        C:\Texas Instruments\Z-Stack Mesh 1.0.0_chaokw_20160317\Z-Stack Mesh
#        1.0.0_chaokw_20160316\Z-Stack Mesh 1.0.0_LCDOK\Z-Stack Mesh
#        1.0.0\Projects\zstack\Samples\GenericApp\CC2530DB\CoordinatorEB\Obj\OSAL_Clock.r51
#
###############################################################################

C:\Texas Instruments\Z-Stack Mesh 1.0.0_chaokw_20160317\Z-Stack Mesh 1.0.0_chaokw_20160316\Z-Stack Mesh 1.0.0_LCDOK\Z-Stack Mesh 1.0.0\Components\osal\common\OSAL_Clock.c
      1          /******************************************************************************
      2            Filename:       OSAL_Clock.c
      3            Revised:        $Date: 2012-02-26 13:15:18 -0800 (Sun, 26 Feb 2012) $
      4            Revision:       $Revision: 29523 $
      5          
      6            Description:    OSAL Clock definition and manipulation functions.
      7          
      8            Copyright 2008-2012 Texas Instruments Incorporated. All rights reserved.
      9          
     10            IMPORTANT: Your use of this Software is limited to those specific rights
     11            granted under the terms of a software license agreement between the user
     12            who downloaded the software, his/her employer (which must be your employer)
     13            and Texas Instruments Incorporated (the "License"). You may not use this
     14            Software unless you agree to abide by the terms of the License. The License
     15            limits your use, and you acknowledge, that the Software may not be modified,
     16            copied or distributed unless embedded on a Texas Instruments microcontroller
     17            or used solely and exclusively in conjunction with a Texas Instruments radio
     18            frequency transceiver, which is integrated into your product. Other than for
     19            the foregoing purpose, you may not use, reproduce, copy, prepare derivative
     20            works of, modify, distribute, perform, display or sell this Software and/or
     21            its documentation for any purpose.
     22          
     23            YOU FURTHER ACKNOWLEDGE AND AGREE THAT THE SOFTWARE AND DOCUMENTATION ARE
     24            PROVIDED “AS IS” WITHOUT WARRANTY OF ANY KIND, EITHER EXPRESS OR IMPLIED,
     25            INCLUDING WITHOUT LIMITATION, ANY WARRANTY OF MERCHANTABILITY, TITLE,
     26            NON-INFRINGEMENT AND FITNESS FOR A PARTICULAR PURPOSE. IN NO EVENT SHALL
     27            TEXAS INSTRUMENTS OR ITS LICENSORS BE LIABLE OR OBLIGATED UNDER CONTRACT,
     28            NEGLIGENCE, STRICT LIABILITY, CONTRIBUTION, BREACH OF WARRANTY, OR OTHER
     29            LEGAL EQUITABLE THEORY ANY DIRECT OR INDIRECT DAMAGES OR EXPENSES
     30            INCLUDING BUT NOT LIMITED TO ANY INCIDENTAL, SPECIAL, INDIRECT, PUNITIVE
     31            OR CONSEQUENTIAL DAMAGES, LOST PROFITS OR LOST DATA, COST OF PROCUREMENT
     32            OF SUBSTITUTE GOODS, TECHNOLOGY, SERVICES, OR ANY CLAIMS BY THIRD PARTIES
     33            (INCLUDING BUT NOT LIMITED TO ANY DEFENSE THEREOF), OR OTHER SIMILAR COSTS.
     34          
     35            Should you have any questions regarding your right to use this Software,
     36            contact Texas Instruments Incorporated at www.TI.com.
     37          ******************************************************************************/
     38          
     39          /*********************************************************************
     40           * INCLUDES
     41           */
     42          
     43          #include "comdef.h"
     44          #include "hal_board.h"

   \                                 In  segment SFR_AN, at 0xa8
   \   union <unnamed> volatile __sfr _A_IEN0
   \                     _A_IEN0:
   \   000000                DS 1
     45          #include "OnBoard.h"
     46          #include "OSAL.h"
     47          #include "OSAL_Clock.h"
     48          
     49          /*********************************************************************
     50           * MACROS
     51           */
     52          
     53          #define	YearLength(yr)	((uint16)(IsLeapYear(yr) ? 366 : 365))
     54          
     55          /*********************************************************************
     56           * CONSTANTS
     57           */
     58          
     59          #define	BEGYEAR  2000     //  UTC started at 00:00:00 January 1, 2000
     60          
     61          #define	DAY      86400UL  // 24 hours * 60 minutes * 60 seconds
     62          
     63          /* Check Below for an explanation */
     64          #define COUNTER_TICK320US 204775UL 
     65          
     66          /* converted COUNTER_TICK320US from 320us ticks to ms */
     67          #define COUNTER_ELAPSEDMS 65528UL   
     68          
     69          /* 
     70           * Each tick is 320us so a value greater than 3 implies 
     71           * that atleast one millisecond has elapsed 320us*4 > 1 ms 
     72           */
     73          #define TIMER_CLOCK_UPDATE 4 
     74                                            
     75          /*********************************************************************
     76           * TYPEDEFS
     77           */
     78          
     79          /*********************************************************************
     80           * GLOBAL VARIABLES
     81           */
     82          
     83          /*********************************************************************
     84           * EXTERNAL VARIABLES
     85           */
     86          
     87          /*********************************************************************
     88           * EXTERNAL FUNCTIONS
     89           */
     90          extern uint32 macMcuPrecisionCount(void);
     91          
     92          #if (defined HAL_MCU_CC2430) || (defined HAL_MCU_CC2530) || (defined HAL_MCU_CC2533)
     93          
     94            /*  This function is used to divide a 31 bit dividend by a 16 bit
     95             *  divisor and return a packed 16 bit quotient and 16 bit
     96             *  remainder.
     97             *
     98             *  Note: This routine takes ~25.6us @32MHz. With C overhead, the
     99             *        time is ~32us.
    100             *
    101             *  dividend - 31 bit dividend.
    102             *  divisor - 16 bit divisor.
    103             *
    104             *  return - MSW divisor; LSW quotient
    105             */
    106            extern __near_func uint32 osalMcuDivide31By16To16( uint32 dividend, uint16 divisor );
    107          
    108            #define CONVERT_320US_TO_MS_ELAPSED_REMAINDER( x, y, z ) st( \
    109                                                                         \
    110              /* The 16 bit quotient is in MSW and */                    \
    111              /* the 16 bit remainder is in LSW. */                      \
    112              x = osalMcuDivide31By16To16( x, 25 );                      \
    113                                                                         \
    114              /* Add quotient to y */                                    \
    115              y += (x >> 16);                                            \
    116                                                                         \
    117              /* Copy remainder to z */                                  \
    118              z = (uint16)(x & 0x0FFFF);                                 \
    119            )
    120            
    121            #define CONVERT_MS_TO_S_ELAPSED_REMAINDER( x, y, z ) st(     \
    122                                                                         \
    123              /* The 16 bit quotient is in MSW and */                    \
    124              /* the 16 bit remainder is in LSW. */                      \
    125              x = osalMcuDivide31By16To16( x, 1000 );                    \
    126                                                                         \
    127              /* Add quotient to y */                                    \
    128              y += (x >> 16);                                            \
    129                                                                         \
    130              /* Copy remainder to z */                                  \
    131              z = (uint16)(x & 0x0FFFF);                                 \
    132            )
    133          
    134          #else /* (defined HAL_MCU_CC2430) || (defined HAL_MCU_CC2530) || (defined HAL_MCU_CC2533) */
    135          
    136            #define CONVERT_320US_TO_MS_ELAPSED_REMAINDER( x, y, z ) st( \
    137              y += x / 25;                                               \
    138              z = x % 25;                                                \
    139            )
    140            
    141            #define CONVERT_MS_TO_S_ELAPSED_REMAINDER( x, y, z ) st(     \
    142              y += x / 1000;                                             \
    143              z = x % 1000;                                              \
    144            )
    145          #endif /* (defined HAL_MCU_CC2430) || (defined HAL_MCU_CC2530) || (defined HAL_MCU_CC2533) */
    146          
    147          /*********************************************************************
    148           * LOCAL VARIABLES
    149           */

   \                                 In  segment XDATA_Z, align 1, keep-with-next
    150          static uint32 previousMacTimerTick = 0;
   \                     previousMacTimerTick:
   \   000000                DS 4
   \   000004                REQUIRE __INIT_XDATA_Z

   \                                 In  segment XDATA_Z, align 1, keep-with-next
    151          static uint16 remUsTicks = 0;
   \                     remUsTicks:
   \   000000                DS 2
   \   000002                REQUIRE __INIT_XDATA_Z

   \                                 In  segment XDATA_Z, align 1, keep-with-next
    152          static uint32 timeMSec = 0;
   \                     timeMSec:
   \   000000                DS 4
   \   000004                REQUIRE __INIT_XDATA_Z
    153          
    154          // number of seconds since 0 hrs, 0 minutes, 0 seconds, on the
    155          // 1st of January 2000 UTC

   \                                 In  segment XDATA_Z, align 1, keep-with-next
    156          UTCTime OSAL_timeSeconds = 0;
   \                     OSAL_timeSeconds:
   \   000000                DS 4
   \   000004                REQUIRE __INIT_XDATA_Z
    157          
    158          /*********************************************************************
    159           * LOCAL FUNCTION PROTOTYPES
    160           */
    161          static uint8 monthLength( uint8 lpyr, uint8 mon );
    162          
    163          static void osalClockUpdate( uint32 elapsedMSec );
    164          
    165          /*********************************************************************
    166           * FUNCTIONS
    167           *********************************************************************/
    168          
    169          /*********************************************************************
    170           * @fn      osalTimeUpdate
    171           *
    172           * @brief   Uses the free running rollover count of the MAC backoff timer;
    173           *          this timer runs freely with a constant 320 usec interval.  The
    174           *          count of 320-usec ticks is converted to msecs and used to update
    175           *          the OSAL clock and Timers by invoking osalClockUpdate() and
    176           *          osalTimerUpdate().  This function is intended to be invoked
    177           *          from the background, not interrupt level.
    178           *
    179           * @param   None.
    180           *
    181           * @return  None.
    182           */

   \                                 In  segment BANKED_CODE, align 1, keep-with-next
    183          void osalTimeUpdate( void )
   \                     osalTimeUpdate:
    184          {
   \   000000                REQUIRE ?V0
   \   000000                REQUIRE ?V1
   \   000000                REQUIRE ?V2
   \   000000                REQUIRE ?V3
   \   000000                REQUIRE ?V4
   \   000000                REQUIRE ?V5
   \   000000                REQUIRE ?V6
   \   000000                REQUIRE ?V7
   \   000000                REQUIRE ?V8
   \   000000                REQUIRE ?V9
   \   000000                REQUIRE ?V10
   \   000000                REQUIRE ?V11
   \   000000                REQUIRE ?V12
   \   000000                REQUIRE ?V13
   \   000000                REQUIRE ?V14
   \   000000                REQUIRE ?V15
   \   000000   74E8         MOV     A,#-0x18
   \   000002   12....       LCALL   ?BANKED_ENTER_XDATA
   \   000005                ; Saved register size: 24
   \   000005                ; Auto size: 4
   \   000005   74FC         MOV     A,#-0x4
   \   000007   12....       LCALL   ?ALLOC_XSTACK8
    185            halIntState_t intState;
    186            uint32 tmp;
    187            uint32 ticks320us;
    188            uint32 elapsedMSec = 0;
   \   00000A   75..00       MOV     ?V8,#0x0
   \   00000D   75..00       MOV     ?V9,#0x0
   \   000010   75..00       MOV     ?V10,#0x0
   \   000013   75..00       MOV     ?V11,#0x0
    189          
    190            HAL_ENTER_CRITICAL_SECTION(intState);
   \   000016   A2AF         MOV     C,0xa8.7
   \   000018   E4           CLR     A
   \   000019   33           RLC     A
   \   00001A   FE           MOV     R6,A
   \   00001B   C2AF         CLR     0xa8.7
    191            // Get the free-running count of 320us timer ticks
    192            tmp = macMcuPrecisionCount();
   \   00001D                ; Setup parameters for call to function macMcuPrecisionCount
   \   00001D   12....       LCALL   `??macMcuPrecisionCount::?relay`; Banked call to: macMcuPrecisionCount
   \   000020   8A..         MOV     ?V0,R2
   \   000022   8B..         MOV     ?V1,R3
   \   000024   8C..         MOV     ?V2,R4
   \   000026   8D..         MOV     ?V3,R5
   \   000028   85....       MOV     ?V4,?V0
   \   00002B   85....       MOV     ?V5,?V1
   \   00002E   85....       MOV     ?V6,?V2
   \   000031   85....       MOV     ?V7,?V3
    193            HAL_EXIT_CRITICAL_SECTION(intState);
   \   000034   EE           MOV     A,R6
   \   000035   FF           MOV     R7,A
   \   000036   EE           MOV     A,R6
   \   000037   A2E0         MOV     C,0xE0 /* A   */.0
   \   000039   92AF         MOV     0xa8.7,C
    194            
    195            if ( tmp != previousMacTimerTick )
   \   00003B   90....       MOV     DPTR,#previousMacTimerTick
   \   00003E   78..         MOV     R0,#?V4
   \   000040   12....       LCALL   ?L_EQ_X
   \   000043   7003         JNZ     $+5
   \   000045   02....       LJMP    ??osalTimeUpdate_0 & 0xFFFF
    196            {
    197              // Calculate the elapsed ticks of the free-running timer.
    198              ticks320us = (tmp - previousMacTimerTick) & 0xffffffffu;
   \   000048   85....       MOV     ?V0,?V4
   \   00004B   85....       MOV     ?V1,?V5
   \   00004E   85....       MOV     ?V2,?V6
   \   000051   85....       MOV     ?V3,?V7
   \   000054   90....       MOV     DPTR,#previousMacTimerTick
   \   000057   78..         MOV     R0,#?V0
   \   000059   12....       LCALL   ?L_SUB_X
   \   00005C   AA..         MOV     R2,?V0
   \   00005E   AB..         MOV     R3,?V1
   \   000060   AC..         MOV     R4,?V2
   \   000062   AD..         MOV     R5,?V3
   \   000064   85..82       MOV     DPL,?XSP + 0
   \   000067   85..83       MOV     DPH,?XSP + 1
   \   00006A   EA           MOV     A,R2
   \   00006B   F0           MOVX    @DPTR,A
   \   00006C   A3           INC     DPTR
   \   00006D   EB           MOV     A,R3
   \   00006E   F0           MOVX    @DPTR,A
   \   00006F   A3           INC     DPTR
   \   000070   EC           MOV     A,R4
   \   000071   F0           MOVX    @DPTR,A
   \   000072   A3           INC     DPTR
   \   000073   ED           MOV     A,R5
   \   000074   F0           MOVX    @DPTR,A
    199          
    200              if (ticks320us >= TIMER_CLOCK_UPDATE )
   \   000075   90....       MOV     DPTR,#__Constant_4
   \   000078   78..         MOV     R0,#?V0
   \   00007A   12....       LCALL   ?L_MOV_X
   \   00007D   85..82       MOV     DPL,?XSP + 0
   \   000080   85..83       MOV     DPH,?XSP + 1
   \   000083   78..         MOV     R0,#?V0
   \   000085   12....       LCALL   ?UL_GT_X
   \   000088   5003         JNC     $+5
   \   00008A   02....       LJMP    ??osalTimeUpdate_0 & 0xFFFF
    201              {
    202                // Store the MAC Timer tick count for the next time through this function.
    203                previousMacTimerTick = tmp;
   \   00008D   90....       MOV     DPTR,#previousMacTimerTick
   \   000090   78..         MOV     R0,#?V4
   \   000092   12....       LCALL   ?L_MOV_TO_X
    204                
    205                /*
    206                 * remUsTicks can have a maximum value of 24 (Since remusTicks got by mod 
    207                 * of 25). The value of COUNTER_TICK320US is a multiple of 25 and the 
    208                 * quotient of  CONVERT_320US_TO_MS_ELAPSED_REMAINDER() does not exceed 
    209                 * 0xFFFF or 16 bit.
    210                 */
    211                while(ticks320us >= COUNTER_TICK320US)
   \                     ??osalTimeUpdate_1:
   \   000095   90....       MOV     DPTR,#__Constant_31fe7
   \   000098   78..         MOV     R0,#?V0
   \   00009A   12....       LCALL   ?L_MOV_X
   \   00009D   85..82       MOV     DPL,?XSP + 0
   \   0000A0   85..83       MOV     DPH,?XSP + 1
   \   0000A3   78..         MOV     R0,#?V0
   \   0000A5   12....       LCALL   ?UL_GT_X
   \   0000A8   401D         JC      ??osalTimeUpdate_2
    212                {
    213                  ticks320us  -= COUNTER_TICK320US;
   \   0000AA   90....       MOV     DPTR,#__Constant_fffce019
   \   0000AD   78..         MOV     R0,#?V0
   \   0000AF   12....       LCALL   ?L_MOV_X
   \   0000B2   85..82       MOV     DPL,?XSP + 0
   \   0000B5   85..83       MOV     DPH,?XSP + 1
   \   0000B8   78..         MOV     R0,#?V0
   \   0000BA   12....       LCALL   ?L_ADD_TO_X
    214                  elapsedMSec += COUNTER_ELAPSEDMS;
   \   0000BD   90....       MOV     DPTR,#__Constant_fff8
   \   0000C0   78..         MOV     R0,#?V8
   \   0000C2   12....       LCALL   ?L_ADD_X
   \   0000C5   80CE         SJMP    ??osalTimeUpdate_1
    215                }
    216              
    217                // update converted number with remaining ticks from loop and the
    218                // accumulated remainder from loop
    219                tmp = (ticks320us * 8) + remUsTicks;
   \                     ??osalTimeUpdate_2:
   \   0000C7   85..82       MOV     DPL,?XSP + 0
   \   0000CA   85..83       MOV     DPH,?XSP + 1
   \   0000CD   78..         MOV     R0,#?V0
   \   0000CF   12....       LCALL   ?L_MOV_X
   \   0000D2   90....       MOV     DPTR,#__Constant_8
   \   0000D5   78..         MOV     R0,#?V12
   \   0000D7   12....       LCALL   ?L_MOV_X
   \   0000DA   78..         MOV     R0,#?V0
   \   0000DC   79..         MOV     R1,#?V12
   \   0000DE   12....       LCALL   ?L_MUL
   \   0000E1   90....       MOV     DPTR,#remUsTicks
   \   0000E4   E0           MOVX    A,@DPTR
   \   0000E5   F5..         MOV     ?V12,A
   \   0000E7   A3           INC     DPTR
   \   0000E8   E0           MOVX    A,@DPTR
   \   0000E9   F5..         MOV     ?V13,A
   \   0000EB   E4           CLR     A
   \   0000EC   F5..         MOV     ?V14,A
   \   0000EE   F5..         MOV     ?V15,A
   \   0000F0   78..         MOV     R0,#?V0
   \   0000F2   79..         MOV     R1,#?V12
   \   0000F4   12....       LCALL   ?L_ADD
   \   0000F7   85....       MOV     ?V4,?V0
   \   0000FA   85....       MOV     ?V5,?V1
   \   0000FD   85....       MOV     ?V6,?V2
   \   000100   85....       MOV     ?V7,?V3
    220          
    221                // Convert the 320 us ticks into milliseconds and a remainder
    222                CONVERT_320US_TO_MS_ELAPSED_REMAINDER( tmp, elapsedMSec, remUsTicks );
   \   000103                ; Setup parameters for call to function osalMcuDivide31By16To16
   \   000103   75..19       MOV     ?V0,#0x19
   \   000106   75..00       MOV     ?V1,#0x0
   \   000109   78..         MOV     R0,#?V0
   \   00010B   12....       LCALL   ?PUSH_XSTACK_I_TWO
   \   00010E   AA..         MOV     R2,?V4
   \   000110   AB..         MOV     R3,?V5
   \   000112   AC..         MOV     R4,?V6
   \   000114   AD..         MOV     R5,?V7
   \   000116   12....       LCALL   osalMcuDivide31By16To16 & 0xFFFF
   \   000119   7402         MOV     A,#0x2
   \   00011B   12....       LCALL   ?DEALLOC_XSTACK8
   \   00011E   8A..         MOV     ?V0,R2
   \   000120   8B..         MOV     ?V1,R3
   \   000122   8C..         MOV     ?V2,R4
   \   000124   8D..         MOV     ?V3,R5
   \   000126   85....       MOV     ?V4,?V0
   \   000129   85....       MOV     ?V5,?V1
   \   00012C   85....       MOV     ?V6,?V2
   \   00012F   85....       MOV     ?V7,?V3
   \   000132   85....       MOV     ?V0,?V4
   \   000135   85....       MOV     ?V1,?V5
   \   000138   85....       MOV     ?V2,?V6
   \   00013B   85....       MOV     ?V3,?V7
   \   00013E   7410         MOV     A,#0x10
   \   000140   78..         MOV     R0,#?V0
   \   000142   12....       LCALL   ?UL_SHR
   \   000145   78..         MOV     R0,#?V8
   \   000147   79..         MOV     R1,#?V0
   \   000149   12....       LCALL   ?L_ADD
   \   00014C   A8..         MOV     R0,?V4
   \   00014E   A9..         MOV     R1,?V5
   \   000150   90....       MOV     DPTR,#remUsTicks
   \   000153   E8           MOV     A,R0
   \   000154   F0           MOVX    @DPTR,A
   \   000155   A3           INC     DPTR
   \   000156   E9           MOV     A,R1
   \   000157   F0           MOVX    @DPTR,A
    223                
    224                // Update OSAL Clock and Timers
    225                osalClockUpdate( elapsedMSec );
   \   000158                ; Setup parameters for call to function osalClockUpdate
   \   000158   AA..         MOV     R2,?V8
   \   00015A   AB..         MOV     R3,?V9
   \   00015C   AC..         MOV     R4,?V10
   \   00015E   AD..         MOV     R5,?V11
   \   000160   12....       LCALL   `??osalClockUpdate::?relay`; Banked call to: osalClockUpdate
    226                osalTimerUpdate( elapsedMSec );
   \   000163                ; Setup parameters for call to function osalTimerUpdate
   \   000163   AA..         MOV     R2,?V8
   \   000165   AB..         MOV     R3,?V9
   \   000167   AC..         MOV     R4,?V10
   \   000169   AD..         MOV     R5,?V11
   \   00016B   12....       LCALL   `??osalTimerUpdate::?relay`; Banked call to: osalTimerUpdate
    227              }
    228            }
    229          }
   \                     ??osalTimeUpdate_0:
   \   00016E   7404         MOV     A,#0x4
   \   000170   12....       LCALL   ?DEALLOC_XSTACK8
   \   000173   7F10         MOV     R7,#0x10
   \   000175   02....       LJMP    ?BANKED_LEAVE_XDATA
   \   000178                REQUIRE _A_IEN0
    230          
    231          /*********************************************************************
    232           * @fn      osalClockUpdate
    233           *
    234           * @brief   Updates the OSAL Clock time with elapsed milliseconds.
    235           *
    236           * @param   elapsedMSec - elapsed milliseconds
    237           *
    238           * @return  none
    239           */

   \                                 In  segment BANKED_CODE, align 1, keep-with-next
    240          static void osalClockUpdate( uint32 elapsedMSec )
   \                     osalClockUpdate:
    241          {
   \   000000                REQUIRE ?V0
   \   000000                REQUIRE ?V1
   \   000000                REQUIRE ?V2
   \   000000                REQUIRE ?V3
   \   000000                REQUIRE ?V4
   \   000000                REQUIRE ?V5
   \   000000                REQUIRE ?V6
   \   000000                REQUIRE ?V7
   \   000000                REQUIRE ?V8
   \   000000                REQUIRE ?V9
   \   000000                REQUIRE ?V10
   \   000000                REQUIRE ?V11
   \   000000   74EC         MOV     A,#-0x14
   \   000002   12....       LCALL   ?BANKED_ENTER_XDATA
   \   000005                ; Saved register size: 20
   \   000005                ; Auto size: 0
   \   000005   8A..         MOV     ?V4,R2
   \   000007   8B..         MOV     ?V5,R3
   \   000009   8C..         MOV     ?V6,R4
   \   00000B   8D..         MOV     ?V7,R5
    242            uint32 tmp;
    243            halIntState_t intState;
    244            
    245            HAL_ENTER_CRITICAL_SECTION(intState);
   \   00000D   A2AF         MOV     C,0xa8.7
   \   00000F   E4           CLR     A
   \   000010   33           RLC     A
   \   000011   FE           MOV     R6,A
   \   000012   C2AF         CLR     0xa8.7
    246            // Add elapsed milliseconds to the saved millisecond portion of time
    247            timeMSec += elapsedMSec;
   \   000014   90....       MOV     DPTR,#timeMSec
   \   000017   78..         MOV     R0,#?V4
   \   000019   12....       LCALL   ?L_ADD_TO_X
    248          
    249            // Roll up milliseconds to the number of seconds
    250            if ( timeMSec >= 1000 )
   \   00001C   90....       MOV     DPTR,#__Constant_3e8
   \   00001F   78..         MOV     R0,#?V0
   \   000021   12....       LCALL   ?L_MOV_X
   \   000024   90....       MOV     DPTR,#timeMSec
   \   000027   78..         MOV     R0,#?V0
   \   000029   12....       LCALL   ?UL_GT_X
   \   00002C   4071         JC      ??osalClockUpdate_0
    251            {
    252              tmp = timeMSec;
   \   00002E   90....       MOV     DPTR,#timeMSec
   \   000031   78..         MOV     R0,#?V0
   \   000033   12....       LCALL   ?L_MOV_X
   \   000036   85....       MOV     ?V8,?V0
   \   000039   85....       MOV     ?V9,?V1
   \   00003C   85....       MOV     ?V10,?V2
   \   00003F   85....       MOV     ?V11,?V3
    253              CONVERT_MS_TO_S_ELAPSED_REMAINDER(tmp, OSAL_timeSeconds, timeMSec);
   \   000042                ; Setup parameters for call to function osalMcuDivide31By16To16
   \   000042   75..E8       MOV     ?V0,#-0x18
   \   000045   75..03       MOV     ?V1,#0x3
   \   000048   78..         MOV     R0,#?V0
   \   00004A   12....       LCALL   ?PUSH_XSTACK_I_TWO
   \   00004D   AA..         MOV     R2,?V8
   \   00004F   AB..         MOV     R3,?V9
   \   000051   AC..         MOV     R4,?V10
   \   000053   AD..         MOV     R5,?V11
   \   000055   12....       LCALL   osalMcuDivide31By16To16 & 0xFFFF
   \   000058   7402         MOV     A,#0x2
   \   00005A   12....       LCALL   ?DEALLOC_XSTACK8
   \   00005D   8A..         MOV     ?V0,R2
   \   00005F   8B..         MOV     ?V1,R3
   \   000061   8C..         MOV     ?V2,R4
   \   000063   8D..         MOV     ?V3,R5
   \   000065   85....       MOV     ?V8,?V0
   \   000068   85....       MOV     ?V9,?V1
   \   00006B   85....       MOV     ?V10,?V2
   \   00006E   85....       MOV     ?V11,?V3
   \   000071   85....       MOV     ?V0,?V8
   \   000074   85....       MOV     ?V1,?V9
   \   000077   85....       MOV     ?V2,?V10
   \   00007A   85....       MOV     ?V3,?V11
   \   00007D   7410         MOV     A,#0x10
   \   00007F   78..         MOV     R0,#?V0
   \   000081   12....       LCALL   ?UL_SHR
   \   000084   90....       MOV     DPTR,#OSAL_timeSeconds
   \   000087   78..         MOV     R0,#?V0
   \   000089   12....       LCALL   ?L_ADD_TO_X
   \   00008C   85....       MOV     ?V0,?V8
   \   00008F   85....       MOV     ?V1,?V9
   \   000092   A8..         MOV     R0,?V0
   \   000094   A9..         MOV     R1,?V1
   \   000096   E4           CLR     A
   \   000097   FA           MOV     R2,A
   \   000098   FB           MOV     R3,A
   \   000099   90....       MOV     DPTR,#timeMSec
   \   00009C   12....       LCALL   ?XSTORE_R0123
    254            }
    255            HAL_EXIT_CRITICAL_SECTION(intState);
   \                     ??osalClockUpdate_0:
   \   00009F   EE           MOV     A,R6
   \   0000A0   F8           MOV     R0,A
   \   0000A1   EE           MOV     A,R6
   \   0000A2   A2E0         MOV     C,0xE0 /* A   */.0
   \   0000A4   92AF         MOV     0xa8.7,C
    256          }
   \   0000A6   7F0C         MOV     R7,#0xc
   \   0000A8   02....       LJMP    ?BANKED_LEAVE_XDATA
   \   0000AB                REQUIRE _A_IEN0
    257          
    258          #ifdef HAL_BOARD_CC2538
    259          /*********************************************************************
    260           * @fn      osalAdjustTimer
    261           *
    262           * @brief   Updates the OSAL Clock and Timer with elapsed milliseconds.
    263           *
    264           * @param   MSec - elapsed milliseconds
    265           *
    266           * @return  none
    267           */
    268          void osalAdjustTimer(uint32 Msec )
    269          {
    270            /* Disable SysTick interrupts */ 
    271            SysTickIntDisable(); 
    272            
    273            osalClockUpdate(Msec);
    274            osalTimerUpdate(Msec);
    275            
    276            /* Enable SysTick interrupts */ 
    277            SysTickIntEnable(); 
    278          }
    279          #endif /* HAL_BOARD_CC2538 */
    280          
    281          /*********************************************************************
    282           * @fn      osal_setClock
    283           *
    284           * @brief   Set the new time.  This will only set the seconds portion
    285           *          of time and doesn't change the factional second counter.
    286           *
    287           * @param   newTime - number of seconds since 0 hrs, 0 minutes,
    288           *                    0 seconds, on the 1st of January 2000 UTC
    289           *
    290           * @return  none
    291           */

   \                                 In  segment BANKED_CODE, align 1, keep-with-next
    292          void osal_setClock( UTCTime newTime )
   \                     osal_setClock:
    293          {
   \   000000                REQUIRE ?V0
   \   000000                REQUIRE ?V1
   \   000000                REQUIRE ?V2
   \   000000                REQUIRE ?V3
   \   000000   74F4         MOV     A,#-0xc
   \   000002   12....       LCALL   ?BANKED_ENTER_XDATA
   \   000005                ; Saved register size: 12
   \   000005                ; Auto size: 0
   \   000005   8A..         MOV     ?V0,R2
   \   000007   8B..         MOV     ?V1,R3
   \   000009   8C..         MOV     ?V2,R4
   \   00000B   8D..         MOV     ?V3,R5
    294            HAL_CRITICAL_STATEMENT(OSAL_timeSeconds = newTime);
   \   00000D   A2AF         MOV     C,0xa8.7
   \   00000F   E4           CLR     A
   \   000010   33           RLC     A
   \   000011   F9           MOV     R1,A
   \   000012   C2AF         CLR     0xa8.7
   \   000014   90....       MOV     DPTR,#OSAL_timeSeconds
   \   000017   78..         MOV     R0,#?V0
   \   000019   12....       LCALL   ?L_MOV_TO_X
   \   00001C   E9           MOV     A,R1
   \   00001D   F8           MOV     R0,A
   \   00001E   E9           MOV     A,R1
   \   00001F   A2E0         MOV     C,0xE0 /* A   */.0
   \   000021   92AF         MOV     0xa8.7,C
    295          }
   \   000023   7F04         MOV     R7,#0x4
   \   000025   02....       LJMP    ?BANKED_LEAVE_XDATA
   \   000028                REQUIRE _A_IEN0
    296          
    297          /*********************************************************************
    298           * @fn      osal_getClock
    299           *
    300           * @brief   Gets the current time.  This will only return the seconds
    301           *          portion of time and doesn't include the factional second
    302           *          counter.
    303           *
    304           * @param   none
    305           *
    306           * @return  number of seconds since 0 hrs, 0 minutes, 0 seconds,
    307           *          on the 1st of January 2000 UTC
    308           */

   \                                 In  segment BANKED_CODE, align 1, keep-with-next
    309          UTCTime osal_getClock( void )
   \                     osal_getClock:
    310          {
   \   000000   C082         PUSH    DPL
   \   000002   C083         PUSH    DPH
   \   000004                ; Saved register size: 2
   \   000004                ; Auto size: 0
    311            return ( OSAL_timeSeconds );
   \   000004   90....       MOV     DPTR,#OSAL_timeSeconds
   \   000007   12....       LCALL   ?XLOAD_R2345
   \   00000A   D083         POP     DPH
   \   00000C   D082         POP     DPL
   \   00000E   02....       LJMP    ?BRET
    312          }
    313          
    314          /*********************************************************************
    315           * @fn      osal_ConvertUTCTime
    316           *
    317           * @brief   Converts UTCTime to UTCTimeStruct
    318           *
    319           * @param   tm - pointer to breakdown struct
    320           *
    321           * @param   secTime - number of seconds since 0 hrs, 0 minutes,
    322           *          0 seconds, on the 1st of January 2000 UTC
    323           *
    324           * @return  none
    325           */

   \                                 In  segment BANKED_CODE, align 1, keep-with-next
    326          void osal_ConvertUTCTime( UTCTimeStruct *tm, UTCTime secTime )
   \                     osal_ConvertUTCTime:
    327          {
   \   000000                REQUIRE ?V0
   \   000000                REQUIRE ?V1
   \   000000                REQUIRE ?V2
   \   000000                REQUIRE ?V3
   \   000000                REQUIRE ?V4
   \   000000                REQUIRE ?V5
   \   000000                REQUIRE ?V6
   \   000000                REQUIRE ?V7
   \   000000                REQUIRE ?V8
   \   000000                REQUIRE ?V9
   \   000000                REQUIRE ?V10
   \   000000                REQUIRE ?V11
   \   000000                REQUIRE ?V12
   \   000000                REQUIRE ?V13
   \   000000                REQUIRE ?V14
   \   000000                REQUIRE ?V15
   \   000000   74E8         MOV     A,#-0x18
   \   000002   12....       LCALL   ?BANKED_ENTER_XDATA
   \   000005                ; Saved register size: 24
   \   000005                ; Auto size: 0
   \   000005   EA           MOV     A,R2
   \   000006   FE           MOV     R6,A
   \   000007   EB           MOV     A,R3
   \   000008   FF           MOV     R7,A
   \   000009   7418         MOV     A,#0x18
   \   00000B   12....       LCALL   ?XSTACK_DISP0_8
   \   00000E   78..         MOV     R0,#?V4
   \   000010   12....       LCALL   ?L_MOV_X
    328            // calculate the time less than a day - hours, minutes, seconds
    329            {
    330              uint32 day = secTime % DAY;
   \   000013   85....       MOV     ?V0,?V4
   \   000016   85....       MOV     ?V1,?V5
   \   000019   85....       MOV     ?V2,?V6
   \   00001C   85....       MOV     ?V3,?V7
   \   00001F   90....       MOV     DPTR,#__Constant_15180
   \   000022   78..         MOV     R0,#?V8
   \   000024   12....       LCALL   ?L_MOV_X
   \   000027   78..         MOV     R0,#?V0
   \   000029   79..         MOV     R1,#?V8
   \   00002B   12....       LCALL   ?UL_DIV_MOD
    331              tm->seconds = day % 60UL;
   \   00002E   85....       MOV     ?V0,?V8
   \   000031   85....       MOV     ?V1,?V9
   \   000034   85....       MOV     ?V2,?V10
   \   000037   85....       MOV     ?V3,?V11
   \   00003A   90....       MOV     DPTR,#__Constant_3c
   \   00003D   78..         MOV     R0,#?V12
   \   00003F   12....       LCALL   ?L_MOV_X
   \   000042   78..         MOV     R0,#?V0
   \   000044   79..         MOV     R1,#?V12
   \   000046   12....       LCALL   ?UL_DIV_MOD
   \   000049   E5..         MOV     A,?V12
   \   00004B   C0E0         PUSH    A
   \   00004D   8E82         MOV     DPL,R6
   \   00004F   8F83         MOV     DPH,R7
   \   000051   D0E0         POP     A
   \   000053   F0           MOVX    @DPTR,A
    332              tm->minutes = (day % 3600UL) / 60UL;
   \   000054   85....       MOV     ?V12,?V8
   \   000057   85....       MOV     ?V13,?V9
   \   00005A   85....       MOV     ?V14,?V10
   \   00005D   85....       MOV     ?V15,?V11
   \   000060   90....       MOV     DPTR,#__Constant_e10
   \   000063   78..         MOV     R0,#?V0
   \   000065   12....       LCALL   ?L_MOV_X
   \   000068   78..         MOV     R0,#?V12
   \   00006A   79..         MOV     R1,#?V0
   \   00006C   12....       LCALL   ?UL_DIV_MOD
   \   00006F   90....       MOV     DPTR,#__Constant_3c
   \   000072   78..         MOV     R0,#?V12
   \   000074   12....       LCALL   ?L_MOV_X
   \   000077   78..         MOV     R0,#?V0
   \   000079   79..         MOV     R1,#?V12
   \   00007B   12....       LCALL   ?UL_DIV_MOD
   \   00007E   E5..         MOV     A,?V0
   \   000080   C0E0         PUSH    A
   \   000082   8E82         MOV     DPL,R6
   \   000084   8F83         MOV     DPH,R7
   \   000086   A3           INC     DPTR
   \   000087   D0E0         POP     A
   \   000089   F0           MOVX    @DPTR,A
    333              tm->hour = day / 3600UL;
   \   00008A   90....       MOV     DPTR,#__Constant_e10
   \   00008D   78..         MOV     R0,#?V0
   \   00008F   12....       LCALL   ?L_MOV_X
   \   000092   78..         MOV     R0,#?V8
   \   000094   79..         MOV     R1,#?V0
   \   000096   12....       LCALL   ?UL_DIV_MOD
   \   000099   E5..         MOV     A,?V8
   \   00009B   C0E0         PUSH    A
   \   00009D   8E82         MOV     DPL,R6
   \   00009F   8F83         MOV     DPH,R7
   \   0000A1   A3           INC     DPTR
   \   0000A2   A3           INC     DPTR
   \   0000A3   D0E0         POP     A
   \   0000A5   F0           MOVX    @DPTR,A
    334            }
    335          
    336            // Fill in the calendar - day, month, year
    337            {
    338              uint16 numDays = secTime / DAY;
   \   0000A6   85....       MOV     ?V0,?V4
   \   0000A9   85....       MOV     ?V1,?V5
   \   0000AC   85....       MOV     ?V2,?V6
   \   0000AF   85....       MOV     ?V3,?V7
   \   0000B2   90....       MOV     DPTR,#__Constant_15180
   \   0000B5   78..         MOV     R0,#?V8
   \   0000B7   12....       LCALL   ?L_MOV_X
   \   0000BA   78..         MOV     R0,#?V0
   \   0000BC   79..         MOV     R1,#?V8
   \   0000BE   12....       LCALL   ?UL_DIV_MOD
   \   0000C1   85....       MOV     ?V2,?V0
   \   0000C4   85....       MOV     ?V3,?V1
   \   0000C7   85....       MOV     ?V0,?V2
   \   0000CA   85....       MOV     ?V1,?V3
    339              tm->year = BEGYEAR;
   \   0000CD   8E82         MOV     DPL,R6
   \   0000CF   8F83         MOV     DPH,R7
   \   0000D1   A3           INC     DPTR
   \   0000D2   A3           INC     DPTR
   \   0000D3   A3           INC     DPTR
   \   0000D4   A3           INC     DPTR
   \   0000D5   A3           INC     DPTR
   \   0000D6   74D0         MOV     A,#-0x30
   \   0000D8   F0           MOVX    @DPTR,A
   \   0000D9   A3           INC     DPTR
   \   0000DA   7407         MOV     A,#0x7
   \   0000DC   F0           MOVX    @DPTR,A
    340              while ( numDays >= YearLength( tm->year ) )
   \                     ??osal_ConvertUTCTime_0:
   \   0000DD   8E82         MOV     DPL,R6
   \   0000DF   8F83         MOV     DPH,R7
   \   0000E1   A3           INC     DPTR
   \   0000E2   A3           INC     DPTR
   \   0000E3   A3           INC     DPTR
   \   0000E4   A3           INC     DPTR
   \   0000E5   A3           INC     DPTR
   \   0000E6   E0           MOVX    A,@DPTR
   \   0000E7   F8           MOV     R0,A
   \   0000E8   A3           INC     DPTR
   \   0000E9   E0           MOVX    A,@DPTR
   \   0000EA   F9           MOV     R1,A
   \   0000EB   7A90         MOV     R2,#-0x70
   \   0000ED   7B01         MOV     R3,#0x1
   \   0000EF   12....       LCALL   ?US_DIV_MOD
   \   0000F2   8A..         MOV     ?V2,R2
   \   0000F4   8B..         MOV     ?V3,R3
   \   0000F6   E5..         MOV     A,?V2
   \   0000F8   45..         ORL     A,?V3
   \   0000FA   603E         JZ      ??osal_ConvertUTCTime_1
   \   0000FC   8E82         MOV     DPL,R6
   \   0000FE   8F83         MOV     DPH,R7
   \   000100   A3           INC     DPTR
   \   000101   A3           INC     DPTR
   \   000102   A3           INC     DPTR
   \   000103   A3           INC     DPTR
   \   000104   A3           INC     DPTR
   \   000105   E0           MOVX    A,@DPTR
   \   000106   F8           MOV     R0,A
   \   000107   A3           INC     DPTR
   \   000108   E0           MOVX    A,@DPTR
   \   000109   F9           MOV     R1,A
   \   00010A   7A64         MOV     R2,#0x64
   \   00010C   7B00         MOV     R3,#0x0
   \   00010E   12....       LCALL   ?US_DIV_MOD
   \   000111   8A..         MOV     ?V2,R2
   \   000113   8B..         MOV     ?V3,R3
   \   000115   E5..         MOV     A,?V2
   \   000117   45..         ORL     A,?V3
   \   000119   6025         JZ      ??osal_ConvertUTCTime_2
   \   00011B   8E82         MOV     DPL,R6
   \   00011D   8F83         MOV     DPH,R7
   \   00011F   A3           INC     DPTR
   \   000120   A3           INC     DPTR
   \   000121   A3           INC     DPTR
   \   000122   A3           INC     DPTR
   \   000123   A3           INC     DPTR
   \   000124   E0           MOVX    A,@DPTR
   \   000125   F8           MOV     R0,A
   \   000126   A3           INC     DPTR
   \   000127   E0           MOVX    A,@DPTR
   \   000128   F9           MOV     R1,A
   \   000129   7A04         MOV     R2,#0x4
   \   00012B   7B00         MOV     R3,#0x0
   \   00012D   12....       LCALL   ?US_DIV_MOD
   \   000130   8A..         MOV     ?V2,R2
   \   000132   8B..         MOV     ?V3,R3
   \   000134   E5..         MOV     A,?V2
   \   000136   45..         ORL     A,?V3
   \   000138   7006         JNZ     ??osal_ConvertUTCTime_2
   \                     ??osal_ConvertUTCTime_1:
   \   00013A   786E         MOV     R0,#0x6e
   \   00013C   7901         MOV     R1,#0x1
   \   00013E   8004         SJMP    ??osal_ConvertUTCTime_3
   \                     ??osal_ConvertUTCTime_2:
   \   000140   786D         MOV     R0,#0x6d
   \   000142   7901         MOV     R1,#0x1
   \                     ??osal_ConvertUTCTime_3:
   \   000144   C3           CLR     C
   \   000145   E5..         MOV     A,?V0
   \   000147   98           SUBB    A,R0
   \   000148   E5..         MOV     A,?V1
   \   00014A   99           SUBB    A,R1
   \   00014B   5003         JNC     $+5
   \   00014D   02....       LJMP    ??osal_ConvertUTCTime_4 & 0xFFFF
    341              {
    342                numDays -= YearLength( tm->year );
   \   000150   8E82         MOV     DPL,R6
   \   000152   8F83         MOV     DPH,R7
   \   000154   A3           INC     DPTR
   \   000155   A3           INC     DPTR
   \   000156   A3           INC     DPTR
   \   000157   A3           INC     DPTR
   \   000158   A3           INC     DPTR
   \   000159   E0           MOVX    A,@DPTR
   \   00015A   F8           MOV     R0,A
   \   00015B   A3           INC     DPTR
   \   00015C   E0           MOVX    A,@DPTR
   \   00015D   F9           MOV     R1,A
   \   00015E   7A90         MOV     R2,#-0x70
   \   000160   7B01         MOV     R3,#0x1
   \   000162   12....       LCALL   ?US_DIV_MOD
   \   000165   8A..         MOV     ?V2,R2
   \   000167   8B..         MOV     ?V3,R3
   \   000169   E5..         MOV     A,?V2
   \   00016B   45..         ORL     A,?V3
   \   00016D   603E         JZ      ??osal_ConvertUTCTime_5
   \   00016F   8E82         MOV     DPL,R6
   \   000171   8F83         MOV     DPH,R7
   \   000173   A3           INC     DPTR
   \   000174   A3           INC     DPTR
   \   000175   A3           INC     DPTR
   \   000176   A3           INC     DPTR
   \   000177   A3           INC     DPTR
   \   000178   E0           MOVX    A,@DPTR
   \   000179   F8           MOV     R0,A
   \   00017A   A3           INC     DPTR
   \   00017B   E0           MOVX    A,@DPTR
   \   00017C   F9           MOV     R1,A
   \   00017D   7A64         MOV     R2,#0x64
   \   00017F   7B00         MOV     R3,#0x0
   \   000181   12....       LCALL   ?US_DIV_MOD
   \   000184   8A..         MOV     ?V2,R2
   \   000186   8B..         MOV     ?V3,R3
   \   000188   E5..         MOV     A,?V2
   \   00018A   45..         ORL     A,?V3
   \   00018C   6025         JZ      ??osal_ConvertUTCTime_6
   \   00018E   8E82         MOV     DPL,R6
   \   000190   8F83         MOV     DPH,R7
   \   000192   A3           INC     DPTR
   \   000193   A3           INC     DPTR
   \   000194   A3           INC     DPTR
   \   000195   A3           INC     DPTR
   \   000196   A3           INC     DPTR
   \   000197   E0           MOVX    A,@DPTR
   \   000198   F8           MOV     R0,A
   \   000199   A3           INC     DPTR
   \   00019A   E0           MOVX    A,@DPTR
   \   00019B   F9           MOV     R1,A
   \   00019C   7A04         MOV     R2,#0x4
   \   00019E   7B00         MOV     R3,#0x0
   \   0001A0   12....       LCALL   ?US_DIV_MOD
   \   0001A3   8A..         MOV     ?V2,R2
   \   0001A5   8B..         MOV     ?V3,R3
   \   0001A7   E5..         MOV     A,?V2
   \   0001A9   45..         ORL     A,?V3
   \   0001AB   7006         JNZ     ??osal_ConvertUTCTime_6
   \                     ??osal_ConvertUTCTime_5:
   \   0001AD   786E         MOV     R0,#0x6e
   \   0001AF   7901         MOV     R1,#0x1
   \   0001B1   8004         SJMP    ??osal_ConvertUTCTime_7
   \                     ??osal_ConvertUTCTime_6:
   \   0001B3   786D         MOV     R0,#0x6d
   \   0001B5   7901         MOV     R1,#0x1
   \                     ??osal_ConvertUTCTime_7:
   \   0001B7   C3           CLR     C
   \   0001B8   E5..         MOV     A,?V0
   \   0001BA   98           SUBB    A,R0
   \   0001BB   F5..         MOV     ?V0,A
   \   0001BD   E5..         MOV     A,?V1
   \   0001BF   99           SUBB    A,R1
   \   0001C0   F5..         MOV     ?V1,A
    343                tm->year++;
   \   0001C2   8E82         MOV     DPL,R6
   \   0001C4   8F83         MOV     DPH,R7
   \   0001C6   A3           INC     DPTR
   \   0001C7   A3           INC     DPTR
   \   0001C8   A3           INC     DPTR
   \   0001C9   A3           INC     DPTR
   \   0001CA   A3           INC     DPTR
   \   0001CB   E0           MOVX    A,@DPTR
   \   0001CC   2401         ADD     A,#0x1
   \   0001CE   F0           MOVX    @DPTR,A
   \   0001CF   A3           INC     DPTR
   \   0001D0   E0           MOVX    A,@DPTR
   \   0001D1   3400         ADDC    A,#0x0
   \   0001D3   F0           MOVX    @DPTR,A
   \   0001D4   02....       LJMP    ??osal_ConvertUTCTime_0 & 0xFFFF
    344              }
    345          
    346              tm->month = 0;
   \                     ??osal_ConvertUTCTime_4:
   \   0001D7   8E82         MOV     DPL,R6
   \   0001D9   8F83         MOV     DPH,R7
   \   0001DB   A3           INC     DPTR
   \   0001DC   A3           INC     DPTR
   \   0001DD   A3           INC     DPTR
   \   0001DE   A3           INC     DPTR
   \   0001DF   7400         MOV     A,#0x0
   \   0001E1   F0           MOVX    @DPTR,A
    347              while ( numDays >= monthLength( IsLeapYear( tm->year ), tm->month ) )
   \                     ??osal_ConvertUTCTime_8:
   \   0001E2   8E82         MOV     DPL,R6
   \   0001E4   8F83         MOV     DPH,R7
   \   0001E6   A3           INC     DPTR
   \   0001E7   A3           INC     DPTR
   \   0001E8   A3           INC     DPTR
   \   0001E9   A3           INC     DPTR
   \   0001EA   A3           INC     DPTR
   \   0001EB   E0           MOVX    A,@DPTR
   \   0001EC   F8           MOV     R0,A
   \   0001ED   A3           INC     DPTR
   \   0001EE   E0           MOVX    A,@DPTR
   \   0001EF   F9           MOV     R1,A
   \   0001F0   7A90         MOV     R2,#-0x70
   \   0001F2   7B01         MOV     R3,#0x1
   \   0001F4   12....       LCALL   ?US_DIV_MOD
   \   0001F7   8A..         MOV     ?V2,R2
   \   0001F9   8B..         MOV     ?V3,R3
   \   0001FB   E5..         MOV     A,?V2
   \   0001FD   45..         ORL     A,?V3
   \   0001FF   603E         JZ      ??osal_ConvertUTCTime_9
   \   000201   8E82         MOV     DPL,R6
   \   000203   8F83         MOV     DPH,R7
   \   000205   A3           INC     DPTR
   \   000206   A3           INC     DPTR
   \   000207   A3           INC     DPTR
   \   000208   A3           INC     DPTR
   \   000209   A3           INC     DPTR
   \   00020A   E0           MOVX    A,@DPTR
   \   00020B   F8           MOV     R0,A
   \   00020C   A3           INC     DPTR
   \   00020D   E0           MOVX    A,@DPTR
   \   00020E   F9           MOV     R1,A
   \   00020F   7A64         MOV     R2,#0x64
   \   000211   7B00         MOV     R3,#0x0
   \   000213   12....       LCALL   ?US_DIV_MOD
   \   000216   8A..         MOV     ?V2,R2
   \   000218   8B..         MOV     ?V3,R3
   \   00021A   E5..         MOV     A,?V2
   \   00021C   45..         ORL     A,?V3
   \   00021E   6023         JZ      ??osal_ConvertUTCTime_10
   \   000220   8E82         MOV     DPL,R6
   \   000222   8F83         MOV     DPH,R7
   \   000224   A3           INC     DPTR
   \   000225   A3           INC     DPTR
   \   000226   A3           INC     DPTR
   \   000227   A3           INC     DPTR
   \   000228   A3           INC     DPTR
   \   000229   E0           MOVX    A,@DPTR
   \   00022A   F8           MOV     R0,A
   \   00022B   A3           INC     DPTR
   \   00022C   E0           MOVX    A,@DPTR
   \   00022D   F9           MOV     R1,A
   \   00022E   7A04         MOV     R2,#0x4
   \   000230   7B00         MOV     R3,#0x0
   \   000232   12....       LCALL   ?US_DIV_MOD
   \   000235   8A..         MOV     ?V2,R2
   \   000237   8B..         MOV     ?V3,R3
   \   000239   E5..         MOV     A,?V2
   \   00023B   45..         ORL     A,?V3
   \   00023D   7004         JNZ     ??osal_ConvertUTCTime_10
   \                     ??osal_ConvertUTCTime_9:
   \   00023F   7901         MOV     R1,#0x1
   \   000241   8002         SJMP    ??osal_ConvertUTCTime_11
   \                     ??osal_ConvertUTCTime_10:
   \   000243   7900         MOV     R1,#0x0
   \                     ??osal_ConvertUTCTime_11:
   \   000245                ; Setup parameters for call to function monthLength
   \   000245   8E82         MOV     DPL,R6
   \   000247   8F83         MOV     DPH,R7
   \   000249   A3           INC     DPTR
   \   00024A   A3           INC     DPTR
   \   00024B   A3           INC     DPTR
   \   00024C   A3           INC     DPTR
   \   00024D   E0           MOVX    A,@DPTR
   \   00024E   FA           MOV     R2,A
   \   00024F   12....       LCALL   `??monthLength::?relay`; Banked call to: monthLength
   \   000252   E9           MOV     A,R1
   \   000253   F8           MOV     R0,A
   \   000254   7900         MOV     R1,#0x0
   \   000256   C3           CLR     C
   \   000257   E5..         MOV     A,?V0
   \   000259   98           SUBB    A,R0
   \   00025A   E5..         MOV     A,?V1
   \   00025C   99           SUBB    A,R1
   \   00025D   5003         JNC     $+5
   \   00025F   02....       LJMP    ??osal_ConvertUTCTime_12 & 0xFFFF
    348              {
    349                numDays -= monthLength( IsLeapYear( tm->year ), tm->month );
   \   000262   8E82         MOV     DPL,R6
   \   000264   8F83         MOV     DPH,R7
   \   000266   A3           INC     DPTR
   \   000267   A3           INC     DPTR
   \   000268   A3           INC     DPTR
   \   000269   A3           INC     DPTR
   \   00026A   A3           INC     DPTR
   \   00026B   E0           MOVX    A,@DPTR
   \   00026C   F8           MOV     R0,A
   \   00026D   A3           INC     DPTR
   \   00026E   E0           MOVX    A,@DPTR
   \   00026F   F9           MOV     R1,A
   \   000270   7A90         MOV     R2,#-0x70
   \   000272   7B01         MOV     R3,#0x1
   \   000274   12....       LCALL   ?US_DIV_MOD
   \   000277   8A..         MOV     ?V2,R2
   \   000279   8B..         MOV     ?V3,R3
   \   00027B   E5..         MOV     A,?V2
   \   00027D   45..         ORL     A,?V3
   \   00027F   603E         JZ      ??osal_ConvertUTCTime_13
   \   000281   8E82         MOV     DPL,R6
   \   000283   8F83         MOV     DPH,R7
   \   000285   A3           INC     DPTR
   \   000286   A3           INC     DPTR
   \   000287   A3           INC     DPTR
   \   000288   A3           INC     DPTR
   \   000289   A3           INC     DPTR
   \   00028A   E0           MOVX    A,@DPTR
   \   00028B   F8           MOV     R0,A
   \   00028C   A3           INC     DPTR
   \   00028D   E0           MOVX    A,@DPTR
   \   00028E   F9           MOV     R1,A
   \   00028F   7A64         MOV     R2,#0x64
   \   000291   7B00         MOV     R3,#0x0
   \   000293   12....       LCALL   ?US_DIV_MOD
   \   000296   8A..         MOV     ?V2,R2
   \   000298   8B..         MOV     ?V3,R3
   \   00029A   E5..         MOV     A,?V2
   \   00029C   45..         ORL     A,?V3
   \   00029E   6023         JZ      ??osal_ConvertUTCTime_14
   \   0002A0   8E82         MOV     DPL,R6
   \   0002A2   8F83         MOV     DPH,R7
   \   0002A4   A3           INC     DPTR
   \   0002A5   A3           INC     DPTR
   \   0002A6   A3           INC     DPTR
   \   0002A7   A3           INC     DPTR
   \   0002A8   A3           INC     DPTR
   \   0002A9   E0           MOVX    A,@DPTR
   \   0002AA   F8           MOV     R0,A
   \   0002AB   A3           INC     DPTR
   \   0002AC   E0           MOVX    A,@DPTR
   \   0002AD   F9           MOV     R1,A
   \   0002AE   7A04         MOV     R2,#0x4
   \   0002B0   7B00         MOV     R3,#0x0
   \   0002B2   12....       LCALL   ?US_DIV_MOD
   \   0002B5   8A..         MOV     ?V2,R2
   \   0002B7   8B..         MOV     ?V3,R3
   \   0002B9   E5..         MOV     A,?V2
   \   0002BB   45..         ORL     A,?V3
   \   0002BD   7004         JNZ     ??osal_ConvertUTCTime_14
   \                     ??osal_ConvertUTCTime_13:
   \   0002BF   7901         MOV     R1,#0x1
   \   0002C1   8002         SJMP    ??osal_ConvertUTCTime_15
   \                     ??osal_ConvertUTCTime_14:
   \   0002C3   7900         MOV     R1,#0x0
   \                     ??osal_ConvertUTCTime_15:
   \   0002C5                ; Setup parameters for call to function monthLength
   \   0002C5   8E82         MOV     DPL,R6
   \   0002C7   8F83         MOV     DPH,R7
   \   0002C9   A3           INC     DPTR
   \   0002CA   A3           INC     DPTR
   \   0002CB   A3           INC     DPTR
   \   0002CC   A3           INC     DPTR
   \   0002CD   E0           MOVX    A,@DPTR
   \   0002CE   FA           MOV     R2,A
   \   0002CF   12....       LCALL   `??monthLength::?relay`; Banked call to: monthLength
   \   0002D2   E9           MOV     A,R1
   \   0002D3   F8           MOV     R0,A
   \   0002D4   7900         MOV     R1,#0x0
   \   0002D6   C3           CLR     C
   \   0002D7   E5..         MOV     A,?V0
   \   0002D9   98           SUBB    A,R0
   \   0002DA   F5..         MOV     ?V0,A
   \   0002DC   E5..         MOV     A,?V1
   \   0002DE   99           SUBB    A,R1
   \   0002DF   F5..         MOV     ?V1,A
    350                tm->month++;
   \   0002E1   8E82         MOV     DPL,R6
   \   0002E3   8F83         MOV     DPH,R7
   \   0002E5   A3           INC     DPTR
   \   0002E6   A3           INC     DPTR
   \   0002E7   A3           INC     DPTR
   \   0002E8   A3           INC     DPTR
   \   0002E9   E0           MOVX    A,@DPTR
   \   0002EA   2401         ADD     A,#0x1
   \   0002EC   F0           MOVX    @DPTR,A
   \   0002ED   02....       LJMP    ??osal_ConvertUTCTime_8 & 0xFFFF
    351              }
    352          
    353              tm->day = numDays;
   \                     ??osal_ConvertUTCTime_12:
   \   0002F0   E5..         MOV     A,?V0
   \   0002F2   C0E0         PUSH    A
   \   0002F4   8E82         MOV     DPL,R6
   \   0002F6   8F83         MOV     DPH,R7
   \   0002F8   A3           INC     DPTR
   \   0002F9   A3           INC     DPTR
   \   0002FA   A3           INC     DPTR
   \   0002FB   D0E0         POP     A
   \   0002FD   F0           MOVX    @DPTR,A
    354            }
    355          }
   \   0002FE   7F10         MOV     R7,#0x10
   \   000300   02....       LJMP    ?BANKED_LEAVE_XDATA
    356          
    357          /*********************************************************************
    358           * @fn      monthLength
    359           *
    360           * @param   lpyr - 1 for leap year, 0 if not
    361           *
    362           * @param   mon - 0 - 11 (jan - dec)
    363           *
    364           * @return  number of days in specified month
    365           */

   \                                 In  segment BANKED_CODE, align 1, keep-with-next
    366          static uint8 monthLength( uint8 lpyr, uint8 mon )
   \                     monthLength:
    367          {
   \   000000                ; Saved register size: 0
   \   000000                ; Auto size: 0
   \   000000   E9           MOV     A,R1
   \   000001   F8           MOV     R0,A
    368            uint8 days = 31;
   \   000002   791F         MOV     R1,#0x1f
    369          
    370          	if ( mon == 1 ) // feb
   \   000004   7401         MOV     A,#0x1
   \   000006   6A           XRL     A,R2
   \   000007   7006         JNZ     ??monthLength_0
    371            {
    372          		days = ( 28 + lpyr );
   \   000009   741C         MOV     A,#0x1c
   \   00000B   28           ADD     A,R0
   \   00000C   F9           MOV     R1,A
   \   00000D   800E         SJMP    ??monthLength_1
    373            }
    374            else
    375            {
    376              if ( mon > 6 ) // aug-dec
   \                     ??monthLength_0:
   \   00000F   EA           MOV     A,R2
   \   000010   C3           CLR     C
   \   000011   9407         SUBB    A,#0x7
   \   000013   4001         JC      ??monthLength_2
    377              {
    378                mon--;
   \   000015   1A           DEC     R2
    379              }
    380          
    381              if ( mon & 1 )
   \                     ??monthLength_2:
   \   000016   EA           MOV     A,R2
   \   000017   A2E0         MOV     C,0xE0 /* A   */.0
   \   000019   5002         JNC     ??monthLength_1
    382              {
    383                days = 30;
   \   00001B   791E         MOV     R1,#0x1e
    384              }
    385            }
    386          
    387          	return ( days );
   \                     ??monthLength_1:
   \   00001D   02....       LJMP    ?BRET
    388          }
    389          
    390          /*********************************************************************
    391           * @fn      osal_ConvertUTCSecs
    392           *
    393           * @brief   Converts a UTCTimeStruct to UTCTime
    394           *
    395           * @param   tm - pointer to provided struct
    396           *
    397           * @return  number of seconds since 00:00:00 on 01/01/2000 (UTC)
    398           */

   \                                 In  segment BANKED_CODE, align 1, keep-with-next
    399          UTCTime osal_ConvertUTCSecs( UTCTimeStruct *tm )
   \                     osal_ConvertUTCSecs:
    400          {
   \   000000                REQUIRE ?V0
   \   000000                REQUIRE ?V1
   \   000000                REQUIRE ?V2
   \   000000                REQUIRE ?V3
   \   000000                REQUIRE ?V4
   \   000000                REQUIRE ?V5
   \   000000                REQUIRE ?V6
   \   000000                REQUIRE ?V7
   \   000000                REQUIRE ?V8
   \   000000                REQUIRE ?V9
   \   000000                REQUIRE ?V10
   \   000000                REQUIRE ?V11
   \   000000   74EC         MOV     A,#-0x14
   \   000002   12....       LCALL   ?BANKED_ENTER_XDATA
   \   000005                ; Saved register size: 20
   \   000005                ; Auto size: 0
   \   000005   EA           MOV     A,R2
   \   000006   FE           MOV     R6,A
   \   000007   EB           MOV     A,R3
   \   000008   FF           MOV     R7,A
    401            uint32 seconds;
    402          
    403            /* Seconds for the partial day */
    404            seconds = (((tm->hour * 60UL) + tm->minutes) * 60UL) + tm->seconds;
   \   000009   8E82         MOV     DPL,R6
   \   00000B   8F83         MOV     DPH,R7
   \   00000D   A3           INC     DPTR
   \   00000E   A3           INC     DPTR
   \   00000F   E0           MOVX    A,@DPTR
   \   000010   F5..         MOV     ?V0,A
   \   000012   E4           CLR     A
   \   000013   F5..         MOV     ?V1,A
   \   000015   F5..         MOV     ?V2,A
   \   000017   F5..         MOV     ?V3,A
   \   000019   90....       MOV     DPTR,#__Constant_3c
   \   00001C   78..         MOV     R0,#?V8
   \   00001E   12....       LCALL   ?L_MOV_X
   \   000021   78..         MOV     R0,#?V0
   \   000023   79..         MOV     R1,#?V8
   \   000025   12....       LCALL   ?L_MUL
   \   000028   8E82         MOV     DPL,R6
   \   00002A   8F83         MOV     DPH,R7
   \   00002C   A3           INC     DPTR
   \   00002D   E0           MOVX    A,@DPTR
   \   00002E   F5..         MOV     ?V8,A
   \   000030   E4           CLR     A
   \   000031   F5..         MOV     ?V9,A
   \   000033   F5..         MOV     ?V10,A
   \   000035   F5..         MOV     ?V11,A
   \   000037   78..         MOV     R0,#?V0
   \   000039   79..         MOV     R1,#?V8
   \   00003B   12....       LCALL   ?L_ADD
   \   00003E   90....       MOV     DPTR,#__Constant_3c
   \   000041   78..         MOV     R0,#?V8
   \   000043   12....       LCALL   ?L_MOV_X
   \   000046   78..         MOV     R0,#?V0
   \   000048   79..         MOV     R1,#?V8
   \   00004A   12....       LCALL   ?L_MUL
   \   00004D   8E82         MOV     DPL,R6
   \   00004F   8F83         MOV     DPH,R7
   \   000051   E0           MOVX    A,@DPTR
   \   000052   F5..         MOV     ?V8,A
   \   000054   E4           CLR     A
   \   000055   F5..         MOV     ?V9,A
   \   000057   F5..         MOV     ?V10,A
   \   000059   F5..         MOV     ?V11,A
   \   00005B   78..         MOV     R0,#?V0
   \   00005D   79..         MOV     R1,#?V8
   \   00005F   12....       LCALL   ?L_ADD
   \   000062   85....       MOV     ?V4,?V0
   \   000065   85....       MOV     ?V5,?V1
   \   000068   85....       MOV     ?V6,?V2
   \   00006B   85....       MOV     ?V7,?V3
    405          
    406            /* Account for previous complete days */
    407            {
    408              /* Start with complete days in current month */
    409              uint16 days = tm->day;
   \   00006E   8E82         MOV     DPL,R6
   \   000070   8F83         MOV     DPH,R7
   \   000072   A3           INC     DPTR
   \   000073   A3           INC     DPTR
   \   000074   A3           INC     DPTR
   \   000075   E0           MOVX    A,@DPTR
   \   000076   F5..         MOV     ?V0,A
   \   000078   75..00       MOV     ?V1,#0x0
    410          
    411              /* Next, complete months in current year */
    412              {
    413                int8 month = tm->month;
   \   00007B   8E82         MOV     DPL,R6
   \   00007D   8F83         MOV     DPH,R7
   \   00007F   A3           INC     DPTR
   \   000080   A3           INC     DPTR
   \   000081   A3           INC     DPTR
   \   000082   A3           INC     DPTR
   \   000083   E0           MOVX    A,@DPTR
   \   000084   F5..         MOV     ?V2,A
    414                while ( --month >= 0 )
   \                     ??osal_ConvertUTCSecs_0:
   \   000086   74FF         MOV     A,#-0x1
   \   000088   25..         ADD     A,?V2
   \   00008A   F5..         MOV     ?V2,A
   \   00008C   E5..         MOV     A,?V2
   \   00008E   C3           CLR     C
   \   00008F   9400         SUBB    A,#0x0
   \   000091   A2D2         MOV     C,0xD0 /* PSW */.2
   \   000093   65D0         XRL     A,PSW
   \   000095   33           RLC     A
   \   000096   4079         JC      ??osal_ConvertUTCSecs_1
    415                {
    416                  days += monthLength( IsLeapYear( tm->year ), month );
   \   000098   8E82         MOV     DPL,R6
   \   00009A   8F83         MOV     DPH,R7
   \   00009C   A3           INC     DPTR
   \   00009D   A3           INC     DPTR
   \   00009E   A3           INC     DPTR
   \   00009F   A3           INC     DPTR
   \   0000A0   A3           INC     DPTR
   \   0000A1   E0           MOVX    A,@DPTR
   \   0000A2   F8           MOV     R0,A
   \   0000A3   A3           INC     DPTR
   \   0000A4   E0           MOVX    A,@DPTR
   \   0000A5   F9           MOV     R1,A
   \   0000A6   7A90         MOV     R2,#-0x70
   \   0000A8   7B01         MOV     R3,#0x1
   \   0000AA   12....       LCALL   ?US_DIV_MOD
   \   0000AD   8A..         MOV     ?V8,R2
   \   0000AF   8B..         MOV     ?V9,R3
   \   0000B1   E5..         MOV     A,?V8
   \   0000B3   45..         ORL     A,?V9
   \   0000B5   603E         JZ      ??osal_ConvertUTCSecs_2
   \   0000B7   8E82         MOV     DPL,R6
   \   0000B9   8F83         MOV     DPH,R7
   \   0000BB   A3           INC     DPTR
   \   0000BC   A3           INC     DPTR
   \   0000BD   A3           INC     DPTR
   \   0000BE   A3           INC     DPTR
   \   0000BF   A3           INC     DPTR
   \   0000C0   E0           MOVX    A,@DPTR
   \   0000C1   F8           MOV     R0,A
   \   0000C2   A3           INC     DPTR
   \   0000C3   E0           MOVX    A,@DPTR
   \   0000C4   F9           MOV     R1,A
   \   0000C5   7A64         MOV     R2,#0x64
   \   0000C7   7B00         MOV     R3,#0x0
   \   0000C9   12....       LCALL   ?US_DIV_MOD
   \   0000CC   8A..         MOV     ?V8,R2
   \   0000CE   8B..         MOV     ?V9,R3
   \   0000D0   E5..         MOV     A,?V8
   \   0000D2   45..         ORL     A,?V9
   \   0000D4   6023         JZ      ??osal_ConvertUTCSecs_3
   \   0000D6   8E82         MOV     DPL,R6
   \   0000D8   8F83         MOV     DPH,R7
   \   0000DA   A3           INC     DPTR
   \   0000DB   A3           INC     DPTR
   \   0000DC   A3           INC     DPTR
   \   0000DD   A3           INC     DPTR
   \   0000DE   A3           INC     DPTR
   \   0000DF   E0           MOVX    A,@DPTR
   \   0000E0   F8           MOV     R0,A
   \   0000E1   A3           INC     DPTR
   \   0000E2   E0           MOVX    A,@DPTR
   \   0000E3   F9           MOV     R1,A
   \   0000E4   7A04         MOV     R2,#0x4
   \   0000E6   7B00         MOV     R3,#0x0
   \   0000E8   12....       LCALL   ?US_DIV_MOD
   \   0000EB   8A..         MOV     ?V8,R2
   \   0000ED   8B..         MOV     ?V9,R3
   \   0000EF   E5..         MOV     A,?V8
   \   0000F1   45..         ORL     A,?V9
   \   0000F3   7004         JNZ     ??osal_ConvertUTCSecs_3
   \                     ??osal_ConvertUTCSecs_2:
   \   0000F5   7901         MOV     R1,#0x1
   \   0000F7   8002         SJMP    ??osal_ConvertUTCSecs_4
   \                     ??osal_ConvertUTCSecs_3:
   \   0000F9   7900         MOV     R1,#0x0
   \                     ??osal_ConvertUTCSecs_4:
   \   0000FB                ; Setup parameters for call to function monthLength
   \   0000FB   AA..         MOV     R2,?V2
   \   0000FD   12....       LCALL   `??monthLength::?relay`; Banked call to: monthLength
   \   000100   E9           MOV     A,R1
   \   000101   F8           MOV     R0,A
   \   000102   7900         MOV     R1,#0x0
   \   000104   E5..         MOV     A,?V0
   \   000106   28           ADD     A,R0
   \   000107   F5..         MOV     ?V0,A
   \   000109   E5..         MOV     A,?V1
   \   00010B   39           ADDC    A,R1
   \   00010C   F5..         MOV     ?V1,A
   \   00010E   02....       LJMP    ??osal_ConvertUTCSecs_0 & 0xFFFF
    417                }
    418              }
    419          
    420              /* Next, complete years before current year */
    421              {
    422                uint16 year = tm->year;
   \                     ??osal_ConvertUTCSecs_1:
   \   000111   8E82         MOV     DPL,R6
   \   000113   8F83         MOV     DPH,R7
   \   000115   A3           INC     DPTR
   \   000116   A3           INC     DPTR
   \   000117   A3           INC     DPTR
   \   000118   A3           INC     DPTR
   \   000119   A3           INC     DPTR
   \   00011A   E0           MOVX    A,@DPTR
   \   00011B   FC           MOV     R4,A
   \   00011C   A3           INC     DPTR
   \   00011D   E0           MOVX    A,@DPTR
   \   00011E   FD           MOV     R5,A
    423                while ( --year >= BEGYEAR )
   \                     ??osal_ConvertUTCSecs_5:
   \   00011F   EC           MOV     A,R4
   \   000120   24FF         ADD     A,#-0x1
   \   000122   FC           MOV     R4,A
   \   000123   ED           MOV     A,R5
   \   000124   34FF         ADDC    A,#-0x1
   \   000126   FD           MOV     R5,A
   \   000127   C3           CLR     C
   \   000128   EC           MOV     A,R4
   \   000129   94D0         SUBB    A,#-0x30
   \   00012B   ED           MOV     A,R5
   \   00012C   9407         SUBB    A,#0x7
   \   00012E   4055         JC      ??osal_ConvertUTCSecs_6
    424                {
    425                  days += YearLength( year );
   \   000130   EC           MOV     A,R4
   \   000131   F8           MOV     R0,A
   \   000132   ED           MOV     A,R5
   \   000133   F9           MOV     R1,A
   \   000134   7A90         MOV     R2,#-0x70
   \   000136   7B01         MOV     R3,#0x1
   \   000138   12....       LCALL   ?US_DIV_MOD
   \   00013B   8A..         MOV     ?V2,R2
   \   00013D   8B..         MOV     ?V3,R3
   \   00013F   E5..         MOV     A,?V2
   \   000141   45..         ORL     A,?V3
   \   000143   602A         JZ      ??osal_ConvertUTCSecs_7
   \   000145   EC           MOV     A,R4
   \   000146   F8           MOV     R0,A
   \   000147   ED           MOV     A,R5
   \   000148   F9           MOV     R1,A
   \   000149   7A64         MOV     R2,#0x64
   \   00014B   7B00         MOV     R3,#0x0
   \   00014D   12....       LCALL   ?US_DIV_MOD
   \   000150   8A..         MOV     ?V2,R2
   \   000152   8B..         MOV     ?V3,R3
   \   000154   E5..         MOV     A,?V2
   \   000156   45..         ORL     A,?V3
   \   000158   601B         JZ      ??osal_ConvertUTCSecs_8
   \   00015A   EC           MOV     A,R4
   \   00015B   F8           MOV     R0,A
   \   00015C   ED           MOV     A,R5
   \   00015D   F9           MOV     R1,A
   \   00015E   7A04         MOV     R2,#0x4
   \   000160   7B00         MOV     R3,#0x0
   \   000162   12....       LCALL   ?US_DIV_MOD
   \   000165   8A..         MOV     ?V2,R2
   \   000167   8B..         MOV     ?V3,R3
   \   000169   E5..         MOV     A,?V2
   \   00016B   45..         ORL     A,?V3
   \   00016D   7006         JNZ     ??osal_ConvertUTCSecs_8
   \                     ??osal_ConvertUTCSecs_7:
   \   00016F   786E         MOV     R0,#0x6e
   \   000171   7901         MOV     R1,#0x1
   \   000173   8004         SJMP    ??osal_ConvertUTCSecs_9
   \                     ??osal_ConvertUTCSecs_8:
   \   000175   786D         MOV     R0,#0x6d
   \   000177   7901         MOV     R1,#0x1
   \                     ??osal_ConvertUTCSecs_9:
   \   000179   E5..         MOV     A,?V0
   \   00017B   28           ADD     A,R0
   \   00017C   F5..         MOV     ?V0,A
   \   00017E   E5..         MOV     A,?V1
   \   000180   39           ADDC    A,R1
   \   000181   F5..         MOV     ?V1,A
   \   000183   809A         SJMP    ??osal_ConvertUTCSecs_5
    426                }
    427              }
    428          
    429              /* Add total seconds before partial day */
    430              seconds += (days * DAY);
   \                     ??osal_ConvertUTCSecs_6:
   \   000185   E4           CLR     A
   \   000186   F5..         MOV     ?V2,A
   \   000188   F5..         MOV     ?V3,A
   \   00018A   90....       MOV     DPTR,#__Constant_15180
   \   00018D   78..         MOV     R0,#?V8
   \   00018F   12....       LCALL   ?L_MOV_X
   \   000192   78..         MOV     R0,#?V0
   \   000194   79..         MOV     R1,#?V8
   \   000196   12....       LCALL   ?L_MUL
   \   000199   78..         MOV     R0,#?V4
   \   00019B   79..         MOV     R1,#?V0
   \   00019D   12....       LCALL   ?L_ADD
    431            }
    432          
    433            return ( seconds );
   \   0001A0   AA..         MOV     R2,?V4
   \   0001A2   AB..         MOV     R3,?V5
   \   0001A4   AC..         MOV     R4,?V6
   \   0001A6   AD..         MOV     R5,?V7
   \   0001A8   7F0C         MOV     R7,#0xc
   \   0001AA   02....       LJMP    ?BANKED_LEAVE_XDATA
    434          }

   \                                 In  segment XDATA_ROM_C, align 1
   \                     __Constant_4:
   \   000000   04000000     DD 4

   \                                 In  segment XDATA_ROM_C, align 1
   \                     __Constant_31fe7:
   \   000000   E71F0300     DD 204775

   \                                 In  segment XDATA_ROM_C, align 1
   \                     __Constant_fffce019:
   \   000000   19E0FCFF     DD 4294762521

   \                                 In  segment XDATA_ROM_C, align 1
   \                     __Constant_fff8:
   \   000000   F8FF0000     DD 65528

   \                                 In  segment XDATA_ROM_C, align 1
   \                     __Constant_8:
   \   000000   08000000     DD 8

   \                                 In  segment XDATA_ROM_C, align 1
   \                     __Constant_3e8:
   \   000000   E8030000     DD 1000

   \                                 In  segment XDATA_ROM_C, align 1
   \                     __Constant_15180:
   \   000000   80510100     DD 86400

   \                                 In  segment XDATA_ROM_C, align 1
   \                     __Constant_3c:
   \   000000   3C000000     DD 60

   \                                 In  segment XDATA_ROM_C, align 1
   \                     __Constant_e10:
   \   000000   100E0000     DD 3600

   \                                 In  segment BANK_RELAYS, align 1
   \                     `??osalTimeUpdate::?relay`:
   \   000000   12....       LCALL   ?BDISPATCH
   \   000003   ......       DC24    osalTimeUpdate

   \                                 In  segment BANK_RELAYS, align 1
   \                     `??osalClockUpdate::?relay`:
   \   000000   12....       LCALL   ?BDISPATCH
   \   000003   ......       DC24    osalClockUpdate

   \                                 In  segment BANK_RELAYS, align 1
   \                     `??osal_setClock::?relay`:
   \   000000   12....       LCALL   ?BDISPATCH
   \   000003   ......       DC24    osal_setClock

   \                                 In  segment BANK_RELAYS, align 1
   \                     `??osal_getClock::?relay`:
   \   000000   12....       LCALL   ?BDISPATCH
   \   000003   ......       DC24    osal_getClock

   \                                 In  segment BANK_RELAYS, align 1
   \                     `??osal_ConvertUTCTime::?relay`:
   \   000000   12....       LCALL   ?BDISPATCH
   \   000003   ......       DC24    osal_ConvertUTCTime

   \                                 In  segment BANK_RELAYS, align 1
   \                     `??monthLength::?relay`:
   \   000000   12....       LCALL   ?BDISPATCH
   \   000003   ......       DC24    monthLength

   \                                 In  segment BANK_RELAYS, align 1
   \                     `??osal_ConvertUTCSecs::?relay`:
   \   000000   12....       LCALL   ?BDISPATCH
   \   000003   ......       DC24    osal_ConvertUTCSecs

   Maximum stack usage in bytes:

   ISTACK XSTACK Function
   ------ ------ --------
      0     24   monthLength
      0     50   osalClockUpdate
        0     22   -> osalMcuDivide31By16To16
      0     30   osalTimeUpdate
        0     28   -> macMcuPrecisionCount
        0     28   -> osalClockUpdate
        0     30   -> osalMcuDivide31By16To16
        0     28   -> osalTimerUpdate
      0     20   osal_ConvertUTCSecs
        0     20   -> monthLength
      1     28   osal_ConvertUTCTime
        0     24   -> monthLength
      2      0   osal_getClock
      0     12   osal_setClock


   Segment part sizes:

   Bytes  Function/Label
   -----  --------------
       4  OSAL_timeSeconds
       1  _A_IEN0
       4  __Constant_15180
       4  __Constant_31fe7
       4  __Constant_3c
       4  __Constant_3e8
       4  __Constant_4
       4  __Constant_8
       4  __Constant_e10
       4  __Constant_fff8
       4  __Constant_fffce019
      32  monthLength
       6  monthLength::?relay
     171  osalClockUpdate
       6  osalClockUpdate::?relay
     376  osalTimeUpdate
       6  osalTimeUpdate::?relay
     429  osal_ConvertUTCSecs
       6  osal_ConvertUTCSecs::?relay
     771  osal_ConvertUTCTime
       6  osal_ConvertUTCTime::?relay
      17  osal_getClock
       6  osal_getClock::?relay
      40  osal_setClock
       6  osal_setClock::?relay
       4  previousMacTimerTick
       2  remUsTicks
       4  timeMSec

 
 1 836 bytes in segment BANKED_CODE
    42 bytes in segment BANK_RELAYS
     1 byte  in segment SFR_AN
    36 bytes in segment XDATA_ROM_C
    14 bytes in segment XDATA_Z
 
 1 878 bytes of CODE  memory
     0 bytes of CONST memory (+ 36 bytes shared)
     0 bytes of DATA  memory (+  1 byte  shared)
    14 bytes of XDATA memory

Errors: none
Warnings: none
