###############################################################################
#
# IAR C/C++ Compiler V9.30.1.3056 for 8051                21/Apr/2017  15:51:30
# Copyright 2004-2015 IAR Systems AB.
#
#    Core               =  plain
#    Code model         =  banked
#    Data model         =  large
#    Calling convention =  xdata reentrant
#    Constant location  =  data_rom
#    Dptr setup         =  1,16
#                          
#    Source file        =  
#        C:\Texas Instruments\Z-Stack Mesh 1.0.0_chaokw_20160317\Z-Stack Mesh
#        1.0.0_chaokw_20160316\Z-Stack Mesh 1.0.0_LCDOK\Z-Stack Mesh
#        1.0.0\Components\hal\target\CC2530EB\Font.c
#    Command line       =  
#        -f "C:\Texas Instruments\Z-Stack Mesh 1.0.0_chaokw_20160317\Z-Stack
#        Mesh 1.0.0_chaokw_20160316\Z-Stack Mesh 1.0.0_LCDOK\Z-Stack Mesh
#        1.0.0\Projects\zstack\Samples\GenericApp\CC2530DB\..\..\..\Tools\CC2530DB\f8wCoord.cfg"
#        (-DCPU32MHZ -DROOT=__near_func -DMAC_CFG_APP_PENDING_QUEUE=TRUE
#        -DMAC_CFG_TX_DATA_MAX=5 -DMAC_CFG_TX_MAX=8 -DMAC_CFG_RX_MAX=5
#        -DZDO_COORDINATOR -DRTR_NWK) -f "C:\Texas Instruments\Z-Stack Mesh
#        1.0.0_chaokw_20160317\Z-Stack Mesh 1.0.0_chaokw_20160316\Z-Stack Mesh
#        1.0.0_LCDOK\Z-Stack Mesh
#        1.0.0\Projects\zstack\Samples\GenericApp\CC2530DB\..\..\..\Tools\CC2530DB\f8wConfig.cfg"
#        (-DZIGBEEPRO -DSECURE=1 -DZG_SECURE_DYNAMIC=0 -DREFLECTOR
#        -DDEFAULT_CHANLIST=0x04000000 -DZDAPP_CONFIG_PAN_ID=0x0001
#        -DNWK_START_DELAY=100 -DEXTENDED_JOINING_RANDOM_MASK=0x007F
#        -DBEACON_REQUEST_DELAY=100 -DBEACON_REQ_DELAY_MASK=0x00FF
#        -DLINK_STATUS_JITTER_MASK=0x007F -DROUTE_EXPIRY_TIME=30
#        -DAPSC_ACK_WAIT_DURATION_POLLED=3000 -DNWK_INDIRECT_MSG_TIMEOUT=7
#        -DMAX_RREQ_ENTRIES=8 -DAPSC_MAX_FRAME_RETRIES=5
#        -DNWK_MAX_DATA_RETRIES=2 -DMAX_POLL_FAILURE_RETRIES=2 -DMAX_BCAST=9
#        -DAPS_MAX_GROUPS=16 -DMAX_RTG_ENTRIES=40 -DNWK_MAX_BINDING_ENTRIES=4
#        -DMAX_BINDING_CLUSTER_IDS=4 "-DDEFAULT_KEY={0x01, 0x03, 0x05, 0x07,
#        0x09, 0x0B, 0x0D, 0x0F, 0x00, 0x02, 0x04, 0x06, 0x08, 0x0A, 0x0C,
#        0x0D}" -DMAC_MAX_FRAME_SIZE=116 -DZDNWKMGR_MIN_TRANSMISSIONS=20
#        "-DCONST=const __code" -DGENERIC=__generic -DRFD_RCVC_ALWAYS_ON=FALSE
#        -DPOLL_RATE=1000 -DQUEUED_POLL_RATE=100 -DRESPONSE_POLL_RATE=100
#        -DREJOIN_POLL_RATE=440) -DCHANNEL_CNT=0x01 "C:\Texas
#        Instruments\Z-Stack Mesh 1.0.0_chaokw_20160317\Z-Stack Mesh
#        1.0.0_chaokw_20160316\Z-Stack Mesh 1.0.0_LCDOK\Z-Stack Mesh
#        1.0.0\Components\hal\target\CC2530EB\Font.c" -D ZTOOL_P1 -D MT_TASK -D
#        MT_SYS_FUNC -D MT_ZDO_FUNC -D LCD_SUPPORTED=DEBUG -D NV_RESTORE -D
#        NV_INIT -D NODE_AUTH -D xWIFI_FREQUENCY_SELECT -D OPEN_FCS -D
#        MAKE_CRC_SHDW -lC "C:\Texas Instruments\Z-Stack Mesh
#        1.0.0_chaokw_20160317\Z-Stack Mesh 1.0.0_chaokw_20160316\Z-Stack Mesh
#        1.0.0_LCDOK\Z-Stack Mesh
#        1.0.0\Projects\zstack\Samples\GenericApp\CC2530DB\CoordinatorEB-SBL\List"
#        -lA "C:\Texas Instruments\Z-Stack Mesh 1.0.0_chaokw_20160317\Z-Stack
#        Mesh 1.0.0_chaokw_20160316\Z-Stack Mesh 1.0.0_LCDOK\Z-Stack Mesh
#        1.0.0\Projects\zstack\Samples\GenericApp\CC2530DB\CoordinatorEB-SBL\List"
#        --diag_suppress Pe001,Pa010 -o "C:\Texas Instruments\Z-Stack Mesh
#        1.0.0_chaokw_20160317\Z-Stack Mesh 1.0.0_chaokw_20160316\Z-Stack Mesh
#        1.0.0_LCDOK\Z-Stack Mesh
#        1.0.0\Projects\zstack\Samples\GenericApp\CC2530DB\CoordinatorEB-SBL\Obj"
#        -e --no_code_motion --debug --core=plain --dptr=16,1
#        --data_model=large --code_model=banked
#        --calling_convention=xdata_reentrant --place_constants=data_rom
#        --nr_virtual_regs 16 -I "C:\Texas Instruments\Z-Stack Mesh
#        1.0.0_chaokw_20160317\Z-Stack Mesh 1.0.0_chaokw_20160316\Z-Stack Mesh
#        1.0.0_LCDOK\Z-Stack Mesh
#        1.0.0\Projects\zstack\Samples\GenericApp\CC2530DB\" -I "C:\Texas
#        Instruments\Z-Stack Mesh 1.0.0_chaokw_20160317\Z-Stack Mesh
#        1.0.0_chaokw_20160316\Z-Stack Mesh 1.0.0_LCDOK\Z-Stack Mesh
#        1.0.0\Projects\zstack\Samples\GenericApp\CC2530DB\..\Source\" -I
#        "C:\Texas Instruments\Z-Stack Mesh 1.0.0_chaokw_20160317\Z-Stack Mesh
#        1.0.0_chaokw_20160316\Z-Stack Mesh 1.0.0_LCDOK\Z-Stack Mesh
#        1.0.0\Projects\zstack\Samples\GenericApp\CC2530DB\..\..\..\Application\"
#        -I "C:\Texas Instruments\Z-Stack Mesh 1.0.0_chaokw_20160317\Z-Stack
#        Mesh 1.0.0_chaokw_20160316\Z-Stack Mesh 1.0.0_LCDOK\Z-Stack Mesh
#        1.0.0\Projects\zstack\Samples\GenericApp\CC2530DB\..\..\..\ZMain\TI2530DB\"
#        -I "C:\Texas Instruments\Z-Stack Mesh 1.0.0_chaokw_20160317\Z-Stack
#        Mesh 1.0.0_chaokw_20160316\Z-Stack Mesh 1.0.0_LCDOK\Z-Stack Mesh
#        1.0.0\Projects\zstack\Samples\GenericApp\CC2530DB\..\..\..\..\..\Components\hal\include\"
#        -I "C:\Texas Instruments\Z-Stack Mesh 1.0.0_chaokw_20160317\Z-Stack
#        Mesh 1.0.0_chaokw_20160316\Z-Stack Mesh 1.0.0_LCDOK\Z-Stack Mesh
#        1.0.0\Projects\zstack\Samples\GenericApp\CC2530DB\..\..\..\..\..\Components\hal\target\CC2530EB\"
#        -I "C:\Texas Instruments\Z-Stack Mesh 1.0.0_chaokw_20160317\Z-Stack
#        Mesh 1.0.0_chaokw_20160316\Z-Stack Mesh 1.0.0_LCDOK\Z-Stack Mesh
#        1.0.0\Projects\zstack\Samples\GenericApp\CC2530DB\..\..\..\..\..\Components\mac\include\"
#        -I "C:\Texas Instruments\Z-Stack Mesh 1.0.0_chaokw_20160317\Z-Stack
#        Mesh 1.0.0_chaokw_20160316\Z-Stack Mesh 1.0.0_LCDOK\Z-Stack Mesh
#        1.0.0\Projects\zstack\Samples\GenericApp\CC2530DB\..\..\..\..\..\Components\mac\high_level\"
#        -I "C:\Texas Instruments\Z-Stack Mesh 1.0.0_chaokw_20160317\Z-Stack
#        Mesh 1.0.0_chaokw_20160316\Z-Stack Mesh 1.0.0_LCDOK\Z-Stack Mesh
#        1.0.0\Projects\zstack\Samples\GenericApp\CC2530DB\..\..\..\..\..\Components\mac\low_level\srf04\"
#        -I "C:\Texas Instruments\Z-Stack Mesh 1.0.0_chaokw_20160317\Z-Stack
#        Mesh 1.0.0_chaokw_20160316\Z-Stack Mesh 1.0.0_LCDOK\Z-Stack Mesh
#        1.0.0\Projects\zstack\Samples\GenericApp\CC2530DB\..\..\..\..\..\Components\mac\low_level\srf04\single_chip\"
#        -I "C:\Texas Instruments\Z-Stack Mesh 1.0.0_chaokw_20160317\Z-Stack
#        Mesh 1.0.0_chaokw_20160316\Z-Stack Mesh 1.0.0_LCDOK\Z-Stack Mesh
#        1.0.0\Projects\zstack\Samples\GenericApp\CC2530DB\..\..\..\..\..\Components\mt\"
#        -I "C:\Texas Instruments\Z-Stack Mesh 1.0.0_chaokw_20160317\Z-Stack
#        Mesh 1.0.0_chaokw_20160316\Z-Stack Mesh 1.0.0_LCDOK\Z-Stack Mesh
#        1.0.0\Projects\zstack\Samples\GenericApp\CC2530DB\..\..\..\..\..\Components\osal\include\"
#        -I "C:\Texas Instruments\Z-Stack Mesh 1.0.0_chaokw_20160317\Z-Stack
#        Mesh 1.0.0_chaokw_20160316\Z-Stack Mesh 1.0.0_LCDOK\Z-Stack Mesh
#        1.0.0\Projects\zstack\Samples\GenericApp\CC2530DB\..\..\..\..\..\Components\services\saddr\"
#        -I "C:\Texas Instruments\Z-Stack Mesh 1.0.0_chaokw_20160317\Z-Stack
#        Mesh 1.0.0_chaokw_20160316\Z-Stack Mesh 1.0.0_LCDOK\Z-Stack Mesh
#        1.0.0\Projects\zstack\Samples\GenericApp\CC2530DB\..\..\..\..\..\Components\services\sdata\"
#        -I "C:\Texas Instruments\Z-Stack Mesh 1.0.0_chaokw_20160317\Z-Stack
#        Mesh 1.0.0_chaokw_20160316\Z-Stack Mesh 1.0.0_LCDOK\Z-Stack Mesh
#        1.0.0\Projects\zstack\Samples\GenericApp\CC2530DB\..\..\..\..\..\Components\stack\af\"
#        -I "C:\Texas Instruments\Z-Stack Mesh 1.0.0_chaokw_20160317\Z-Stack
#        Mesh 1.0.0_chaokw_20160316\Z-Stack Mesh 1.0.0_LCDOK\Z-Stack Mesh
#        1.0.0\Projects\zstack\Samples\GenericApp\CC2530DB\..\..\..\..\..\Components\stack\nwk\"
#        -I "C:\Texas Instruments\Z-Stack Mesh 1.0.0_chaokw_20160317\Z-Stack
#        Mesh 1.0.0_chaokw_20160316\Z-Stack Mesh 1.0.0_LCDOK\Z-Stack Mesh
#        1.0.0\Projects\zstack\Samples\GenericApp\CC2530DB\..\..\..\..\..\Components\stack\sapi\"
#        -I "C:\Texas Instruments\Z-Stack Mesh 1.0.0_chaokw_20160317\Z-Stack
#        Mesh 1.0.0_chaokw_20160316\Z-Stack Mesh 1.0.0_LCDOK\Z-Stack Mesh
#        1.0.0\Projects\zstack\Samples\GenericApp\CC2530DB\..\..\..\..\..\Components\stack\sec\"
#        -I "C:\Texas Instruments\Z-Stack Mesh 1.0.0_chaokw_20160317\Z-Stack
#        Mesh 1.0.0_chaokw_20160316\Z-Stack Mesh 1.0.0_LCDOK\Z-Stack Mesh
#        1.0.0\Projects\zstack\Samples\GenericApp\CC2530DB\..\..\..\..\..\Components\stack\sys\"
#        -I "C:\Texas Instruments\Z-Stack Mesh 1.0.0_chaokw_20160317\Z-Stack
#        Mesh 1.0.0_chaokw_20160316\Z-Stack Mesh 1.0.0_LCDOK\Z-Stack Mesh
#        1.0.0\Projects\zstack\Samples\GenericApp\CC2530DB\..\..\..\..\..\Components\stack\zdo\"
#        -I "C:\Texas Instruments\Z-Stack Mesh 1.0.0_chaokw_20160317\Z-Stack
#        Mesh 1.0.0_chaokw_20160316\Z-Stack Mesh 1.0.0_LCDOK\Z-Stack Mesh
#        1.0.0\Projects\zstack\Samples\GenericApp\CC2530DB\..\..\..\..\..\Components\zmac\"
#        -I "C:\Texas Instruments\Z-Stack Mesh 1.0.0_chaokw_20160317\Z-Stack
#        Mesh 1.0.0_chaokw_20160316\Z-Stack Mesh 1.0.0_LCDOK\Z-Stack Mesh
#        1.0.0\Projects\zstack\Samples\GenericApp\CC2530DB\..\..\..\..\..\Components\zmac\f8w\"
#        -Ohz --require_prototypes
#    List file          =  
#        C:\Texas Instruments\Z-Stack Mesh 1.0.0_chaokw_20160317\Z-Stack Mesh
#        1.0.0_chaokw_20160316\Z-Stack Mesh 1.0.0_LCDOK\Z-Stack Mesh
#        1.0.0\Projects\zstack\Samples\GenericApp\CC2530DB\CoordinatorEB-SBL\List\Font.lst
#    Object file        =  
#        C:\Texas Instruments\Z-Stack Mesh 1.0.0_chaokw_20160317\Z-Stack Mesh
#        1.0.0_chaokw_20160316\Z-Stack Mesh 1.0.0_LCDOK\Z-Stack Mesh
#        1.0.0\Projects\zstack\Samples\GenericApp\CC2530DB\CoordinatorEB-SBL\Obj\Font.r51
#
###############################################################################

C:\Texas Instruments\Z-Stack Mesh 1.0.0_chaokw_20160317\Z-Stack Mesh 1.0.0_chaokw_20160316\Z-Stack Mesh 1.0.0_LCDOK\Z-Stack Mesh 1.0.0\Components\hal\target\CC2530EB\Font.c
      1          #include "hal_board.h"
      2          #include <string.h>
      3          
      4          /**************************************************************************************
      5          //8*8×Ö·û×ÖÄ£
      6          **************************************************************************************/

   \                                 In  segment CODE_C, align 1
      7          __code const uint8 Font8X8[] =
   \                     Font8X8:
   \   000000   00           DB 0
   \   000001   00           DB 0
   \   000002   00           DB 0
   \   000003   00           DB 0
   \   000004   00           DB 0
   \   000005   00           DB 0
   \   000006   00           DB 0
   \   000007   00           DB 0
   \   000008   00           DB 0
   \   000009   00           DB 0
   \   00000A   00           DB 0
   \   00000B   00           DB 0
   \   00000C   00           DB 0
   \   00000D   00           DB 0
   \   00000E   00           DB 0
   \   00000F   00           DB 0
   \   000010   00           DB 0
   \   000011   00           DB 0
   \   000012   00           DB 0
   \   000013   F8           DB 248
   \   000014   00           DB 0
   \   000015   00           DB 0
   \   000016   00           DB 0
   \   000017   00           DB 0
   \   000018   00           DB 0
   \   000019   00           DB 0
   \   00001A   00           DB 0
   \   00001B   33           DB 51
   \   00001C   30           DB 48
   \   00001D   00           DB 0
   \   00001E   00           DB 0
   \   00001F   00           DB 0
   \   000020   00           DB 0
   \   000021   10           DB 16
   \   000022   0C           DB 12
   \   000023   06           DB 6
   \   000024   10           DB 16
   \   000025   0C           DB 12
   \   000026   06           DB 6
   \   000027   00           DB 0
   \   000028   00           DB 0
   \   000029   00           DB 0
   \   00002A   00           DB 0
   \   00002B   00           DB 0
   \   00002C   00           DB 0
   \   00002D   00           DB 0
   \   00002E   00           DB 0
   \   00002F   00           DB 0
   \   000030   40           DB 64
   \   000031   C0           DB 192
   \   000032   78           DB 120
   \   000033   40           DB 64
   \   000034   C0           DB 192
   \   000035   78           DB 120
   \   000036   40           DB 64
   \   000037   00           DB 0
   \   000038   04           DB 4
   \   000039   3F           DB 63
   \   00003A   04           DB 4
   \   00003B   04           DB 4
   \   00003C   3F           DB 63
   \   00003D   04           DB 4
   \   00003E   04           DB 4
   \   00003F   00           DB 0
   \   000040   00           DB 0
   \   000041   70           DB 112
   \   000042   88           DB 136
   \   000043   FC           DB 252
   \   000044   08           DB 8
   \   000045   30           DB 48
   \   000046   00           DB 0
   \   000047   00           DB 0
   \   000048   00           DB 0
   \   000049   18           DB 24
   \   00004A   20           DB 32
   \   00004B   FF           DB 255
   \   00004C   21           DB 33
   \   00004D   1E           DB 30
   \   00004E   00           DB 0
   \   00004F   00           DB 0
   \   000050   F0           DB 240
   \   000051   08           DB 8
   \   000052   F0           DB 240
   \   000053   00           DB 0
   \   000054   E0           DB 224
   \   000055   18           DB 24
   \   000056   00           DB 0
   \   000057   00           DB 0
   \   000058   00           DB 0
   \   000059   21           DB 33
   \   00005A   1C           DB 28
   \   00005B   03           DB 3
   \   00005C   1E           DB 30
   \   00005D   21           DB 33
   \   00005E   1E           DB 30
   \   00005F   00           DB 0
   \   000060   00           DB 0
   \   000061   F0           DB 240
   \   000062   08           DB 8
   \   000063   88           DB 136
   \   000064   70           DB 112
   \   000065   00           DB 0
   \   000066   00           DB 0
   \   000067   00           DB 0
   \   000068   1E           DB 30
   \   000069   21           DB 33
   \   00006A   23           DB 35
   \   00006B   24           DB 36
   \   00006C   19           DB 25
   \   00006D   27           DB 39
   \   00006E   21           DB 33
   \   00006F   10           DB 16
   \   000070   10           DB 16
   \   000071   16           DB 22
   \   000072   0E           DB 14
   \   000073   00           DB 0
   \   000074   00           DB 0
   \   000075   00           DB 0
   \   000076   00           DB 0
   \   000077   00           DB 0
   \   000078   00           DB 0
   \   000079   00           DB 0
   \   00007A   00           DB 0
   \   00007B   00           DB 0
   \   00007C   00           DB 0
   \   00007D   00           DB 0
   \   00007E   00           DB 0
   \   00007F   00           DB 0
   \   000080   00           DB 0
   \   000081   00           DB 0
   \   000082   00           DB 0
   \   000083   E0           DB 224
   \   000084   18           DB 24
   \   000085   04           DB 4
   \   000086   02           DB 2
   \   000087   00           DB 0
   \   000088   00           DB 0
   \   000089   00           DB 0
   \   00008A   00           DB 0
   \   00008B   07           DB 7
   \   00008C   18           DB 24
   \   00008D   20           DB 32
   \   00008E   40           DB 64
   \   00008F   00           DB 0
   \   000090   00           DB 0
   \   000091   02           DB 2
   \   000092   04           DB 4
   \   000093   18           DB 24
   \   000094   E0           DB 224
   \   000095   00           DB 0
   \   000096   00           DB 0
   \   000097   00           DB 0
   \   000098   00           DB 0
   \   000099   40           DB 64
   \   00009A   20           DB 32
   \   00009B   18           DB 24
   \   00009C   07           DB 7
   \   00009D   00           DB 0
   \   00009E   00           DB 0
   \   00009F   00           DB 0
   \   0000A0   40           DB 64
   \   0000A1   40           DB 64
   \   0000A2   80           DB 128
   \   0000A3   F0           DB 240
   \   0000A4   80           DB 128
   \   0000A5   40           DB 64
   \   0000A6   40           DB 64
   \   0000A7   00           DB 0
   \   0000A8   02           DB 2
   \   0000A9   02           DB 2
   \   0000AA   01           DB 1
   \   0000AB   0F           DB 15
   \   0000AC   01           DB 1
   \   0000AD   02           DB 2
   \   0000AE   02           DB 2
   \   0000AF   00           DB 0
   \   0000B0   00           DB 0
   \   0000B1   00           DB 0
   \   0000B2   00           DB 0
   \   0000B3   F0           DB 240
   \   0000B4   00           DB 0
   \   0000B5   00           DB 0
   \   0000B6   00           DB 0
   \   0000B7   00           DB 0
   \   0000B8   01           DB 1
   \   0000B9   01           DB 1
   \   0000BA   01           DB 1
   \   0000BB   1F           DB 31
   \   0000BC   01           DB 1
   \   0000BD   01           DB 1
   \   0000BE   01           DB 1
   \   0000BF   00           DB 0
   \   0000C0   00           DB 0
   \   0000C1   00           DB 0
   \   0000C2   00           DB 0
   \   0000C3   00           DB 0
   \   0000C4   00           DB 0
   \   0000C5   00           DB 0
   \   0000C6   00           DB 0
   \   0000C7   00           DB 0
   \   0000C8   80           DB 128
   \   0000C9   B0           DB 176
   \   0000CA   70           DB 112
   \   0000CB   00           DB 0
   \   0000CC   00           DB 0
   \   0000CD   00           DB 0
   \   0000CE   00           DB 0
   \   0000CF   00           DB 0
   \   0000D0   00           DB 0
   \   0000D1   00           DB 0
   \   0000D2   00           DB 0
   \   0000D3   00           DB 0
   \   0000D4   00           DB 0
   \   0000D5   00           DB 0
   \   0000D6   00           DB 0
   \   0000D7   00           DB 0
   \   0000D8   00           DB 0
   \   0000D9   01           DB 1
   \   0000DA   01           DB 1
   \   0000DB   01           DB 1
   \   0000DC   01           DB 1
   \   0000DD   01           DB 1
   \   0000DE   01           DB 1
   \   0000DF   01           DB 1
   \   0000E0   00           DB 0
   \   0000E1   00           DB 0
   \   0000E2   00           DB 0
   \   0000E3   00           DB 0
   \   0000E4   00           DB 0
   \   0000E5   00           DB 0
   \   0000E6   00           DB 0
   \   0000E7   00           DB 0
   \   0000E8   00           DB 0
   \   0000E9   30           DB 48
   \   0000EA   30           DB 48
   \   0000EB   00           DB 0
   \   0000EC   00           DB 0
   \   0000ED   00           DB 0
   \   0000EE   00           DB 0
   \   0000EF   00           DB 0
   \   0000F0   00           DB 0
   \   0000F1   00           DB 0
   \   0000F2   00           DB 0
   \   0000F3   00           DB 0
   \   0000F4   80           DB 128
   \   0000F5   60           DB 96
   \   0000F6   18           DB 24
   \   0000F7   04           DB 4
   \   0000F8   00           DB 0
   \   0000F9   60           DB 96
   \   0000FA   18           DB 24
   \   0000FB   06           DB 6
   \   0000FC   01           DB 1
   \   0000FD   00           DB 0
   \   0000FE   00           DB 0
   \   0000FF   00           DB 0
   \   000100   00           DB 0
   \   000101   E0           DB 224
   \   000102   10           DB 16
   \   000103   08           DB 8
   \   000104   08           DB 8
   \   000105   10           DB 16
   \   000106   E0           DB 224
   \   000107   00           DB 0
   \   000108   00           DB 0
   \   000109   0F           DB 15
   \   00010A   10           DB 16
   \   00010B   20           DB 32
   \   00010C   20           DB 32
   \   00010D   10           DB 16
   \   00010E   0F           DB 15
   \   00010F   00           DB 0
   \   000110   00           DB 0
   \   000111   10           DB 16
   \   000112   10           DB 16
   \   000113   F8           DB 248
   \   000114   00           DB 0
   \   000115   00           DB 0
   \   000116   00           DB 0
   \   000117   00           DB 0
   \   000118   00           DB 0
   \   000119   20           DB 32
   \   00011A   20           DB 32
   \   00011B   3F           DB 63
   \   00011C   20           DB 32
   \   00011D   20           DB 32
   \   00011E   00           DB 0
   \   00011F   00           DB 0
   \   000120   00           DB 0
   \   000121   70           DB 112
   \   000122   08           DB 8
   \   000123   08           DB 8
   \   000124   08           DB 8
   \   000125   88           DB 136
   \   000126   70           DB 112
   \   000127   00           DB 0
   \   000128   00           DB 0
   \   000129   30           DB 48
   \   00012A   28           DB 40
   \   00012B   24           DB 36
   \   00012C   22           DB 34
   \   00012D   21           DB 33
   \   00012E   30           DB 48
   \   00012F   00           DB 0
   \   000130   00           DB 0
   \   000131   30           DB 48
   \   000132   08           DB 8
   \   000133   88           DB 136
   \   000134   88           DB 136
   \   000135   48           DB 72
   \   000136   30           DB 48
   \   000137   00           DB 0
   \   000138   00           DB 0
   \   000139   18           DB 24
   \   00013A   20           DB 32
   \   00013B   20           DB 32
   \   00013C   20           DB 32
   \   00013D   11           DB 17
   \   00013E   0E           DB 14
   \   00013F   00           DB 0
   \   000140   00           DB 0
   \   000141   00           DB 0
   \   000142   C0           DB 192
   \   000143   20           DB 32
   \   000144   10           DB 16
   \   000145   F8           DB 248
   \   000146   00           DB 0
   \   000147   00           DB 0
   \   000148   00           DB 0
   \   000149   07           DB 7
   \   00014A   04           DB 4
   \   00014B   24           DB 36
   \   00014C   24           DB 36
   \   00014D   3F           DB 63
   \   00014E   24           DB 36
   \   00014F   00           DB 0
   \   000150   00           DB 0
   \   000151   F8           DB 248
   \   000152   08           DB 8
   \   000153   88           DB 136
   \   000154   88           DB 136
   \   000155   08           DB 8
   \   000156   08           DB 8
   \   000157   00           DB 0
   \   000158   00           DB 0
   \   000159   19           DB 25
   \   00015A   21           DB 33
   \   00015B   20           DB 32
   \   00015C   20           DB 32
   \   00015D   11           DB 17
   \   00015E   0E           DB 14
   \   00015F   00           DB 0
   \   000160   00           DB 0
   \   000161   E0           DB 224
   \   000162   10           DB 16
   \   000163   88           DB 136
   \   000164   88           DB 136
   \   000165   18           DB 24
   \   000166   00           DB 0
   \   000167   00           DB 0
   \   000168   00           DB 0
   \   000169   0F           DB 15
   \   00016A   11           DB 17
   \   00016B   20           DB 32
   \   00016C   20           DB 32
   \   00016D   11           DB 17
   \   00016E   0E           DB 14
   \   00016F   00           DB 0
   \   000170   00           DB 0
   \   000171   38           DB 56
   \   000172   08           DB 8
   \   000173   08           DB 8
   \   000174   C8           DB 200
   \   000175   38           DB 56
   \   000176   08           DB 8
   \   000177   00           DB 0
   \   000178   00           DB 0
   \   000179   00           DB 0
   \   00017A   00           DB 0
   \   00017B   3F           DB 63
   \   00017C   00           DB 0
   \   00017D   00           DB 0
   \   00017E   00           DB 0
   \   00017F   00           DB 0
   \   000180   00           DB 0
   \   000181   70           DB 112
   \   000182   88           DB 136
   \   000183   08           DB 8
   \   000184   08           DB 8
   \   000185   88           DB 136
   \   000186   70           DB 112
   \   000187   00           DB 0
   \   000188   00           DB 0
   \   000189   1C           DB 28
   \   00018A   22           DB 34
   \   00018B   21           DB 33
   \   00018C   21           DB 33
   \   00018D   22           DB 34
   \   00018E   1C           DB 28
   \   00018F   00           DB 0
   \   000190   00           DB 0
   \   000191   E0           DB 224
   \   000192   10           DB 16
   \   000193   08           DB 8
   \   000194   08           DB 8
   \   000195   10           DB 16
   \   000196   E0           DB 224
   \   000197   00           DB 0
   \   000198   00           DB 0
   \   000199   00           DB 0
   \   00019A   31           DB 49
   \   00019B   22           DB 34
   \   00019C   22           DB 34
   \   00019D   11           DB 17
   \   00019E   0F           DB 15
   \   00019F   00           DB 0
   \   0001A0   00           DB 0
   \   0001A1   00           DB 0
   \   0001A2   00           DB 0
   \   0001A3   C0           DB 192
   \   0001A4   C0           DB 192
   \   0001A5   00           DB 0
   \   0001A6   00           DB 0
   \   0001A7   00           DB 0
   \   0001A8   00           DB 0
   \   0001A9   00           DB 0
   \   0001AA   00           DB 0
   \   0001AB   30           DB 48
   \   0001AC   30           DB 48
   \   0001AD   00           DB 0
   \   0001AE   00           DB 0
   \   0001AF   00           DB 0
   \   0001B0   00           DB 0
   \   0001B1   00           DB 0
   \   0001B2   00           DB 0
   \   0001B3   80           DB 128
   \   0001B4   00           DB 0
   \   0001B5   00           DB 0
   \   0001B6   00           DB 0
   \   0001B7   00           DB 0
   \   0001B8   00           DB 0
   \   0001B9   00           DB 0
   \   0001BA   80           DB 128
   \   0001BB   60           DB 96
   \   0001BC   00           DB 0
   \   0001BD   00           DB 0
   \   0001BE   00           DB 0
   \   0001BF   00           DB 0
   \   0001C0   00           DB 0
   \   0001C1   00           DB 0
   \   0001C2   80           DB 128
   \   0001C3   40           DB 64
   \   0001C4   20           DB 32
   \   0001C5   10           DB 16
   \   0001C6   08           DB 8
   \   0001C7   00           DB 0
   \   0001C8   00           DB 0
   \   0001C9   01           DB 1
   \   0001CA   02           DB 2
   \   0001CB   04           DB 4
   \   0001CC   08           DB 8
   \   0001CD   10           DB 16
   \   0001CE   20           DB 32
   \   0001CF   00           DB 0
   \   0001D0   40           DB 64
   \   0001D1   40           DB 64
   \   0001D2   40           DB 64
   \   0001D3   40           DB 64
   \   0001D4   40           DB 64
   \   0001D5   40           DB 64
   \   0001D6   40           DB 64
   \   0001D7   00           DB 0
   \   0001D8   04           DB 4
   \   0001D9   04           DB 4
   \   0001DA   04           DB 4
   \   0001DB   04           DB 4
   \   0001DC   04           DB 4
   \   0001DD   04           DB 4
   \   0001DE   04           DB 4
   \   0001DF   00           DB 0
   \   0001E0   00           DB 0
   \   0001E1   08           DB 8
   \   0001E2   10           DB 16
   \   0001E3   20           DB 32
   \   0001E4   40           DB 64
   \   0001E5   80           DB 128
   \   0001E6   00           DB 0
   \   0001E7   00           DB 0
   \   0001E8   00           DB 0
   \   0001E9   20           DB 32
   \   0001EA   10           DB 16
   \   0001EB   08           DB 8
   \   0001EC   04           DB 4
   \   0001ED   02           DB 2
   \   0001EE   01           DB 1
   \   0001EF   00           DB 0
   \   0001F0   00           DB 0
   \   0001F1   70           DB 112
   \   0001F2   48           DB 72
   \   0001F3   08           DB 8
   \   0001F4   08           DB 8
   \   0001F5   08           DB 8
   \   0001F6   F0           DB 240
   \   0001F7   00           DB 0
   \   0001F8   00           DB 0
   \   0001F9   00           DB 0
   \   0001FA   00           DB 0
   \   0001FB   30           DB 48
   \   0001FC   36           DB 54
   \   0001FD   01           DB 1
   \   0001FE   00           DB 0
   \   0001FF   00           DB 0
   \   000200   C0           DB 192
   \   000201   30           DB 48
   \   000202   C8           DB 200
   \   000203   28           DB 40
   \   000204   E8           DB 232
   \   000205   10           DB 16
   \   000206   E0           DB 224
   \   000207   00           DB 0
   \   000208   07           DB 7
   \   000209   18           DB 24
   \   00020A   27           DB 39
   \   00020B   24           DB 36
   \   00020C   23           DB 35
   \   00020D   14           DB 20
   \   00020E   0B           DB 11
   \   00020F   00           DB 0
   \   000210   00           DB 0
   \   000211   00           DB 0
   \   000212   C0           DB 192
   \   000213   38           DB 56
   \   000214   E0           DB 224
   \   000215   00           DB 0
   \   000216   00           DB 0
   \   000217   00           DB 0
   \   000218   20           DB 32
   \   000219   3C           DB 60
   \   00021A   23           DB 35
   \   00021B   02           DB 2
   \   00021C   02           DB 2
   \   00021D   27           DB 39
   \   00021E   38           DB 56
   \   00021F   20           DB 32
   \   000220   08           DB 8
   \   000221   F8           DB 248
   \   000222   88           DB 136
   \   000223   88           DB 136
   \   000224   88           DB 136
   \   000225   70           DB 112
   \   000226   00           DB 0
   \   000227   00           DB 0
   \   000228   20           DB 32
   \   000229   3F           DB 63
   \   00022A   20           DB 32
   \   00022B   20           DB 32
   \   00022C   20           DB 32
   \   00022D   11           DB 17
   \   00022E   0E           DB 14
   \   00022F   00           DB 0
   \   000230   C0           DB 192
   \   000231   30           DB 48
   \   000232   08           DB 8
   \   000233   08           DB 8
   \   000234   08           DB 8
   \   000235   08           DB 8
   \   000236   38           DB 56
   \   000237   00           DB 0
   \   000238   07           DB 7
   \   000239   18           DB 24
   \   00023A   20           DB 32
   \   00023B   20           DB 32
   \   00023C   20           DB 32
   \   00023D   10           DB 16
   \   00023E   08           DB 8
   \   00023F   00           DB 0
   \   000240   08           DB 8
   \   000241   F8           DB 248
   \   000242   08           DB 8
   \   000243   08           DB 8
   \   000244   08           DB 8
   \   000245   10           DB 16
   \   000246   E0           DB 224
   \   000247   00           DB 0
   \   000248   20           DB 32
   \   000249   3F           DB 63
   \   00024A   20           DB 32
   \   00024B   20           DB 32
   \   00024C   20           DB 32
   \   00024D   10           DB 16
   \   00024E   0F           DB 15
   \   00024F   00           DB 0
   \   000250   08           DB 8
   \   000251   F8           DB 248
   \   000252   88           DB 136
   \   000253   88           DB 136
   \   000254   E8           DB 232
   \   000255   08           DB 8
   \   000256   10           DB 16
   \   000257   00           DB 0
   \   000258   20           DB 32
   \   000259   3F           DB 63
   \   00025A   20           DB 32
   \   00025B   20           DB 32
   \   00025C   23           DB 35
   \   00025D   20           DB 32
   \   00025E   18           DB 24
   \   00025F   00           DB 0
   \   000260   08           DB 8
   \   000261   F8           DB 248
   \   000262   88           DB 136
   \   000263   88           DB 136
   \   000264   E8           DB 232
   \   000265   08           DB 8
   \   000266   10           DB 16
   \   000267   00           DB 0
   \   000268   20           DB 32
   \   000269   3F           DB 63
   \   00026A   20           DB 32
   \   00026B   00           DB 0
   \   00026C   03           DB 3
   \   00026D   00           DB 0
   \   00026E   00           DB 0
   \   00026F   00           DB 0
   \   000270   C0           DB 192
   \   000271   30           DB 48
   \   000272   08           DB 8
   \   000273   08           DB 8
   \   000274   08           DB 8
   \   000275   38           DB 56
   \   000276   00           DB 0
   \   000277   00           DB 0
   \   000278   07           DB 7
   \   000279   18           DB 24
   \   00027A   20           DB 32
   \   00027B   20           DB 32
   \   00027C   22           DB 34
   \   00027D   1E           DB 30
   \   00027E   02           DB 2
   \   00027F   00           DB 0
   \   000280   08           DB 8
   \   000281   F8           DB 248
   \   000282   08           DB 8
   \   000283   00           DB 0
   \   000284   00           DB 0
   \   000285   08           DB 8
   \   000286   F8           DB 248
   \   000287   08           DB 8
   \   000288   20           DB 32
   \   000289   3F           DB 63
   \   00028A   21           DB 33
   \   00028B   01           DB 1
   \   00028C   01           DB 1
   \   00028D   21           DB 33
   \   00028E   3F           DB 63
   \   00028F   20           DB 32
   \   000290   00           DB 0
   \   000291   08           DB 8
   \   000292   08           DB 8
   \   000293   F8           DB 248
   \   000294   08           DB 8
   \   000295   08           DB 8
   \   000296   00           DB 0
   \   000297   00           DB 0
   \   000298   00           DB 0
   \   000299   20           DB 32
   \   00029A   20           DB 32
   \   00029B   3F           DB 63
   \   00029C   20           DB 32
   \   00029D   20           DB 32
   \   00029E   00           DB 0
   \   00029F   00           DB 0
   \   0002A0   00           DB 0
   \   0002A1   00           DB 0
   \   0002A2   08           DB 8
   \   0002A3   08           DB 8
   \   0002A4   F8           DB 248
   \   0002A5   08           DB 8
   \   0002A6   08           DB 8
   \   0002A7   00           DB 0
   \   0002A8   C0           DB 192
   \   0002A9   80           DB 128
   \   0002AA   80           DB 128
   \   0002AB   80           DB 128
   \   0002AC   7F           DB 127
   \   0002AD   00           DB 0
   \   0002AE   00           DB 0
   \   0002AF   00           DB 0
   \   0002B0   08           DB 8
   \   0002B1   F8           DB 248
   \   0002B2   88           DB 136
   \   0002B3   C0           DB 192
   \   0002B4   28           DB 40
   \   0002B5   18           DB 24
   \   0002B6   08           DB 8
   \   0002B7   00           DB 0
   \   0002B8   20           DB 32
   \   0002B9   3F           DB 63
   \   0002BA   20           DB 32
   \   0002BB   01           DB 1
   \   0002BC   26           DB 38
   \   0002BD   38           DB 56
   \   0002BE   20           DB 32
   \   0002BF   00           DB 0
   \   0002C0   08           DB 8
   \   0002C1   F8           DB 248
   \   0002C2   08           DB 8
   \   0002C3   00           DB 0
   \   0002C4   00           DB 0
   \   0002C5   00           DB 0
   \   0002C6   00           DB 0
   \   0002C7   00           DB 0
   \   0002C8   20           DB 32
   \   0002C9   3F           DB 63
   \   0002CA   20           DB 32
   \   0002CB   20           DB 32
   \   0002CC   20           DB 32
   \   0002CD   20           DB 32
   \   0002CE   30           DB 48
   \   0002CF   00           DB 0
   \   0002D0   08           DB 8
   \   0002D1   F8           DB 248
   \   0002D2   F8           DB 248
   \   0002D3   00           DB 0
   \   0002D4   F8           DB 248
   \   0002D5   F8           DB 248
   \   0002D6   08           DB 8
   \   0002D7   00           DB 0
   \   0002D8   20           DB 32
   \   0002D9   3F           DB 63
   \   0002DA   00           DB 0
   \   0002DB   3F           DB 63
   \   0002DC   00           DB 0
   \   0002DD   3F           DB 63
   \   0002DE   20           DB 32
   \   0002DF   00           DB 0
   \   0002E0   08           DB 8
   \   0002E1   F8           DB 248
   \   0002E2   30           DB 48
   \   0002E3   C0           DB 192
   \   0002E4   00           DB 0
   \   0002E5   08           DB 8
   \   0002E6   F8           DB 248
   \   0002E7   08           DB 8
   \   0002E8   20           DB 32
   \   0002E9   3F           DB 63
   \   0002EA   20           DB 32
   \   0002EB   00           DB 0
   \   0002EC   07           DB 7
   \   0002ED   18           DB 24
   \   0002EE   3F           DB 63
   \   0002EF   00           DB 0
   \   0002F0   E0           DB 224
   \   0002F1   10           DB 16
   \   0002F2   08           DB 8
   \   0002F3   08           DB 8
   \   0002F4   08           DB 8
   \   0002F5   10           DB 16
   \   0002F6   E0           DB 224
   \   0002F7   00           DB 0
   \   0002F8   0F           DB 15
   \   0002F9   10           DB 16
   \   0002FA   20           DB 32
   \   0002FB   20           DB 32
   \   0002FC   20           DB 32
   \   0002FD   10           DB 16
   \   0002FE   0F           DB 15
   \   0002FF   00           DB 0
   \   000300   08           DB 8
   \   000301   F8           DB 248
   \   000302   08           DB 8
   \   000303   08           DB 8
   \   000304   08           DB 8
   \   000305   08           DB 8
   \   000306   F0           DB 240
   \   000307   00           DB 0
   \   000308   20           DB 32
   \   000309   3F           DB 63
   \   00030A   21           DB 33
   \   00030B   01           DB 1
   \   00030C   01           DB 1
   \   00030D   01           DB 1
   \   00030E   00           DB 0
   \   00030F   00           DB 0
   \   000310   E0           DB 224
   \   000311   10           DB 16
   \   000312   08           DB 8
   \   000313   08           DB 8
   \   000314   08           DB 8
   \   000315   10           DB 16
   \   000316   E0           DB 224
   \   000317   00           DB 0
   \   000318   0F           DB 15
   \   000319   18           DB 24
   \   00031A   24           DB 36
   \   00031B   24           DB 36
   \   00031C   38           DB 56
   \   00031D   50           DB 80
   \   00031E   4F           DB 79
   \   00031F   00           DB 0
   \   000320   08           DB 8
   \   000321   F8           DB 248
   \   000322   88           DB 136
   \   000323   88           DB 136
   \   000324   88           DB 136
   \   000325   88           DB 136
   \   000326   70           DB 112
   \   000327   00           DB 0
   \   000328   20           DB 32
   \   000329   3F           DB 63
   \   00032A   20           DB 32
   \   00032B   00           DB 0
   \   00032C   03           DB 3
   \   00032D   0C           DB 12
   \   00032E   30           DB 48
   \   00032F   20           DB 32
   \   000330   00           DB 0
   \   000331   70           DB 112
   \   000332   88           DB 136
   \   000333   08           DB 8
   \   000334   08           DB 8
   \   000335   08           DB 8
   \   000336   38           DB 56
   \   000337   00           DB 0
   \   000338   00           DB 0
   \   000339   38           DB 56
   \   00033A   20           DB 32
   \   00033B   21           DB 33
   \   00033C   21           DB 33
   \   00033D   22           DB 34
   \   00033E   1C           DB 28
   \   00033F   00           DB 0
   \   000340   18           DB 24
   \   000341   08           DB 8
   \   000342   08           DB 8
   \   000343   F8           DB 248
   \   000344   08           DB 8
   \   000345   08           DB 8
   \   000346   18           DB 24
   \   000347   00           DB 0
   \   000348   00           DB 0
   \   000349   00           DB 0
   \   00034A   20           DB 32
   \   00034B   3F           DB 63
   \   00034C   20           DB 32
   \   00034D   00           DB 0
   \   00034E   00           DB 0
   \   00034F   00           DB 0
   \   000350   08           DB 8
   \   000351   F8           DB 248
   \   000352   08           DB 8
   \   000353   00           DB 0
   \   000354   00           DB 0
   \   000355   08           DB 8
   \   000356   F8           DB 248
   \   000357   08           DB 8
   \   000358   00           DB 0
   \   000359   1F           DB 31
   \   00035A   20           DB 32
   \   00035B   20           DB 32
   \   00035C   20           DB 32
   \   00035D   20           DB 32
   \   00035E   1F           DB 31
   \   00035F   00           DB 0
   \   000360   08           DB 8
   \   000361   78           DB 120
   \   000362   88           DB 136
   \   000363   00           DB 0
   \   000364   00           DB 0
   \   000365   C8           DB 200
   \   000366   38           DB 56
   \   000367   08           DB 8
   \   000368   00           DB 0
   \   000369   00           DB 0
   \   00036A   07           DB 7
   \   00036B   38           DB 56
   \   00036C   0E           DB 14
   \   00036D   01           DB 1
   \   00036E   00           DB 0
   \   00036F   00           DB 0
   \   000370   F8           DB 248
   \   000371   08           DB 8
   \   000372   00           DB 0
   \   000373   F8           DB 248
   \   000374   00           DB 0
   \   000375   08           DB 8
   \   000376   F8           DB 248
   \   000377   00           DB 0
   \   000378   03           DB 3
   \   000379   3C           DB 60
   \   00037A   07           DB 7
   \   00037B   00           DB 0
   \   00037C   07           DB 7
   \   00037D   3C           DB 60
   \   00037E   03           DB 3
   \   00037F   00           DB 0
   \   000380   08           DB 8
   \   000381   18           DB 24
   \   000382   68           DB 104
   \   000383   80           DB 128
   \   000384   80           DB 128
   \   000385   68           DB 104
   \   000386   18           DB 24
   \   000387   08           DB 8
   \   000388   20           DB 32
   \   000389   30           DB 48
   \   00038A   2C           DB 44
   \   00038B   03           DB 3
   \   00038C   03           DB 3
   \   00038D   2C           DB 44
   \   00038E   30           DB 48
   \   00038F   20           DB 32
   \   000390   08           DB 8
   \   000391   38           DB 56
   \   000392   C8           DB 200
   \   000393   00           DB 0
   \   000394   C8           DB 200
   \   000395   38           DB 56
   \   000396   08           DB 8
   \   000397   00           DB 0
   \   000398   00           DB 0
   \   000399   00           DB 0
   \   00039A   20           DB 32
   \   00039B   3F           DB 63
   \   00039C   20           DB 32
   \   00039D   00           DB 0
   \   00039E   00           DB 0
   \   00039F   00           DB 0
   \   0003A0   10           DB 16
   \   0003A1   08           DB 8
   \   0003A2   08           DB 8
   \   0003A3   08           DB 8
   \   0003A4   C8           DB 200
   \   0003A5   38           DB 56
   \   0003A6   08           DB 8
   \   0003A7   00           DB 0
   \   0003A8   20           DB 32
   \   0003A9   38           DB 56
   \   0003AA   26           DB 38
   \   0003AB   21           DB 33
   \   0003AC   20           DB 32
   \   0003AD   20           DB 32
   \   0003AE   18           DB 24
   \   0003AF   00           DB 0
   \   0003B0   00           DB 0
   \   0003B1   00           DB 0
   \   0003B2   00           DB 0
   \   0003B3   FE           DB 254
   \   0003B4   02           DB 2
   \   0003B5   02           DB 2
   \   0003B6   02           DB 2
   \   0003B7   00           DB 0
   \   0003B8   00           DB 0
   \   0003B9   00           DB 0
   \   0003BA   00           DB 0
   \   0003BB   7F           DB 127
   \   0003BC   40           DB 64
   \   0003BD   40           DB 64
   \   0003BE   40           DB 64
   \   0003BF   00           DB 0
   \   0003C0   00           DB 0
   \   0003C1   0C           DB 12
   \   0003C2   30           DB 48
   \   0003C3   C0           DB 192
   \   0003C4   00           DB 0
   \   0003C5   00           DB 0
   \   0003C6   00           DB 0
   \   0003C7   00           DB 0
   \   0003C8   00           DB 0
   \   0003C9   00           DB 0
   \   0003CA   00           DB 0
   \   0003CB   01           DB 1
   \   0003CC   06           DB 6
   \   0003CD   38           DB 56
   \   0003CE   C0           DB 192
   \   0003CF   00           DB 0
   \   0003D0   00           DB 0
   \   0003D1   02           DB 2
   \   0003D2   02           DB 2
   \   0003D3   02           DB 2
   \   0003D4   FE           DB 254
   \   0003D5   00           DB 0
   \   0003D6   00           DB 0
   \   0003D7   00           DB 0
   \   0003D8   00           DB 0
   \   0003D9   40           DB 64
   \   0003DA   40           DB 64
   \   0003DB   40           DB 64
   \   0003DC   7F           DB 127
   \   0003DD   00           DB 0
   \   0003DE   00           DB 0
   \   0003DF   00           DB 0
   \   0003E0   00           DB 0
   \   0003E1   00           DB 0
   \   0003E2   04           DB 4
   \   0003E3   02           DB 2
   \   0003E4   02           DB 2
   \   0003E5   02           DB 2
   \   0003E6   04           DB 4
   \   0003E7   00           DB 0
   \   0003E8   00           DB 0
   \   0003E9   00           DB 0
   \   0003EA   00           DB 0
   \   0003EB   00           DB 0
   \   0003EC   00           DB 0
   \   0003ED   00           DB 0
   \   0003EE   00           DB 0
   \   0003EF   00           DB 0
   \   0003F0   00           DB 0
   \   0003F1   00           DB 0
   \   0003F2   00           DB 0
   \   0003F3   00           DB 0
   \   0003F4   00           DB 0
   \   0003F5   00           DB 0
   \   0003F6   00           DB 0
   \   0003F7   00           DB 0
   \   0003F8   80           DB 128
   \   0003F9   80           DB 128
   \   0003FA   80           DB 128
   \   0003FB   80           DB 128
   \   0003FC   80           DB 128
   \   0003FD   80           DB 128
   \   0003FE   80           DB 128
   \   0003FF   80           DB 128
   \   000400   00           DB 0
   \   000401   02           DB 2
   \   000402   02           DB 2
   \   000403   04           DB 4
   \   000404   00           DB 0
   \   000405   00           DB 0
   \   000406   00           DB 0
   \   000407   00           DB 0
   \   000408   00           DB 0
   \   000409   00           DB 0
   \   00040A   00           DB 0
   \   00040B   00           DB 0
   \   00040C   00           DB 0
   \   00040D   00           DB 0
   \   00040E   00           DB 0
   \   00040F   00           DB 0
   \   000410   00           DB 0
   \   000411   00           DB 0
   \   000412   80           DB 128
   \   000413   80           DB 128
   \   000414   80           DB 128
   \   000415   80           DB 128
   \   000416   00           DB 0
   \   000417   00           DB 0
   \   000418   00           DB 0
   \   000419   19           DB 25
   \   00041A   24           DB 36
   \   00041B   22           DB 34
   \   00041C   22           DB 34
   \   00041D   22           DB 34
   \   00041E   3F           DB 63
   \   00041F   20           DB 32
   \   000420   08           DB 8
   \   000421   F8           DB 248
   \   000422   00           DB 0
   \   000423   80           DB 128
   \   000424   80           DB 128
   \   000425   00           DB 0
   \   000426   00           DB 0
   \   000427   00           DB 0
   \   000428   00           DB 0
   \   000429   3F           DB 63
   \   00042A   11           DB 17
   \   00042B   20           DB 32
   \   00042C   20           DB 32
   \   00042D   11           DB 17
   \   00042E   0E           DB 14
   \   00042F   00           DB 0
   \   000430   00           DB 0
   \   000431   00           DB 0
   \   000432   00           DB 0
   \   000433   80           DB 128
   \   000434   80           DB 128
   \   000435   80           DB 128
   \   000436   00           DB 0
   \   000437   00           DB 0
   \   000438   00           DB 0
   \   000439   0E           DB 14
   \   00043A   11           DB 17
   \   00043B   20           DB 32
   \   00043C   20           DB 32
   \   00043D   20           DB 32
   \   00043E   11           DB 17
   \   00043F   00           DB 0
   \   000440   00           DB 0
   \   000441   00           DB 0
   \   000442   00           DB 0
   \   000443   80           DB 128
   \   000444   80           DB 128
   \   000445   88           DB 136
   \   000446   F8           DB 248
   \   000447   00           DB 0
   \   000448   00           DB 0
   \   000449   0E           DB 14
   \   00044A   11           DB 17
   \   00044B   20           DB 32
   \   00044C   20           DB 32
   \   00044D   10           DB 16
   \   00044E   3F           DB 63
   \   00044F   20           DB 32
   \   000450   00           DB 0
   \   000451   00           DB 0
   \   000452   80           DB 128
   \   000453   80           DB 128
   \   000454   80           DB 128
   \   000455   80           DB 128
   \   000456   00           DB 0
   \   000457   00           DB 0
   \   000458   00           DB 0
   \   000459   1F           DB 31
   \   00045A   22           DB 34
   \   00045B   22           DB 34
   \   00045C   22           DB 34
   \   00045D   22           DB 34
   \   00045E   13           DB 19
   \   00045F   00           DB 0
   \   000460   00           DB 0
   \   000461   80           DB 128
   \   000462   80           DB 128
   \   000463   F0           DB 240
   \   000464   88           DB 136
   \   000465   88           DB 136
   \   000466   88           DB 136
   \   000467   18           DB 24
   \   000468   00           DB 0
   \   000469   20           DB 32
   \   00046A   20           DB 32
   \   00046B   3F           DB 63
   \   00046C   20           DB 32
   \   00046D   20           DB 32
   \   00046E   00           DB 0
   \   00046F   00           DB 0
   \   000470   00           DB 0
   \   000471   00           DB 0
   \   000472   80           DB 128
   \   000473   80           DB 128
   \   000474   80           DB 128
   \   000475   80           DB 128
   \   000476   80           DB 128
   \   000477   00           DB 0
   \   000478   00           DB 0
   \   000479   6B           DB 107
   \   00047A   94           DB 148
   \   00047B   94           DB 148
   \   00047C   94           DB 148
   \   00047D   93           DB 147
   \   00047E   60           DB 96
   \   00047F   00           DB 0
   \   000480   08           DB 8
   \   000481   F8           DB 248
   \   000482   00           DB 0
   \   000483   80           DB 128
   \   000484   80           DB 128
   \   000485   80           DB 128
   \   000486   00           DB 0
   \   000487   00           DB 0
   \   000488   20           DB 32
   \   000489   3F           DB 63
   \   00048A   21           DB 33
   \   00048B   00           DB 0
   \   00048C   00           DB 0
   \   00048D   20           DB 32
   \   00048E   3F           DB 63
   \   00048F   20           DB 32
   \   000490   00           DB 0
   \   000491   80           DB 128
   \   000492   98           DB 152
   \   000493   98           DB 152
   \   000494   00           DB 0
   \   000495   00           DB 0
   \   000496   00           DB 0
   \   000497   00           DB 0
   \   000498   00           DB 0
   \   000499   20           DB 32
   \   00049A   20           DB 32
   \   00049B   3F           DB 63
   \   00049C   20           DB 32
   \   00049D   20           DB 32
   \   00049E   00           DB 0
   \   00049F   00           DB 0
   \   0004A0   00           DB 0
   \   0004A1   00           DB 0
   \   0004A2   00           DB 0
   \   0004A3   80           DB 128
   \   0004A4   98           DB 152
   \   0004A5   98           DB 152
   \   0004A6   00           DB 0
   \   0004A7   00           DB 0
   \   0004A8   00           DB 0
   \   0004A9   C0           DB 192
   \   0004AA   80           DB 128
   \   0004AB   80           DB 128
   \   0004AC   80           DB 128
   \   0004AD   7F           DB 127
   \   0004AE   00           DB 0
   \   0004AF   00           DB 0
   \   0004B0   08           DB 8
   \   0004B1   F8           DB 248
   \   0004B2   00           DB 0
   \   0004B3   00           DB 0
   \   0004B4   80           DB 128
   \   0004B5   80           DB 128
   \   0004B6   80           DB 128
   \   0004B7   00           DB 0
   \   0004B8   20           DB 32
   \   0004B9   3F           DB 63
   \   0004BA   24           DB 36
   \   0004BB   02           DB 2
   \   0004BC   2D           DB 45
   \   0004BD   30           DB 48
   \   0004BE   20           DB 32
   \   0004BF   00           DB 0
   \   0004C0   00           DB 0
   \   0004C1   08           DB 8
   \   0004C2   08           DB 8
   \   0004C3   F8           DB 248
   \   0004C4   00           DB 0
   \   0004C5   00           DB 0
   \   0004C6   00           DB 0
   \   0004C7   00           DB 0
   \   0004C8   00           DB 0
   \   0004C9   20           DB 32
   \   0004CA   20           DB 32
   \   0004CB   3F           DB 63
   \   0004CC   20           DB 32
   \   0004CD   20           DB 32
   \   0004CE   00           DB 0
   \   0004CF   00           DB 0
   \   0004D0   80           DB 128
   \   0004D1   80           DB 128
   \   0004D2   80           DB 128
   \   0004D3   80           DB 128
   \   0004D4   80           DB 128
   \   0004D5   80           DB 128
   \   0004D6   80           DB 128
   \   0004D7   00           DB 0
   \   0004D8   20           DB 32
   \   0004D9   3F           DB 63
   \   0004DA   20           DB 32
   \   0004DB   00           DB 0
   \   0004DC   3F           DB 63
   \   0004DD   20           DB 32
   \   0004DE   00           DB 0
   \   0004DF   3F           DB 63
   \   0004E0   80           DB 128
   \   0004E1   80           DB 128
   \   0004E2   00           DB 0
   \   0004E3   80           DB 128
   \   0004E4   80           DB 128
   \   0004E5   80           DB 128
   \   0004E6   00           DB 0
   \   0004E7   00           DB 0
   \   0004E8   20           DB 32
   \   0004E9   3F           DB 63
   \   0004EA   21           DB 33
   \   0004EB   00           DB 0
   \   0004EC   00           DB 0
   \   0004ED   20           DB 32
   \   0004EE   3F           DB 63
   \   0004EF   20           DB 32
   \   0004F0   00           DB 0
   \   0004F1   00           DB 0
   \   0004F2   80           DB 128
   \   0004F3   80           DB 128
   \   0004F4   80           DB 128
   \   0004F5   80           DB 128
   \   0004F6   00           DB 0
   \   0004F7   00           DB 0
   \   0004F8   00           DB 0
   \   0004F9   1F           DB 31
   \   0004FA   20           DB 32
   \   0004FB   20           DB 32
   \   0004FC   20           DB 32
   \   0004FD   20           DB 32
   \   0004FE   1F           DB 31
   \   0004FF   00           DB 0
   \   000500   80           DB 128
   \   000501   80           DB 128
   \   000502   00           DB 0
   \   000503   80           DB 128
   \   000504   80           DB 128
   \   000505   00           DB 0
   \   000506   00           DB 0
   \   000507   00           DB 0
   \   000508   80           DB 128
   \   000509   FF           DB 255
   \   00050A   A1           DB 161
   \   00050B   20           DB 32
   \   00050C   20           DB 32
   \   00050D   11           DB 17
   \   00050E   0E           DB 14
   \   00050F   00           DB 0
   \   000510   00           DB 0
   \   000511   00           DB 0
   \   000512   00           DB 0
   \   000513   80           DB 128
   \   000514   80           DB 128
   \   000515   80           DB 128
   \   000516   80           DB 128
   \   000517   00           DB 0
   \   000518   00           DB 0
   \   000519   0E           DB 14
   \   00051A   11           DB 17
   \   00051B   20           DB 32
   \   00051C   20           DB 32
   \   00051D   A0           DB 160
   \   00051E   FF           DB 255
   \   00051F   80           DB 128
   \   000520   80           DB 128
   \   000521   80           DB 128
   \   000522   80           DB 128
   \   000523   00           DB 0
   \   000524   80           DB 128
   \   000525   80           DB 128
   \   000526   80           DB 128
   \   000527   00           DB 0
   \   000528   20           DB 32
   \   000529   20           DB 32
   \   00052A   3F           DB 63
   \   00052B   21           DB 33
   \   00052C   20           DB 32
   \   00052D   00           DB 0
   \   00052E   01           DB 1
   \   00052F   00           DB 0
   \   000530   00           DB 0
   \   000531   00           DB 0
   \   000532   80           DB 128
   \   000533   80           DB 128
   \   000534   80           DB 128
   \   000535   80           DB 128
   \   000536   80           DB 128
   \   000537   00           DB 0
   \   000538   00           DB 0
   \   000539   33           DB 51
   \   00053A   24           DB 36
   \   00053B   24           DB 36
   \   00053C   24           DB 36
   \   00053D   24           DB 36
   \   00053E   19           DB 25
   \   00053F   00           DB 0
   \   000540   00           DB 0
   \   000541   80           DB 128
   \   000542   80           DB 128
   \   000543   E0           DB 224
   \   000544   80           DB 128
   \   000545   80           DB 128
   \   000546   00           DB 0
   \   000547   00           DB 0
   \   000548   00           DB 0
   \   000549   00           DB 0
   \   00054A   00           DB 0
   \   00054B   1F           DB 31
   \   00054C   20           DB 32
   \   00054D   20           DB 32
   \   00054E   00           DB 0
   \   00054F   00           DB 0
   \   000550   80           DB 128
   \   000551   80           DB 128
   \   000552   00           DB 0
   \   000553   00           DB 0
   \   000554   00           DB 0
   \   000555   80           DB 128
   \   000556   80           DB 128
   \   000557   00           DB 0
   \   000558   00           DB 0
   \   000559   1F           DB 31
   \   00055A   20           DB 32
   \   00055B   20           DB 32
   \   00055C   20           DB 32
   \   00055D   10           DB 16
   \   00055E   3F           DB 63
   \   00055F   20           DB 32
   \   000560   80           DB 128
   \   000561   80           DB 128
   \   000562   80           DB 128
   \   000563   00           DB 0
   \   000564   00           DB 0
   \   000565   80           DB 128
   \   000566   80           DB 128
   \   000567   80           DB 128
   \   000568   00           DB 0
   \   000569   01           DB 1
   \   00056A   0E           DB 14
   \   00056B   30           DB 48
   \   00056C   08           DB 8
   \   00056D   06           DB 6
   \   00056E   01           DB 1
   \   00056F   00           DB 0
   \   000570   80           DB 128
   \   000571   80           DB 128
   \   000572   00           DB 0
   \   000573   80           DB 128
   \   000574   00           DB 0
   \   000575   80           DB 128
   \   000576   80           DB 128
   \   000577   80           DB 128
   \   000578   0F           DB 15
   \   000579   30           DB 48
   \   00057A   0C           DB 12
   \   00057B   03           DB 3
   \   00057C   0C           DB 12
   \   00057D   30           DB 48
   \   00057E   0F           DB 15
   \   00057F   00           DB 0
   \   000580   00           DB 0
   \   000581   80           DB 128
   \   000582   80           DB 128
   \   000583   00           DB 0
   \   000584   80           DB 128
   \   000585   80           DB 128
   \   000586   80           DB 128
   \   000587   00           DB 0
   \   000588   00           DB 0
   \   000589   20           DB 32
   \   00058A   31           DB 49
   \   00058B   2E           DB 46
   \   00058C   0E           DB 14
   \   00058D   31           DB 49
   \   00058E   20           DB 32
   \   00058F   00           DB 0
   \   000590   80           DB 128
   \   000591   80           DB 128
   \   000592   80           DB 128
   \   000593   00           DB 0
   \   000594   00           DB 0
   \   000595   80           DB 128
   \   000596   80           DB 128
   \   000597   80           DB 128
   \   000598   80           DB 128
   \   000599   81           DB 129
   \   00059A   8E           DB 142
   \   00059B   70           DB 112
   \   00059C   18           DB 24
   \   00059D   06           DB 6
   \   00059E   01           DB 1
   \   00059F   00           DB 0
   \   0005A0   00           DB 0
   \   0005A1   80           DB 128
   \   0005A2   80           DB 128
   \   0005A3   80           DB 128
   \   0005A4   80           DB 128
   \   0005A5   80           DB 128
   \   0005A6   80           DB 128
   \   0005A7   00           DB 0
   \   0005A8   00           DB 0
   \   0005A9   21           DB 33
   \   0005AA   30           DB 48
   \   0005AB   2C           DB 44
   \   0005AC   22           DB 34
   \   0005AD   21           DB 33
   \   0005AE   30           DB 48
   \   0005AF   00           DB 0
   \   0005B0   00           DB 0
   \   0005B1   00           DB 0
   \   0005B2   00           DB 0
   \   0005B3   00           DB 0
   \   0005B4   80           DB 128
   \   0005B5   7C           DB 124
   \   0005B6   02           DB 2
   \   0005B7   02           DB 2
   \   0005B8   00           DB 0
   \   0005B9   00           DB 0
   \   0005BA   00           DB 0
   \   0005BB   00           DB 0
   \   0005BC   00           DB 0
   \   0005BD   3F           DB 63
   \   0005BE   40           DB 64
   \   0005BF   40           DB 64
   \   0005C0   00           DB 0
   \   0005C1   00           DB 0
   \   0005C2   00           DB 0
   \   0005C3   00           DB 0
   \   0005C4   FF           DB 255
   \   0005C5   00           DB 0
   \   0005C6   00           DB 0
   \   0005C7   00           DB 0
   \   0005C8   00           DB 0
   \   0005C9   00           DB 0
   \   0005CA   00           DB 0
   \   0005CB   00           DB 0
   \   0005CC   FF           DB 255
   \   0005CD   00           DB 0
   \   0005CE   00           DB 0
   \   0005CF   00           DB 0
   \   0005D0   00           DB 0
   \   0005D1   02           DB 2
   \   0005D2   02           DB 2
   \   0005D3   7C           DB 124
   \   0005D4   80           DB 128
   \   0005D5   00           DB 0
   \   0005D6   00           DB 0
   \   0005D7   00           DB 0
   \   0005D8   00           DB 0
   \   0005D9   40           DB 64
   \   0005DA   40           DB 64
   \   0005DB   3F           DB 63
   \   0005DC   00           DB 0
   \   0005DD   00           DB 0
   \   0005DE   00           DB 0
   \   0005DF   00           DB 0
   \   0005E0   00           DB 0
   \   0005E1   06           DB 6
   \   0005E2   01           DB 1
   \   0005E3   01           DB 1
   \   0005E4   02           DB 2
   \   0005E5   02           DB 2
   \   0005E6   04           DB 4
   \   0005E7   04           DB 4
   \   0005E8   00           DB 0
   \   0005E9   00           DB 0
   \   0005EA   00           DB 0
   \   0005EB   00           DB 0
   \   0005EC   00           DB 0
   \   0005ED   00           DB 0
   \   0005EE   00           DB 0
   \   0005EF   00           DB 0
      8          {
      9          	//ASCII 32 = ' '
     10          	0x00,0x00,0x00,0x00,0x00,0x00,0x00,0x00,0x00,0x00,0x00,0x00,0x00,0x00,0x00,0x00,
     11          	//ASCII 33 = '!'
     12          	0x00,0x00,0x00,0xF8,0x00,0x00,0x00,0x00,0x00,0x00,0x00,0x33,0x30,0x00,0x00,0x00,
     13          	//ASCII 34 = '\"'
     14          	0x00,0x10,0x0C,0x06,0x10,0x0C,0x06,0x00,0x00,0x00,0x00,0x00,0x00,0x00,0x00,0x00,
     15          	//ASCII 35 = '#'
     16          	0x40,0xC0,0x78,0x40,0xC0,0x78,0x40,0x00,0x04,0x3F,0x04,0x04,0x3F,0x04,0x04,0x00,
     17          	//ASCII 36 = '$'
     18          	0x00,0x70,0x88,0xFC,0x08,0x30,0x00,0x00,0x00,0x18,0x20,0xFF,0x21,0x1E,0x00,0x00,
     19          	//ASCII 37 = '%'
     20          	0xF0,0x08,0xF0,0x00,0xE0,0x18,0x00,0x00,0x00,0x21,0x1C,0x03,0x1E,0x21,0x1E,0x00,
     21          	//ASCII 38 = '&'
     22          	0x00,0xF0,0x08,0x88,0x70,0x00,0x00,0x00,0x1E,0x21,0x23,0x24,0x19,0x27,0x21,0x10,
     23          	//ASCII 39 = '\''
     24          	0x10,0x16,0x0E,0x00,0x00,0x00,0x00,0x00,0x00,0x00,0x00,0x00,0x00,0x00,0x00,0x00,
     25          	//ASCII 40 = '('
     26          	0x00,0x00,0x00,0xE0,0x18,0x04,0x02,0x00,0x00,0x00,0x00,0x07,0x18,0x20,0x40,0x00,
     27          	//ASCII 41 = ')'
     28          	0x00,0x02,0x04,0x18,0xE0,0x00,0x00,0x00,0x00,0x40,0x20,0x18,0x07,0x00,0x00,0x00,
     29          	//ASCII 42 = '*'
     30          	0x40,0x40,0x80,0xF0,0x80,0x40,0x40,0x00,0x02,0x02,0x01,0x0F,0x01,0x02,0x02,0x00,
     31          	//ASCII 43 = '+'
     32          	0x00,0x00,0x00,0xF0,0x00,0x00,0x00,0x00,0x01,0x01,0x01,0x1F,0x01,0x01,0x01,0x00,
     33          	//ASCII 44 = ','
     34          	0x00,0x00,0x00,0x00,0x00,0x00,0x00,0x00,0x80,0xB0,0x70,0x00,0x00,0x00,0x00,0x00,
     35          	//ASCII 45 = '-'
     36          	0x00,0x00,0x00,0x00,0x00,0x00,0x00,0x00,0x00,0x01,0x01,0x01,0x01,0x01,0x01,0x01,
     37          	//ASCII 46 = '.'
     38          	0x00,0x00,0x00,0x00,0x00,0x00,0x00,0x00,0x00,0x30,0x30,0x00,0x00,0x00,0x00,0x00,
     39          	//ASCII 47 = '/'
     40          	0x00,0x00,0x00,0x00,0x80,0x60,0x18,0x04,0x00,0x60,0x18,0x06,0x01,0x00,0x00,0x00,
     41          	//ASCII 48 = '0'
     42          	0x00,0xE0,0x10,0x08,0x08,0x10,0xE0,0x00,0x00,0x0F,0x10,0x20,0x20,0x10,0x0F,0x00,
     43          	//ASCII 49 = '1'
     44          	0x00,0x10,0x10,0xF8,0x00,0x00,0x00,0x00,0x00,0x20,0x20,0x3F,0x20,0x20,0x00,0x00,
     45          	//ASCII 50 = '2'
     46          	0x00,0x70,0x08,0x08,0x08,0x88,0x70,0x00,0x00,0x30,0x28,0x24,0x22,0x21,0x30,0x00,
     47          	//ASCII 51 = '3'
     48          	0x00,0x30,0x08,0x88,0x88,0x48,0x30,0x00,0x00,0x18,0x20,0x20,0x20,0x11,0x0E,0x00,
     49          	//ASCII 52 = '4'
     50          	0x00,0x00,0xC0,0x20,0x10,0xF8,0x00,0x00,0x00,0x07,0x04,0x24,0x24,0x3F,0x24,0x00,
     51          	//ASCII 53 = '5'
     52          	0x00,0xF8,0x08,0x88,0x88,0x08,0x08,0x00,0x00,0x19,0x21,0x20,0x20,0x11,0x0E,0x00,
     53          	//ASCII 54 = '6'
     54          	0x00,0xE0,0x10,0x88,0x88,0x18,0x00,0x00,0x00,0x0F,0x11,0x20,0x20,0x11,0x0E,0x00,
     55          	//ASCII 55 = '7'
     56          	0x00,0x38,0x08,0x08,0xC8,0x38,0x08,0x00,0x00,0x00,0x00,0x3F,0x00,0x00,0x00,0x00,
     57          	//ASCII 56 = '8'
     58          	0x00,0x70,0x88,0x08,0x08,0x88,0x70,0x00,0x00,0x1C,0x22,0x21,0x21,0x22,0x1C,0x00,
     59          	//ASCII 57 = '9'
     60          	0x00,0xE0,0x10,0x08,0x08,0x10,0xE0,0x00,0x00,0x00,0x31,0x22,0x22,0x11,0x0F,0x00,
     61          	//ASCII 58 = ':'
     62          	0x00,0x00,0x00,0xC0,0xC0,0x00,0x00,0x00,0x00,0x00,0x00,0x30,0x30,0x00,0x00,0x00,
     63          	//ASCII 59 = ';'
     64          	0x00,0x00,0x00,0x80,0x00,0x00,0x00,0x00,0x00,0x00,0x80,0x60,0x00,0x00,0x00,0x00,
     65          	//ASCII 60 = '<'
     66          	0x00,0x00,0x80,0x40,0x20,0x10,0x08,0x00,0x00,0x01,0x02,0x04,0x08,0x10,0x20,0x00,
     67          	//ASCII 61 = '='
     68          	0x40,0x40,0x40,0x40,0x40,0x40,0x40,0x00,0x04,0x04,0x04,0x04,0x04,0x04,0x04,0x00,
     69          	//ASCII 62 = '>'
     70          	0x00,0x08,0x10,0x20,0x40,0x80,0x00,0x00,0x00,0x20,0x10,0x08,0x04,0x02,0x01,0x00,
     71          	//ASCII 63 = '?'
     72          	0x00,0x70,0x48,0x08,0x08,0x08,0xF0,0x00,0x00,0x00,0x00,0x30,0x36,0x01,0x00,0x00,
     73          	//ASCII 64 = '@'
     74          	0xC0,0x30,0xC8,0x28,0xE8,0x10,0xE0,0x00,0x07,0x18,0x27,0x24,0x23,0x14,0x0B,0x00,
     75          	//ASCII 65 = 'A'
     76          	0x00,0x00,0xC0,0x38,0xE0,0x00,0x00,0x00,0x20,0x3C,0x23,0x02,0x02,0x27,0x38,0x20,
     77          	//ASCII 66 = 'B'
     78          	0x08,0xF8,0x88,0x88,0x88,0x70,0x00,0x00,0x20,0x3F,0x20,0x20,0x20,0x11,0x0E,0x00,
     79          	//ASCII 67 = 'C'
     80          	0xC0,0x30,0x08,0x08,0x08,0x08,0x38,0x00,0x07,0x18,0x20,0x20,0x20,0x10,0x08,0x00,
     81          	//ASCII 68 = 'D'
     82          	0x08,0xF8,0x08,0x08,0x08,0x10,0xE0,0x00,0x20,0x3F,0x20,0x20,0x20,0x10,0x0F,0x00,
     83          	//ASCII 69 = 'E'
     84          	0x08,0xF8,0x88,0x88,0xE8,0x08,0x10,0x00,0x20,0x3F,0x20,0x20,0x23,0x20,0x18,0x00,
     85          	//ASCII 70 = 'F'
     86          	0x08,0xF8,0x88,0x88,0xE8,0x08,0x10,0x00,0x20,0x3F,0x20,0x00,0x03,0x00,0x00,0x00,
     87          	//ASCII 71 = 'G'
     88          	0xC0,0x30,0x08,0x08,0x08,0x38,0x00,0x00,0x07,0x18,0x20,0x20,0x22,0x1E,0x02,0x00,
     89          	//ASCII 72 = 'H'
     90          	0x08,0xF8,0x08,0x00,0x00,0x08,0xF8,0x08,0x20,0x3F,0x21,0x01,0x01,0x21,0x3F,0x20,
     91          	//ASCII 73 = 'I'
     92          	0x00,0x08,0x08,0xF8,0x08,0x08,0x00,0x00,0x00,0x20,0x20,0x3F,0x20,0x20,0x00,0x00,
     93          	//ASCII 74 = 'J'
     94          	0x00,0x00,0x08,0x08,0xF8,0x08,0x08,0x00,0xC0,0x80,0x80,0x80,0x7F,0x00,0x00,0x00,
     95          	//ASCII 75 = 'K'
     96          	0x08,0xF8,0x88,0xC0,0x28,0x18,0x08,0x00,0x20,0x3F,0x20,0x01,0x26,0x38,0x20,0x00,
     97          	//ASCII 76 = 'L'
     98          	0x08,0xF8,0x08,0x00,0x00,0x00,0x00,0x00,0x20,0x3F,0x20,0x20,0x20,0x20,0x30,0x00,
     99          	//ASCII 77 = 'M'
    100          	0x08,0xF8,0xF8,0x00,0xF8,0xF8,0x08,0x00,0x20,0x3F,0x00,0x3F,0x00,0x3F,0x20,0x00,
    101          	//ASCII 78 = 'N'
    102          	0x08,0xF8,0x30,0xC0,0x00,0x08,0xF8,0x08,0x20,0x3F,0x20,0x00,0x07,0x18,0x3F,0x00,
    103          	//ASCII 79 = 'O'
    104          	0xE0,0x10,0x08,0x08,0x08,0x10,0xE0,0x00,0x0F,0x10,0x20,0x20,0x20,0x10,0x0F,0x00,
    105          	//ASCII 80 = 'P'
    106          	0x08,0xF8,0x08,0x08,0x08,0x08,0xF0,0x00,0x20,0x3F,0x21,0x01,0x01,0x01,0x00,0x00,
    107          	//ASCII 81 = 'Q'
    108          	0xE0,0x10,0x08,0x08,0x08,0x10,0xE0,0x00,0x0F,0x18,0x24,0x24,0x38,0x50,0x4F,0x00,
    109          	//ASCII 82 = 'R'
    110          	0x08,0xF8,0x88,0x88,0x88,0x88,0x70,0x00,0x20,0x3F,0x20,0x00,0x03,0x0C,0x30,0x20,
    111          	//ASCII 83 = 'S'
    112          	0x00,0x70,0x88,0x08,0x08,0x08,0x38,0x00,0x00,0x38,0x20,0x21,0x21,0x22,0x1C,0x00,
    113          	//ASCII 84 = 'T'
    114          	0x18,0x08,0x08,0xF8,0x08,0x08,0x18,0x00,0x00,0x00,0x20,0x3F,0x20,0x00,0x00,0x00,
    115          	//ASCII 85 = 'U'
    116          	0x08,0xF8,0x08,0x00,0x00,0x08,0xF8,0x08,0x00,0x1F,0x20,0x20,0x20,0x20,0x1F,0x00,
    117          	//ASCII 86 = 'V'
    118          	0x08,0x78,0x88,0x00,0x00,0xC8,0x38,0x08,0x00,0x00,0x07,0x38,0x0E,0x01,0x00,0x00,
    119          	//ASCII 87 = 'W'
    120          	0xF8,0x08,0x00,0xF8,0x00,0x08,0xF8,0x00,0x03,0x3C,0x07,0x00,0x07,0x3C,0x03,0x00,
    121          	//ASCII 88 = 'X'
    122          	0x08,0x18,0x68,0x80,0x80,0x68,0x18,0x08,0x20,0x30,0x2C,0x03,0x03,0x2C,0x30,0x20,
    123          	//ASCII 89 = 'Y'
    124          	0x08,0x38,0xC8,0x00,0xC8,0x38,0x08,0x00,0x00,0x00,0x20,0x3F,0x20,0x00,0x00,0x00,
    125          	//ASCII 90 = 'Z'
    126          	0x10,0x08,0x08,0x08,0xC8,0x38,0x08,0x00,0x20,0x38,0x26,0x21,0x20,0x20,0x18,0x00,
    127          	//ASCII 91 = '['
    128          	0x00,0x00,0x00,0xFE,0x02,0x02,0x02,0x00,0x00,0x00,0x00,0x7F,0x40,0x40,0x40,0x00,
    129          	//ASCII 92 = '\\'
    130          	0x00,0x0C,0x30,0xC0,0x00,0x00,0x00,0x00,0x00,0x00,0x00,0x01,0x06,0x38,0xC0,0x00,
    131          	//ASCII 93 = ']'
    132          	0x00,0x02,0x02,0x02,0xFE,0x00,0x00,0x00,0x00,0x40,0x40,0x40,0x7F,0x00,0x00,0x00,
    133          	//ASCII 94 = '^'
    134          	0x00,0x00,0x04,0x02,0x02,0x02,0x04,0x00,0x00,0x00,0x00,0x00,0x00,0x00,0x00,0x00,
    135          	//ASCII 95 = '_'
    136          	0x00,0x00,0x00,0x00,0x00,0x00,0x00,0x00,0x80,0x80,0x80,0x80,0x80,0x80,0x80,0x80,
    137          	//ASCII 96 = '`'
    138          	0x00,0x02,0x02,0x04,0x00,0x00,0x00,0x00,0x00,0x00,0x00,0x00,0x00,0x00,0x00,0x00,
    139          	//ASCII 97 = 'a'
    140          	0x00,0x00,0x80,0x80,0x80,0x80,0x00,0x00,0x00,0x19,0x24,0x22,0x22,0x22,0x3F,0x20,
    141          	//ASCII 98 = 'b'
    142          	0x08,0xF8,0x00,0x80,0x80,0x00,0x00,0x00,0x00,0x3F,0x11,0x20,0x20,0x11,0x0E,0x00,
    143          	//ASCII 99 = 'c'
    144          	0x00,0x00,0x00,0x80,0x80,0x80,0x00,0x00,0x00,0x0E,0x11,0x20,0x20,0x20,0x11,0x00,
    145          	//ASCII 100 = 'd'
    146          	0x00,0x00,0x00,0x80,0x80,0x88,0xF8,0x00,0x00,0x0E,0x11,0x20,0x20,0x10,0x3F,0x20,
    147          	//ASCII 101 = 'e'
    148          	0x00,0x00,0x80,0x80,0x80,0x80,0x00,0x00,0x00,0x1F,0x22,0x22,0x22,0x22,0x13,0x00,
    149          	//ASCII 102 = 'f'
    150          	0x00,0x80,0x80,0xF0,0x88,0x88,0x88,0x18,0x00,0x20,0x20,0x3F,0x20,0x20,0x00,0x00,
    151          	//ASCII 103 = 'g'
    152          	0x00,0x00,0x80,0x80,0x80,0x80,0x80,0x00,0x00,0x6B,0x94,0x94,0x94,0x93,0x60,0x00,
    153          	//ASCII 104 = 'h'
    154          	0x08,0xF8,0x00,0x80,0x80,0x80,0x00,0x00,0x20,0x3F,0x21,0x00,0x00,0x20,0x3F,0x20,
    155          	//ASCII 105 = 'i'
    156          	0x00,0x80,0x98,0x98,0x00,0x00,0x00,0x00,0x00,0x20,0x20,0x3F,0x20,0x20,0x00,0x00,
    157          	//ASCII 106 = 'j'
    158          	0x00,0x00,0x00,0x80,0x98,0x98,0x00,0x00,0x00,0xC0,0x80,0x80,0x80,0x7F,0x00,0x00,
    159          	//ASCII 106 = 'k'
    160          	0x08,0xF8,0x00,0x00,0x80,0x80,0x80,0x00,0x20,0x3F,0x24,0x02,0x2D,0x30,0x20,0x00,
    161          	//ASCII 108 = 'l'
    162          	0x00,0x08,0x08,0xF8,0x00,0x00,0x00,0x00,0x00,0x20,0x20,0x3F,0x20,0x20,0x00,0x00,
    163          	//ASCII 109 = 'm'
    164          	0x80,0x80,0x80,0x80,0x80,0x80,0x80,0x00,0x20,0x3F,0x20,0x00,0x3F,0x20,0x00,0x3F,
    165          	//ASCII 110 = 'n'
    166          	0x80,0x80,0x00,0x80,0x80,0x80,0x00,0x00,0x20,0x3F,0x21,0x00,0x00,0x20,0x3F,0x20,
    167          	//ASCII 111 = 'o'
    168          	0x00,0x00,0x80,0x80,0x80,0x80,0x00,0x00,0x00,0x1F,0x20,0x20,0x20,0x20,0x1F,0x00,
    169          	//ASCII 112 = 'p'
    170          	0x80,0x80,0x00,0x80,0x80,0x00,0x00,0x00,0x80,0xFF,0xA1,0x20,0x20,0x11,0x0E,0x00,
    171          	//ASCII 113 = 'q'
    172          	0x00,0x00,0x00,0x80,0x80,0x80,0x80,0x00,0x00,0x0E,0x11,0x20,0x20,0xA0,0xFF,0x80,
    173          	//ASCII 114 = 'r'
    174          	0x80,0x80,0x80,0x00,0x80,0x80,0x80,0x00,0x20,0x20,0x3F,0x21,0x20,0x00,0x01,0x00,
    175          	//ASCII 115 = 's'
    176          	0x00,0x00,0x80,0x80,0x80,0x80,0x80,0x00,0x00,0x33,0x24,0x24,0x24,0x24,0x19,0x00,
    177          	//ASCII 116 = 't'
    178          	0x00,0x80,0x80,0xE0,0x80,0x80,0x00,0x00,0x00,0x00,0x00,0x1F,0x20,0x20,0x00,0x00,
    179          	//ASCII 117 = 'u'
    180          	0x80,0x80,0x00,0x00,0x00,0x80,0x80,0x00,0x00,0x1F,0x20,0x20,0x20,0x10,0x3F,0x20,
    181          	//ASCII 118 = 'v'
    182          	0x80,0x80,0x80,0x00,0x00,0x80,0x80,0x80,0x00,0x01,0x0E,0x30,0x08,0x06,0x01,0x00,
    183          	//ASCII 119 = 'w'
    184          	0x80,0x80,0x00,0x80,0x00,0x80,0x80,0x80,0x0F,0x30,0x0C,0x03,0x0C,0x30,0x0F,0x00,
    185          	//ASCII 120 = 'x'
    186          	0x00,0x80,0x80,0x00,0x80,0x80,0x80,0x00,0x00,0x20,0x31,0x2E,0x0E,0x31,0x20,0x00,
    187          	//ASCII 121 = 'y'
    188          	0x80,0x80,0x80,0x00,0x00,0x80,0x80,0x80,0x80,0x81,0x8E,0x70,0x18,0x06,0x01,0x00,
    189          	//ASCII 122 = 'z'
    190          	0x00,0x80,0x80,0x80,0x80,0x80,0x80,0x00,0x00,0x21,0x30,0x2C,0x22,0x21,0x30,0x00,
    191          	//ASCII 123 = '{'
    192          	0x00,0x00,0x00,0x00,0x80,0x7C,0x02,0x02,0x00,0x00,0x00,0x00,0x00,0x3F,0x40,0x40,
    193          	//ASCII 124 = '|'
    194          	0x00,0x00,0x00,0x00,0xFF,0x00,0x00,0x00,0x00,0x00,0x00,0x00,0xFF,0x00,0x00,0x00,
    195          	//ASCII 125 = '}'
    196          	0x00,0x02,0x02,0x7C,0x80,0x00,0x00,0x00,0x00,0x40,0x40,0x3F,0x00,0x00,0x00,0x00,
    197          	//ASCII 126 = '~'
    198          	0x00,0x06,0x01,0x01,0x02,0x02,0x04,0x04,0x00,0x00,0x00,0x00,0x00,0x00,0x00,0x00
    199          };
    200          


   Segment part sizes:

   Bytes  Function/Label
   -----  --------------
    1520  Font8X8

 
 1 520 bytes in segment CODE_C
 
 1 520 bytes of CODE memory

Errors: none
Warnings: none
